2024-05-08 18:31:53.136 [info] Added views:workbench.panel.markers.view in workbench.panel.markers
2024-05-08 18:31:53.136 [info] Added views:workbench.panel.output in workbench.panel.output
2024-05-08 18:31:53.136 [info] Added views:terminal in terminal
2024-05-08 18:31:53.136 [info] Added views:outline in workbench.view.explorer
2024-05-08 18:31:53.136 [info] Added views:workbench.scm in workbench.view.scm
2024-05-08 18:31:53.136 [info] Added views:workbench.view.search in workbench.view.search
2024-05-08 18:31:53.136 [info] Added views:timeline in workbench.view.explorer
2024-05-08 18:31:53.136 [info] Added views:workbench.explorer.fileView in workbench.view.explorer
2024-05-08 18:31:53.314 [info] Added views:workbench.debug.welcome in workbench.view.debug
2024-05-08 18:31:53.505 [info] Added views:devdb in workbench.view.extension.devdb-container
2024-05-08 18:31:53.669 [info] Added views:workbench.panel.repl.view in workbench.panel.repl
2024-05-08 18:31:55.342 [info] Added views:~remote.forwardedPorts in ~remote.forwardedPortsContainer
2024-05-08 18:32:13.808 [info] Added views:Connections in workbench.view.extension.databaseExplorer
2024-05-08 18:32:53.005 [info] Added views:Table in workbench.view.extension.databaseExplorer
2024-05-08 18:33:48.194 [info] Removed views:Connections from workbench.view.extension.databaseExplorer
2024-05-08 18:33:50.323 [info] Showing view Connections in the container workbench.view.extension.databaseExplorer
2024-05-08 18:33:50.337 [info] Added views:Connections in workbench.view.extension.databaseExplorer
2024-05-08 18:33:51.957 [info] Added views:workbench.views.extensions.installed,workbench.views.extensions.popular,extensions.recommendedList in workbench.view.extensions
2024-05-08 18:33:51.964 [info] Removed views:workbench.views.extensions.popular from workbench.view.extensions
2024-05-08 18:33:53.565 [info] Removed views:extensions.recommendedList,workbench.views.extensions.installed from workbench.view.extensions
2024-05-08 18:33:53.569 [info] Added views:workbench.views.extensions.marketplace in workbench.view.extensions
2024-05-08 18:33:54.273 [info] Removed views:workbench.views.extensions.marketplace from workbench.view.extensions
2024-05-08 18:33:54.279 [info] Added views:workbench.views.extensions.installed,extensions.recommendedList in workbench.view.extensions
2024-05-08 18:33:57.551 [info] Removed views:extensions.recommendedList,workbench.views.extensions.installed from workbench.view.extensions
2024-05-08 18:33:57.555 [info] Added views:workbench.views.extensions.marketplace in workbench.view.extensions
2024-05-08 18:34:55.338 [info] Added views:mysql in workbench.view.explorer
2024-05-08 18:35:10.849 [info] Removed views:workbench.views.extensions.marketplace from workbench.view.extensions
2024-05-08 18:35:10.858 [info] Added views:workbench.views.extensions.installed,extensions.recommendedList in workbench.view.extensions
