Initializing document watcher...
laravel8-api-auth-jwt/app/Models/User.php: {"insertSpaces":true,"tabSize":4}
laravel8-api-auth-jwt/app/Models/User.php: Using EditorConfig core...
app/Models/User.php: editor.action.trimTrailingWhitespace
laravel8-api-auth-jwt/app/Models/User.php: {"insertSpaces":true,"tabSize":4}
laravel8-api-auth-jwt/app/Models/User.php: Using EditorConfig core...
app/Models/User.php: editor.action.trimTrailingWhitespace
laravel8-api-auth-jwt/app/Models/User.php: {"insertSpaces":true,"tabSize":4}
laravel8-api-auth-jwt/app/Models/User.php: {"insertSpaces":true,"tabSize":4}
laravel8-api-auth-jwt/app/Models/User.php: Using EditorConfig core...
app/Models/User.php: editor.action.trimTrailingWhitespace
laravel8-api-auth-jwt/app/Models/User.php: Using EditorConfig core...
app/Models/User.php: editor.action.trimTrailingWhitespace
laravel8-api-auth-jwt/app/Models/User.php: Using EditorConfig core...
app/Models/User.php: editor.action.trimTrailingWhitespace
laravel8-api-auth-jwt/app/Models/User.php: Using EditorConfig core...
app/Models/User.php: editor.action.trimTrailingWhitespace
laravel8-api-auth-jwt/app/Models/User.php: Using EditorConfig core...
app/Models/User.php: editor.action.trimTrailingWhitespace
laravel8-api-auth-jwt/app/Models/User.php: {"insertSpaces":true,"tabSize":4}
laravel8-api-auth-jwt/app/Models/User.php: Using EditorConfig core...
app/Models/User.php: editor.action.trimTrailingWhitespace
laravel8-api-auth-jwt/app/Models/User.php: Using EditorConfig core...
app/Models/User.php: editor.action.trimTrailingWhitespace
laravel8-api-auth-jwt/app/Models/User.php: {"insertSpaces":true,"tabSize":4}
laravel8-api-auth-jwt/app/Http/Controllers/Controller.php: {"insertSpaces":true,"tabSize":4}
laravel8-api-auth-jwt/app/Http/Controllers/AuthController.php: {"insertSpaces":true,"tabSize":4}
laravel8-api-auth-jwt/app/Http/Controllers/AuthController.php: {"insertSpaces":true,"tabSize":4}
laravel8-api-auth-jwt/app/Http/Controllers/AuthController.php: {"insertSpaces":true,"tabSize":4}
laravel8-api-auth-jwt/app/Http/Controllers/AuthController.php: Using EditorConfig core...
app/Http/Controllers/AuthController.php: editor.action.trimTrailingWhitespace
laravel8-api-auth-jwt/app/Http/Controllers/AuthController.php: Using EditorConfig core...
app/Http/Controllers/AuthController.php: editor.action.trimTrailingWhitespace
laravel8-api-auth-jwt/app/Http/Controllers/AuthController.php: Using EditorConfig core...
app/Http/Controllers/AuthController.php: editor.action.trimTrailingWhitespace
laravel8-api-auth-jwt/app/Http/Controllers/AuthController.php: {"insertSpaces":true,"tabSize":4}
laravel8-api-auth-jwt/app/Http/Controllers/AuthController.php: Using EditorConfig core...
app/Http/Controllers/AuthController.php: editor.action.trimTrailingWhitespace
laravel8-api-auth-jwt/app/Http/Controllers/AuthController.php: Using EditorConfig core...
app/Http/Controllers/AuthController.php: editor.action.trimTrailingWhitespace
laravel8-api-auth-jwt/app/Http/Controllers/AuthController.php: {"insertSpaces":true,"tabSize":4}
laravel8-api-auth-jwt/app/Http/Controllers/AuthController.php: Using EditorConfig core...
app/Http/Controllers/AuthController.php: editor.action.trimTrailingWhitespace
laravel8-api-auth-jwt/app/Http/Controllers/AuthController.php: {"insertSpaces":true,"tabSize":4}
laravel8-api-auth-jwt/app/Http/Controllers/AuthController.php: Using EditorConfig core...
app/Http/Controllers/AuthController.php: editor.action.trimTrailingWhitespace
laravel8-api-auth-jwt/app/Http/Controllers/AuthController.php: {"insertSpaces":true,"tabSize":4}
laravel8-api-auth-jwt/app/Http/Controllers/AuthController.php: Using EditorConfig core...
app/Http/Controllers/AuthController.php: editor.action.trimTrailingWhitespace
laravel8-api-auth-jwt/app/Http/Controllers/AuthController.php: Using EditorConfig core...
app/Http/Controllers/AuthController.php: editor.action.trimTrailingWhitespace
laravel8-api-auth-jwt/app/Http/Controllers/AuthController.php: Using EditorConfig core...
app/Http/Controllers/AuthController.php: editor.action.trimTrailingWhitespace
laravel8-api-auth-jwt/app/Http/Controllers/AuthController.php: {"insertSpaces":true,"tabSize":4}
laravel8-api-auth-jwt/app/Http/Controllers/AuthController.php: Using EditorConfig core...
app/Http/Controllers/AuthController.php: editor.action.trimTrailingWhitespace
laravel8-api-auth-jwt/app/Http/Controllers/AuthController.php: Using EditorConfig core...
app/Http/Controllers/AuthController.php: editor.action.trimTrailingWhitespace
laravel8-api-auth-jwt/app/Http/Controllers/AuthController.php: {"insertSpaces":true,"tabSize":4}
laravel8-api-auth-jwt/app/Http/Controllers/AuthController.php: {"insertSpaces":true,"tabSize":4}
laravel8-api-auth-jwt/app/Http/Controllers/AuthController.php: {"insertSpaces":true,"tabSize":4}
laravel8-api-auth-jwt/app/Http/Controllers/AuthController.php: Using EditorConfig core...
app/Http/Controllers/AuthController.php: editor.action.trimTrailingWhitespace
laravel8-api-auth-jwt/app/Http/Controllers/AuthController.php: {"insertSpaces":true,"tabSize":4}
laravel8-api-auth-jwt/app/Http/Controllers/AuthController.php: {"insertSpaces":true,"tabSize":4}
laravel8-api-auth-jwt/app/Http/Controllers/AuthController.php: Using EditorConfig core...
app/Http/Controllers/AuthController.php: editor.action.trimTrailingWhitespace
laravel8-api-auth-jwt/app/Http/Controllers/AuthController.php: Using EditorConfig core...
app/Http/Controllers/AuthController.php: editor.action.trimTrailingWhitespace
laravel8-api-auth-jwt/app/Http/Controllers/AuthController.php: Using EditorConfig core...
app/Http/Controllers/AuthController.php: editor.action.trimTrailingWhitespace
laravel8-api-auth-jwt/app/Http/Controllers/AuthController.php: Using EditorConfig core...
app/Http/Controllers/AuthController.php: editor.action.trimTrailingWhitespace
laravel8-api-auth-jwt/app/Http/Controllers/AuthController.php: {"insertSpaces":true,"tabSize":4}
laravel8-api-auth-jwt/app/Http/Controllers/AuthController.php: Using EditorConfig core...
app/Http/Controllers/AuthController.php: editor.action.trimTrailingWhitespace
laravel8-api-auth-jwt/app/Http/Controllers/AuthController.php: {"insertSpaces":true,"tabSize":4}
laravel8-api-auth-jwt/app/Http/Controllers/AuthController.php: Using EditorConfig core...
app/Http/Controllers/AuthController.php: editor.action.trimTrailingWhitespace
laravel8-api-auth-jwt/routes/api.php: {"insertSpaces":true,"tabSize":4}
laravel8-api-auth-jwt/routes/api.php: Using EditorConfig core...
routes/api.php: editor.action.trimTrailingWhitespace
laravel8-api-auth-jwt/routes/api.php: {"insertSpaces":true,"tabSize":4}
laravel8-api-auth-jwt/routes/api.php: Using EditorConfig core...
routes/api.php: editor.action.trimTrailingWhitespace
laravel8-api-auth-jwt/routes/api.php: Using EditorConfig core...
routes/api.php: editor.action.trimTrailingWhitespace
laravel8-api-auth-jwt/routes/api.php: {"insertSpaces":true,"tabSize":4}
laravel8-api-auth-jwt/app/Http/Controllers/AuthController.php: {"insertSpaces":true,"tabSize":4}
laravel8-api-auth-jwt/app/Http/Controllers/AuthController.php: Using EditorConfig core...
app/Http/Controllers/AuthController.php: editor.action.trimTrailingWhitespace
laravel8-api-auth-jwt/app/Http/Controllers/AuthController.php: {"insertSpaces":true,"tabSize":4}
laravel8-api-auth-jwt/app/Http/Controllers/AuthController.php: {"insertSpaces":true,"tabSize":4}
laravel8-api-auth-jwt/app/Http/Controllers/AuthController.php: {"insertSpaces":true,"tabSize":4}
laravel8-api-auth-jwt/app/Http/Controllers/AuthController.php: {"insertSpaces":true,"tabSize":4}
undefined: {}
No more open editors.
laravel8-api-auth-jwt/app/Http/Controllers/AuthController.php: {"insertSpaces":true,"tabSize":4}
laravel8-api-auth-jwt/app/Http/Controllers/AuthController.php: {"insertSpaces":true,"tabSize":4}
laravel8-api-auth-jwt/app/Http/Controllers/AuthController.php: Using EditorConfig core...
app/Http/Controllers/AuthController.php: editor.action.trimTrailingWhitespace
laravel8-api-auth-jwt/app/Http/Controllers/AuthController.php: Using EditorConfig core...
app/Http/Controllers/AuthController.php: editor.action.trimTrailingWhitespace
laravel8-api-auth-jwt/app/Http/Controllers/AuthController.php: {"insertSpaces":true,"tabSize":4}
laravel8-api-auth-jwt/app/Http/Controllers/AuthController.php: {"insertSpaces":true,"tabSize":4}
