2024-05-08 18:34:53.669 [info] Getting Manifest... formulahendry.vscode-mysql
2024-05-08 18:34:53.674 [info] Installing extension: formulahendry.vscode-mysql
2024-05-08 18:34:55.118 [info] Extension signature verification result for formulahendry.vscode-mysql: Success. Duration: 652ms.
2024-05-08 18:34:55.260 [info] Extracted extension to file:///root/.vscode/extensions/formulahendry.vscode-mysql-0.5.0: formulahendry.vscode-mysql
2024-05-08 18:34:55.262 [info] Renamed to /root/.vscode/extensions/formulahendry.vscode-mysql-0.5.0
2024-05-08 18:34:55.263 [info] Extracting extension completed. formulahendry.vscode-mysql
2024-05-08 18:34:55.268 [info] Extension installed successfully: formulahendry.vscode-mysql
2024-05-08 18:34:55.313 [error] [uncaught exception in sharedProcess]: Error: ENOENT: no such file or directory, stat '/root/.vscode/extensions/extensions.json.vsctmp': EntryNotFound (FileSystemError): Error: ENOENT: no such file or directory, stat '/root/.vscode/extensions/extensions.json.vsctmp'
    at a.create (/snap/code/158/usr/share/code/resources/app/out/vs/code/node/sharedProcess/sharedProcessMain.js:53:30019)
    at b (/snap/code/158/usr/share/code/resources/app/out/vs/code/node/sharedProcess/sharedProcessMain.js:53:30130)
    at t.hb (/snap/code/158/usr/share/code/resources/app/out/vs/code/node/sharedProcess/sharedProcessMain.js:58:36600)
    at t.stat (/snap/code/158/usr/share/code/resources/app/out/vs/code/node/sharedProcess/sharedProcessMain.js:58:29040)
    at async $.stat (/snap/code/158/usr/share/code/resources/app/out/vs/code/node/sharedProcess/sharedProcessMain.js:58:16186)
    at async J.sb (/snap/code/158/usr/share/code/resources/app/out/vs/code/node/sharedProcess/sharedProcessMain.js:104:109501)
2024-05-08 18:35:22.968 [info] Uninstalling extension from the profile: bajdzis.vscode-database@2.2.3 vscode-userdata:/root/.vscode/extensions/extensions.json
2024-05-08 18:35:22.985 [info] Marked extension as uninstalled bajdzis.vscode-database-2.2.3
2024-05-08 18:35:23.056 [error] [uncaught exception in sharedProcess]: Error: ENOENT: no such file or directory, stat '/root/.vscode/extensions/extensions.json.vsctmp': EntryNotFound (FileSystemError): Error: ENOENT: no such file or directory, stat '/root/.vscode/extensions/extensions.json.vsctmp'
    at a.create (/snap/code/158/usr/share/code/resources/app/out/vs/code/node/sharedProcess/sharedProcessMain.js:53:30019)
    at b (/snap/code/158/usr/share/code/resources/app/out/vs/code/node/sharedProcess/sharedProcessMain.js:53:30130)
    at t.hb (/snap/code/158/usr/share/code/resources/app/out/vs/code/node/sharedProcess/sharedProcessMain.js:58:36600)
    at t.stat (/snap/code/158/usr/share/code/resources/app/out/vs/code/node/sharedProcess/sharedProcessMain.js:58:29040)
    at async $.stat (/snap/code/158/usr/share/code/resources/app/out/vs/code/node/sharedProcess/sharedProcessMain.js:58:16186)
    at async J.sb (/snap/code/158/usr/share/code/resources/app/out/vs/code/node/sharedProcess/sharedProcessMain.js:104:109501)
2024-05-08 18:35:23.398 [info] Successfully uninstalled extension from the profile bajdzis.vscode-database@2.2.3 vscode-userdata:/root/.vscode/extensions/extensions.json
