2024-05-08 22:51:35.026 [info] Extension host with pid 28572 started
2024-05-08 22:51:35.026 [info] Skipping acquiring lock for /home/kyawkyawlin/Laravel_Projects/personal/api/laravel8-api-auth-jwt/~/.vscode-root/User/workspaceStorage/ec4afe83256d54d3646f1743bec1ea6c.
2024-05-08 22:51:35.246 [info] ExtensionService#_doActivateExtension formulahendry.vscode-mysql, startup: false, activationEvent: 'onView:mysql'
2024-05-08 22:51:35.316 [info] ExtensionService#_doActivateExtension vscode.php-language-features, startup: false, activationEvent: 'onLanguage:php'
2024-05-08 22:51:35.325 [info] ExtensionService#_doActivateExtension amiralizadeh9480.laravel-extra-intellisense, startup: false, activationEvent: 'onLanguage:php'
2024-05-08 22:51:35.329 [info] ExtensionService#_doActivateExtension codingyu.laravel-goto-view, startup: false, activationEvent: 'onLanguage:php'
2024-05-08 22:51:35.331 [info] ExtensionService#_doActivateExtension glitchbl.laravel-create-view, startup: false, activationEvent: 'onLanguage:php'
2024-05-08 22:51:35.333 [info] ExtensionService#_doActivateExtension pgl.laravel-jump-controller, startup: false, activationEvent: 'onLanguage:php'
2024-05-08 22:51:35.337 [info] ExtensionService#_doActivateExtension porifa.laravel-intelephense, startup: false, activationEvent: 'onLanguage:php'
2024-05-08 22:51:35.345 [info] ExtensionService#_doActivateExtension rifi2k.format-html-in-php, startup: false, activationEvent: 'onLanguage:php'
2024-05-08 22:51:35.366 [info] ExtensionService#_doActivateExtension vscode.emmet, startup: false, activationEvent: 'onLanguage'
2024-05-08 22:51:35.379 [info] ExtensionService#_doActivateExtension vscode.extension-editing, startup: false, activationEvent: 'onLanguage:markdown'
2024-05-08 22:51:35.385 [info] ExtensionService#_doActivateExtension vscode.markdown-language-features, startup: false, activationEvent: 'onLanguage:markdown'
2024-05-08 22:51:35.436 [info] ExtensionService#_doActivateExtension shd101wyy.markdown-preview-enhanced, startup: false, activationEvent: 'onLanguage:markdown'
2024-05-08 22:51:36.265 [info] ExtensionService#_doActivateExtension vscode.git-base, startup: true, activationEvent: '*', root cause: vscode.git
2024-05-08 22:51:36.283 [info] ExtensionService#_doActivateExtension EditorConfig.EditorConfig, startup: true, activationEvent: '*'
2024-05-08 22:51:36.347 [info] ExtensionService#_doActivateExtension IHunte.laravel-blade-wrapper, startup: true, activationEvent: '*'
2024-05-08 22:51:36.352 [info] ExtensionService#_doActivateExtension Zignd.html-css-class-completion, startup: true, activationEvent: '*'
2024-05-08 22:51:36.552 [info] ExtensionService#_doActivateExtension vscode.npm, startup: true, activationEvent: 'workspaceContains:package.json'
2024-05-08 22:51:36.793 [info] ExtensionService#_doActivateExtension vscode.git, startup: true, activationEvent: '*'
2024-05-08 22:51:36.846 [info] ExtensionService#_doActivateExtension vscode.github, startup: true, activationEvent: '*'
2024-05-08 22:51:36.876 [info] ExtensionService#_doActivateExtension ryannaddy.laravel-artisan, startup: true, activationEvent: 'workspaceContains:**/artisan'
2024-05-08 22:51:37.387 [info] Eager extensions activated
2024-05-08 22:51:37.396 [info] ExtensionService#_doActivateExtension vscode.debug-auto-launch, startup: false, activationEvent: 'onStartupFinished'
2024-05-08 22:51:37.397 [info] ExtensionService#_doActivateExtension vscode.merge-conflict, startup: false, activationEvent: 'onStartupFinished'
2024-05-08 22:51:37.879 [error] Error: command 'wrap.with.if' already exists
    at registerCommand (/snap/code/158/usr/share/code/resources/app/out/vs/workbench/api/node/extensionHostProcess.js:153:188071)
    at Object.registerCommand (/snap/code/158/usr/share/code/resources/app/out/vs/workbench/api/node/extensionHostProcess.js:163:21876)
    at /root/.vscode/extensions/ihunte.laravel-blade-wrapper-1.0.1/out/wrapper.js:55:62
    at Array.forEach (<anonymous>)
    at /root/.vscode/extensions/ihunte.laravel-blade-wrapper-1.0.1/out/wrapper.js:52:36
2024-05-08 22:54:53.309 [info] ExtensionService#_doActivateExtension vscode.markdown-math, startup: false, activationEvent: 'api', root cause: vscode.markdown-language-features
2024-05-08 22:55:53.325 [info] ExtensionService#_doActivateExtension vscode.json-language-features, startup: false, activationEvent: 'onLanguage:json'
2024-05-08 22:55:53.587 [info] ExtensionService#_doActivateExtension vscode.typescript-language-features, startup: false, activationEvent: 'onLanguage:jsonc'
