Initializing document watcher...
laravel8-api-auth-jwt/routes/api.php: {"insertSpaces":true,"tabSize":4}
laravel8-api-auth-jwt/routes/api.php: {"insertSpaces":true,"tabSize":4}
laravel8-api-auth-jwt/routes/api.php: Using EditorConfig core...
routes/api.php: editor.action.trimTrailingWhitespace
routes/api.php: insertFinalNewline(LF)
laravel8-api-auth-jwt/routes/api.php: Using EditorConfig core...
routes/api.php: editor.action.trimTrailingWhitespace
laravel8-api-auth-jwt/routes/api.php: {"insertSpaces":true,"tabSize":4}
laravel8-api-auth-jwt/routes/api.php: {"insertSpaces":true,"tabSize":4}
laravel8-api-auth-jwt/routes/api.php: {"insertSpaces":true,"tabSize":4}
laravel8-api-auth-jwt/routes/api.php: {"insertSpaces":true,"tabSize":4}
laravel8-api-auth-jwt/routes/api.php: {"insertSpaces":true,"tabSize":4}
laravel8-api-auth-jwt/routes/api.php: Using EditorConfig core...
routes/api.php: editor.action.trimTrailingWhitespace
laravel8-api-auth-jwt/routes/api.php: {"insertSpaces":true,"tabSize":4}
laravel8-api-auth-jwt/routes/api.php: {"insertSpaces":true,"tabSize":4}
laravel8-api-auth-jwt/routes/api.php: {"insertSpaces":true,"tabSize":4}
laravel8-api-auth-jwt/routes/api.php: Using EditorConfig core...
routes/api.php: editor.action.trimTrailingWhitespace
laravel8-api-auth-jwt/routes/api.php: Using EditorConfig core...
routes/api.php: editor.action.trimTrailingWhitespace
laravel8-api-auth-jwt/routes/api.php: {"insertSpaces":true,"tabSize":4}
laravel8-api-auth-jwt/routes/api.php: {"insertSpaces":true,"tabSize":4}
laravel8-api-auth-jwt/routes/api.php: {"insertSpaces":true,"tabSize":4}
laravel8-api-auth-jwt/routes/api.php: {"insertSpaces":true,"tabSize":4}
laravel8-api-auth-jwt/routes/api.php: {"insertSpaces":true,"tabSize":4}
laravel8-api-auth-jwt/routes/api.php: {"insertSpaces":true,"tabSize":4}
laravel8-api-auth-jwt/routes/api.php: Using EditorConfig core...
routes/api.php: editor.action.trimTrailingWhitespace
laravel8-api-auth-jwt/routes/api.php: {"insertSpaces":true,"tabSize":4}
laravel8-api-auth-jwt/app/Http/Controllers/AuthController.php: {"insertSpaces":true,"tabSize":4}
laravel8-api-auth-jwt/app/Http/Controllers/AuthController.php: {"insertSpaces":true,"tabSize":4}
laravel8-api-auth-jwt/app/Http/Controllers/AuthController.php: {"insertSpaces":true,"tabSize":4}
laravel8-api-auth-jwt/app/Http/Controllers/AuthController.php: {"insertSpaces":true,"tabSize":4}
laravel8-api-auth-jwt/app/Http/Controllers/AuthController.php: {"insertSpaces":true,"tabSize":4}
laravel8-api-auth-jwt/app/Http/Controllers/AuthController.php: {"insertSpaces":true,"tabSize":4}
laravel8-api-auth-jwt/app/Http/Controllers/AuthController.php: {"insertSpaces":true,"tabSize":4}
laravel8-api-auth-jwt/app/Http/Controllers/AuthController.php: {"insertSpaces":true,"tabSize":4}
laravel8-api-auth-jwt/app/Http/Controllers/AuthController.php: {"insertSpaces":true,"tabSize":4}
laravel8-api-auth-jwt/.env: {"insertSpaces":true,"tabSize":4}
laravel8-api-auth-jwt/.env: Using EditorConfig core...
.env: editor.action.trimTrailingWhitespace
laravel8-api-auth-jwt/.env: {"insertSpaces":true,"tabSize":4}
laravel8-api-auth-jwt/.env: {"insertSpaces":true,"tabSize":4}
laravel8-api-auth-jwt/.env: Using EditorConfig core...
.env: editor.action.trimTrailingWhitespace
laravel8-api-auth-jwt/.env: Using EditorConfig core...
.env: editor.action.trimTrailingWhitespace
laravel8-api-auth-jwt/.env: {"insertSpaces":true,"tabSize":4}
laravel8-api-auth-jwt/.env: {"insertSpaces":true,"tabSize":4}
laravel8-api-auth-jwt/.env: {"insertSpaces":true,"tabSize":4}
laravel8-api-auth-jwt/.env: {"insertSpaces":true,"tabSize":4}
laravel8-api-auth-jwt/database/migrations/2014_10_12_000000_create_users_table.php: {"insertSpaces":true,"tabSize":4}
laravel8-api-auth-jwt/database/migrations/2014_10_12_000000_create_users_table.php: Using EditorConfig core...
database/migrations/2014_10_12_000000_create_users_table.php: editor.action.trimTrailingWhitespace
laravel8-api-auth-jwt/database/migrations/2014_10_12_000000_create_users_table.php: {"insertSpaces":true,"tabSize":4}
laravel8-api-auth-jwt/database/migrations/2014_10_12_000000_create_users_table.php: {"insertSpaces":true,"tabSize":4}
laravel8-api-auth-jwt/database/migrations/2014_10_12_000000_create_users_table.php: {"insertSpaces":true,"tabSize":4}
laravel8-api-auth-jwt/database/migrations/2014_10_12_000000_create_users_table.php: Using EditorConfig core...
database/migrations/2014_10_12_000000_create_users_table.php: editor.action.trimTrailingWhitespace
laravel8-api-auth-jwt/database/migrations/2014_10_12_000000_create_users_table.php: {"insertSpaces":true,"tabSize":4}
laravel8-api-auth-jwt/database/migrations/2014_10_12_000000_create_users_table.php: {"insertSpaces":true,"tabSize":4}
laravel8-api-auth-jwt/database/migrations/2014_10_12_000000_create_users_table.php: {"insertSpaces":true,"tabSize":4}
laravel8-api-auth-jwt/database/migrations/2014_10_12_000000_create_users_table.php: {"insertSpaces":true,"tabSize":4}
No more open editors.
No more open editors.
