2024-05-08 18:54:57.314 [info] Log level: Info
2024-05-08 18:54:57.314 [info] Validating found git in: "git"
2024-05-08 18:54:57.314 [info] Using git "2.34.1" from "git"
2024-05-08 18:54:57.314 [info] > git rev-parse --show-toplevel [173ms]
2024-05-08 18:54:57.314 [info] > git rev-parse --git-dir --git-common-dir [3ms]
2024-05-08 18:54:57.314 [info] Open repository: /home/kyawkyawlin/Laravel_Projects/personal/api/laravel8-api-auth-jwt
2024-05-08 18:54:57.459 [info] > git rev-parse --show-toplevel [134ms]
2024-05-08 18:54:57.460 [info] > git config --get commit.template [141ms]
2024-05-08 18:54:57.505 [info] > git rev-parse --show-toplevel [31ms]
2024-05-08 18:54:57.529 [info] > git for-each-ref --format=%(refname)%00%(upstream:short)%00%(objectname)%00%(upstream:track)%00%(upstream:remotename)%00%(upstream:remoteref) refs/heads/main refs/remotes/main [26ms]
2024-05-08 18:54:57.541 [info] > git rev-parse --show-toplevel [13ms]
2024-05-08 18:54:57.563 [info] > git status -z -uall [25ms]
2024-05-08 18:54:57.563 [info] > git rev-parse --show-toplevel [8ms]
2024-05-08 18:54:57.657 [info] > git config --get commit.template [14ms]
2024-05-08 18:54:57.657 [info] > git rev-parse --show-toplevel [22ms]
2024-05-08 18:54:57.674 [info] > git rev-parse --show-toplevel [10ms]
2024-05-08 18:54:57.824 [info] > git rev-parse --show-toplevel [142ms]
2024-05-08 18:54:57.825 [info] > git for-each-ref --format=%(refname)%00%(upstream:short)%00%(objectname)%00%(upstream:track)%00%(upstream:remotename)%00%(upstream:remoteref) refs/heads/main refs/remotes/main [152ms]
2024-05-08 18:54:57.841 [info] > git status -z -uall [13ms]
2024-05-08 18:54:57.841 [info] > git rev-parse --show-toplevel [10ms]
2024-05-08 18:54:57.857 [info] > git rev-parse --show-toplevel [2ms]
2024-05-08 18:54:57.861 [info] > git rev-parse --show-toplevel [1ms]
2024-05-08 18:54:57.869 [info] > git rev-parse --show-toplevel [2ms]
2024-05-08 18:54:57.872 [info] > git rev-parse --show-toplevel [1ms]
2024-05-08 18:54:58.043 [info] > git check-ignore -v -z --stdin [7ms]
2024-05-08 18:54:58.064 [info] > git show --textconv :database/migrations/2014_10_12_000000_create_users_table.php [7ms]
2024-05-08 18:54:58.066 [info] > git ls-files --stage -- /home/kyawkyawlin/Laravel_Projects/personal/api/laravel8-api-auth-jwt/database/migrations/2014_10_12_000000_create_users_table.php [4ms]
2024-05-08 18:54:58.079 [info] > git cat-file -s 621a24eb734b76ca474bb8b5ea4a62b5f27d223c [8ms]
2024-05-08 18:56:31.234 [info] > git config --get commit.template [7ms]
2024-05-08 18:56:31.234 [info] > git for-each-ref --format=%(refname)%00%(upstream:short)%00%(objectname)%00%(upstream:track)%00%(upstream:remotename)%00%(upstream:remoteref) refs/heads/main refs/remotes/main [2ms]
2024-05-08 18:56:31.244 [info] > git status -z -uall [5ms]
2024-05-08 18:56:33.529 [info] > git show --textconv :app/Models/User.php [3ms]
2024-05-08 18:56:33.530 [info] > git ls-files --stage -- /home/kyawkyawlin/Laravel_Projects/personal/api/laravel8-api-auth-jwt/app/Models/User.php [1ms]
2024-05-08 18:56:33.534 [info] > git cat-file -s 89963686eb21407d17eea9a5871d88658ff32d2b [0ms]
2024-05-08 18:56:33.791 [info] > git check-ignore -v -z --stdin [1ms]
2024-05-08 18:56:36.271 [info] > git config --get commit.template [3ms]
2024-05-08 18:56:36.271 [info] > git for-each-ref --format=%(refname)%00%(upstream:short)%00%(objectname)%00%(upstream:track)%00%(upstream:remotename)%00%(upstream:remoteref) refs/heads/main refs/remotes/main [1ms]
2024-05-08 18:56:36.278 [info] > git status -z -uall [5ms]
2024-05-08 18:56:41.296 [info] > git config --get commit.template [3ms]
2024-05-08 18:56:41.296 [info] > git for-each-ref --format=%(refname)%00%(upstream:short)%00%(objectname)%00%(upstream:track)%00%(upstream:remotename)%00%(upstream:remoteref) refs/heads/main refs/remotes/main [1ms]
2024-05-08 18:56:41.303 [info] > git status -z -uall [5ms]
2024-05-08 18:56:50.926 [info] > git config --get commit.template [15ms]
2024-05-08 18:56:50.927 [info] > git for-each-ref --format=%(refname)%00%(upstream:short)%00%(objectname)%00%(upstream:track)%00%(upstream:remotename)%00%(upstream:remoteref) refs/heads/main refs/remotes/main [2ms]
2024-05-08 18:56:50.936 [info] > git status -z -uall [5ms]
2024-05-08 18:56:55.955 [info] > git config --get commit.template [3ms]
2024-05-08 18:56:55.955 [info] > git for-each-ref --format=%(refname)%00%(upstream:short)%00%(objectname)%00%(upstream:track)%00%(upstream:remotename)%00%(upstream:remoteref) refs/heads/main refs/remotes/main [0ms]
2024-05-08 18:56:55.962 [info] > git status -z -uall [4ms]
2024-05-08 18:57:00.978 [info] > git config --get commit.template [3ms]
2024-05-08 18:57:00.979 [info] > git for-each-ref --format=%(refname)%00%(upstream:short)%00%(objectname)%00%(upstream:track)%00%(upstream:remotename)%00%(upstream:remoteref) refs/heads/main refs/remotes/main [1ms]
2024-05-08 18:57:00.986 [info] > git status -z -uall [4ms]
2024-05-08 18:57:23.640 [info] > git config --get commit.template [13ms]
2024-05-08 18:57:23.646 [info] > git for-each-ref --format=%(refname)%00%(upstream:short)%00%(objectname)%00%(upstream:track)%00%(upstream:remotename)%00%(upstream:remoteref) refs/heads/main refs/remotes/main [7ms]
2024-05-08 18:57:23.666 [info] > git status -z -uall [11ms]
2024-05-08 18:57:28.696 [info] > git config --get commit.template [3ms]
2024-05-08 18:57:28.696 [info] > git for-each-ref --format=%(refname)%00%(upstream:short)%00%(objectname)%00%(upstream:track)%00%(upstream:remotename)%00%(upstream:remoteref) refs/heads/main refs/remotes/main [1ms]
2024-05-08 18:57:28.703 [info] > git status -z -uall [4ms]
2024-05-08 18:57:43.443 [info] > git config --get commit.template [13ms]
2024-05-08 18:57:43.447 [info] > git for-each-ref --format=%(refname)%00%(upstream:short)%00%(objectname)%00%(upstream:track)%00%(upstream:remotename)%00%(upstream:remoteref) refs/heads/main refs/remotes/main [6ms]
2024-05-08 18:57:43.472 [info] > git status -z -uall [13ms]
2024-05-08 18:57:44.934 [info] > git check-ignore -v -z --stdin [1ms]
2024-05-08 18:57:45.793 [info] > git ls-files --stage -- /home/kyawkyawlin/Laravel_Projects/personal/api/laravel8-api-auth-jwt/app/Http/Controllers/Controller.php [1ms]
2024-05-08 18:57:45.796 [info] > git show --textconv :app/Http/Controllers/Controller.php [8ms]
2024-05-08 18:57:45.797 [info] > git cat-file -s a0a2a8a34a6221e4dceb24a759ed14e911f74c57 [1ms]
2024-05-08 18:57:46.580 [info] > git show --textconv :app/Http/Controllers/AuthController.php [3ms]
2024-05-08 18:57:46.581 [info] > git ls-files --stage -- /home/kyawkyawlin/Laravel_Projects/personal/api/laravel8-api-auth-jwt/app/Http/Controllers/AuthController.php [1ms]
2024-05-08 18:57:49.023 [info] > git config --get commit.template [10ms]
2024-05-08 18:57:49.023 [info] > git for-each-ref --format=%(refname)%00%(upstream:short)%00%(objectname)%00%(upstream:track)%00%(upstream:remotename)%00%(upstream:remoteref) refs/heads/main refs/remotes/main [2ms]
2024-05-08 18:57:49.031 [info] > git status -z -uall [5ms]
2024-05-08 18:57:54.048 [info] > git config --get commit.template [3ms]
2024-05-08 18:57:54.048 [info] > git for-each-ref --format=%(refname)%00%(upstream:short)%00%(objectname)%00%(upstream:track)%00%(upstream:remotename)%00%(upstream:remoteref) refs/heads/main refs/remotes/main [0ms]
2024-05-08 18:57:54.055 [info] > git status -z -uall [4ms]
2024-05-08 18:57:59.069 [info] > git config --get commit.template [3ms]
2024-05-08 18:57:59.070 [info] > git for-each-ref --format=%(refname)%00%(upstream:short)%00%(objectname)%00%(upstream:track)%00%(upstream:remotename)%00%(upstream:remoteref) refs/heads/main refs/remotes/main [1ms]
2024-05-08 18:57:59.076 [info] > git status -z -uall [4ms]
2024-05-08 18:58:04.092 [info] > git config --get commit.template [4ms]
2024-05-08 18:58:04.093 [info] > git for-each-ref --format=%(refname)%00%(upstream:short)%00%(objectname)%00%(upstream:track)%00%(upstream:remotename)%00%(upstream:remoteref) refs/heads/main refs/remotes/main [1ms]
2024-05-08 18:58:04.099 [info] > git status -z -uall [4ms]
2024-05-08 18:58:09.116 [info] > git config --get commit.template [5ms]
2024-05-08 18:58:09.116 [info] > git for-each-ref --format=%(refname)%00%(upstream:short)%00%(objectname)%00%(upstream:track)%00%(upstream:remotename)%00%(upstream:remoteref) refs/heads/main refs/remotes/main [1ms]
2024-05-08 18:58:09.124 [info] > git status -z -uall [5ms]
2024-05-08 18:58:14.140 [info] > git config --get commit.template [3ms]
2024-05-08 18:58:14.141 [info] > git for-each-ref --format=%(refname)%00%(upstream:short)%00%(objectname)%00%(upstream:track)%00%(upstream:remotename)%00%(upstream:remoteref) refs/heads/main refs/remotes/main [1ms]
2024-05-08 18:58:14.147 [info] > git status -z -uall [4ms]
2024-05-08 18:58:19.163 [info] > git config --get commit.template [3ms]
2024-05-08 18:58:19.163 [info] > git for-each-ref --format=%(refname)%00%(upstream:short)%00%(objectname)%00%(upstream:track)%00%(upstream:remotename)%00%(upstream:remoteref) refs/heads/main refs/remotes/main [0ms]
2024-05-08 18:58:19.170 [info] > git status -z -uall [4ms]
2024-05-08 18:58:24.185 [info] > git config --get commit.template [1ms]
2024-05-08 18:58:24.194 [info] > git for-each-ref --format=%(refname)%00%(upstream:short)%00%(objectname)%00%(upstream:track)%00%(upstream:remotename)%00%(upstream:remoteref) refs/heads/main refs/remotes/main [1ms]
2024-05-08 18:58:24.203 [info] > git status -z -uall [5ms]
2024-05-08 18:58:29.219 [info] > git config --get commit.template [3ms]
2024-05-08 18:58:29.220 [info] > git for-each-ref --format=%(refname)%00%(upstream:short)%00%(objectname)%00%(upstream:track)%00%(upstream:remotename)%00%(upstream:remoteref) refs/heads/main refs/remotes/main [1ms]
2024-05-08 18:58:29.227 [info] > git status -z -uall [4ms]
2024-05-08 18:58:34.244 [info] > git config --get commit.template [4ms]
2024-05-08 18:58:34.244 [info] > git for-each-ref --format=%(refname)%00%(upstream:short)%00%(objectname)%00%(upstream:track)%00%(upstream:remotename)%00%(upstream:remoteref) refs/heads/main refs/remotes/main [1ms]
2024-05-08 18:58:34.251 [info] > git status -z -uall [4ms]
2024-05-08 18:58:39.268 [info] > git config --get commit.template [4ms]
2024-05-08 18:58:39.268 [info] > git for-each-ref --format=%(refname)%00%(upstream:short)%00%(objectname)%00%(upstream:track)%00%(upstream:remotename)%00%(upstream:remoteref) refs/heads/main refs/remotes/main [1ms]
2024-05-08 18:58:39.275 [info] > git status -z -uall [4ms]
2024-05-08 18:58:44.291 [info] > git config --get commit.template [3ms]
2024-05-08 18:58:44.292 [info] > git for-each-ref --format=%(refname)%00%(upstream:short)%00%(objectname)%00%(upstream:track)%00%(upstream:remotename)%00%(upstream:remoteref) refs/heads/main refs/remotes/main [1ms]
2024-05-08 18:58:44.298 [info] > git status -z -uall [4ms]
2024-05-08 18:59:00.330 [info] > git config --get commit.template [11ms]
2024-05-08 18:59:00.331 [info] > git for-each-ref --format=%(refname)%00%(upstream:short)%00%(objectname)%00%(upstream:track)%00%(upstream:remotename)%00%(upstream:remoteref) refs/heads/main refs/remotes/main [2ms]
2024-05-08 18:59:00.342 [info] > git status -z -uall [7ms]
2024-05-08 18:59:05.361 [info] > git config --get commit.template [3ms]
2024-05-08 18:59:05.362 [info] > git for-each-ref --format=%(refname)%00%(upstream:short)%00%(objectname)%00%(upstream:track)%00%(upstream:remotename)%00%(upstream:remoteref) refs/heads/main refs/remotes/main [1ms]
2024-05-08 18:59:05.368 [info] > git status -z -uall [4ms]
2024-05-08 18:59:10.391 [info] > git config --get commit.template [6ms]
2024-05-08 18:59:10.392 [info] > git for-each-ref --format=%(refname)%00%(upstream:short)%00%(objectname)%00%(upstream:track)%00%(upstream:remotename)%00%(upstream:remoteref) refs/heads/main refs/remotes/main [1ms]
2024-05-08 18:59:10.400 [info] > git status -z -uall [4ms]
2024-05-08 18:59:15.416 [info] > git config --get commit.template [4ms]
2024-05-08 18:59:15.416 [info] > git for-each-ref --format=%(refname)%00%(upstream:short)%00%(objectname)%00%(upstream:track)%00%(upstream:remotename)%00%(upstream:remoteref) refs/heads/main refs/remotes/main [1ms]
2024-05-08 18:59:15.423 [info] > git status -z -uall [3ms]
2024-05-08 18:59:20.992 [info] > git for-each-ref --format=%(refname)%00%(upstream:short)%00%(objectname)%00%(upstream:track)%00%(upstream:remotename)%00%(upstream:remoteref) refs/heads/main refs/remotes/main [4ms]
2024-05-08 18:59:20.992 [info] > git config --get commit.template [20ms]
2024-05-08 18:59:21.003 [info] > git status -z -uall [5ms]
2024-05-08 18:59:26.021 [info] > git config --get commit.template [3ms]
2024-05-08 18:59:26.022 [info] > git for-each-ref --format=%(refname)%00%(upstream:short)%00%(objectname)%00%(upstream:track)%00%(upstream:remotename)%00%(upstream:remoteref) refs/heads/main refs/remotes/main [1ms]
2024-05-08 18:59:26.028 [info] > git status -z -uall [4ms]
2024-05-08 18:59:31.043 [info] > git config --get commit.template [3ms]
2024-05-08 18:59:31.043 [info] > git for-each-ref --format=%(refname)%00%(upstream:short)%00%(objectname)%00%(upstream:track)%00%(upstream:remotename)%00%(upstream:remoteref) refs/heads/main refs/remotes/main [1ms]
2024-05-08 18:59:31.050 [info] > git status -z -uall [4ms]
2024-05-08 18:59:36.067 [info] > git config --get commit.template [3ms]
2024-05-08 18:59:36.068 [info] > git for-each-ref --format=%(refname)%00%(upstream:short)%00%(objectname)%00%(upstream:track)%00%(upstream:remotename)%00%(upstream:remoteref) refs/heads/main refs/remotes/main [1ms]
2024-05-08 18:59:36.074 [info] > git status -z -uall [4ms]
2024-05-08 18:59:41.088 [info] > git config --get commit.template [3ms]
2024-05-08 18:59:41.089 [info] > git for-each-ref --format=%(refname)%00%(upstream:short)%00%(objectname)%00%(upstream:track)%00%(upstream:remotename)%00%(upstream:remoteref) refs/heads/main refs/remotes/main [1ms]
2024-05-08 18:59:41.096 [info] > git status -z -uall [5ms]
2024-05-08 18:59:47.887 [info] > git config --get commit.template [5ms]
2024-05-08 18:59:47.888 [info] > git for-each-ref --format=%(refname)%00%(upstream:short)%00%(objectname)%00%(upstream:track)%00%(upstream:remotename)%00%(upstream:remoteref) refs/heads/main refs/remotes/main [1ms]
2024-05-08 18:59:47.896 [info] > git status -z -uall [5ms]
2024-05-08 18:59:53.429 [info] > git config --get commit.template [12ms]
2024-05-08 18:59:53.430 [info] > git for-each-ref --format=%(refname)%00%(upstream:short)%00%(objectname)%00%(upstream:track)%00%(upstream:remotename)%00%(upstream:remoteref) refs/heads/main refs/remotes/main [1ms]
2024-05-08 18:59:53.440 [info] > git status -z -uall [5ms]
2024-05-08 18:59:58.458 [info] > git config --get commit.template [4ms]
2024-05-08 18:59:58.458 [info] > git for-each-ref --format=%(refname)%00%(upstream:short)%00%(objectname)%00%(upstream:track)%00%(upstream:remotename)%00%(upstream:remoteref) refs/heads/main refs/remotes/main [1ms]
2024-05-08 18:59:58.465 [info] > git status -z -uall [4ms]
2024-05-08 19:00:03.481 [info] > git config --get commit.template [3ms]
2024-05-08 19:00:03.481 [info] > git for-each-ref --format=%(refname)%00%(upstream:short)%00%(objectname)%00%(upstream:track)%00%(upstream:remotename)%00%(upstream:remoteref) refs/heads/main refs/remotes/main [0ms]
2024-05-08 19:00:03.487 [info] > git status -z -uall [3ms]
2024-05-08 19:00:08.501 [info] > git config --get commit.template [3ms]
2024-05-08 19:00:08.502 [info] > git for-each-ref --format=%(refname)%00%(upstream:short)%00%(objectname)%00%(upstream:track)%00%(upstream:remotename)%00%(upstream:remoteref) refs/heads/main refs/remotes/main [1ms]
2024-05-08 19:00:08.508 [info] > git status -z -uall [4ms]
2024-05-08 19:00:13.522 [info] > git config --get commit.template [3ms]
2024-05-08 19:00:13.523 [info] > git for-each-ref --format=%(refname)%00%(upstream:short)%00%(objectname)%00%(upstream:track)%00%(upstream:remotename)%00%(upstream:remoteref) refs/heads/main refs/remotes/main [0ms]
2024-05-08 19:00:13.529 [info] > git status -z -uall [4ms]
2024-05-08 19:00:25.983 [info] > git config --get commit.template [13ms]
2024-05-08 19:00:25.984 [info] > git for-each-ref --format=%(refname)%00%(upstream:short)%00%(objectname)%00%(upstream:track)%00%(upstream:remotename)%00%(upstream:remoteref) refs/heads/main refs/remotes/main [2ms]
2024-05-08 19:00:25.993 [info] > git status -z -uall [5ms]
2024-05-08 19:00:29.950 [info] > git ls-files --stage -- /home/kyawkyawlin/Laravel_Projects/personal/api/laravel8-api-auth-jwt/routes/api.php [1ms]
2024-05-08 19:00:29.953 [info] > git show --textconv :routes/api.php [7ms]
2024-05-08 19:00:29.953 [info] > git cat-file -s eb6fa48c25d93f7bf753ba612cd2c7efecea5f4b [0ms]
2024-05-08 19:00:31.009 [info] > git config --get commit.template [3ms]
2024-05-08 19:00:31.009 [info] > git for-each-ref --format=%(refname)%00%(upstream:short)%00%(objectname)%00%(upstream:track)%00%(upstream:remotename)%00%(upstream:remoteref) refs/heads/main refs/remotes/main [1ms]
2024-05-08 19:00:31.016 [info] > git status -z -uall [4ms]
2024-05-08 19:00:37.721 [info] > git config --get commit.template [9ms]
2024-05-08 19:00:37.722 [info] > git for-each-ref --format=%(refname)%00%(upstream:short)%00%(objectname)%00%(upstream:track)%00%(upstream:remotename)%00%(upstream:remoteref) refs/heads/main refs/remotes/main [2ms]
2024-05-08 19:00:37.731 [info] > git status -z -uall [5ms]
2024-05-08 19:00:42.751 [info] > git config --get commit.template [4ms]
2024-05-08 19:00:42.751 [info] > git for-each-ref --format=%(refname)%00%(upstream:short)%00%(objectname)%00%(upstream:track)%00%(upstream:remotename)%00%(upstream:remoteref) refs/heads/main refs/remotes/main [1ms]
2024-05-08 19:00:42.760 [info] > git status -z -uall [5ms]
2024-05-08 19:01:31.306 [info] > git config --get commit.template [8ms]
2024-05-08 19:01:31.307 [info] > git for-each-ref --format=%(refname)%00%(upstream:short)%00%(objectname)%00%(upstream:track)%00%(upstream:remotename)%00%(upstream:remoteref) refs/heads/main refs/remotes/main [2ms]
2024-05-08 19:01:31.322 [info] > git status -z -uall [8ms]
2024-05-08 19:01:33.646 [info] > git show --textconv :app/Http/Controllers/AuthController.php [3ms]
2024-05-08 19:01:33.647 [info] > git ls-files --stage -- /home/kyawkyawlin/Laravel_Projects/personal/api/laravel8-api-auth-jwt/app/Http/Controllers/AuthController.php [1ms]
2024-05-08 19:01:36.342 [info] > git config --get commit.template [3ms]
2024-05-08 19:01:36.343 [info] > git for-each-ref --format=%(refname)%00%(upstream:short)%00%(objectname)%00%(upstream:track)%00%(upstream:remotename)%00%(upstream:remoteref) refs/heads/main refs/remotes/main [1ms]
2024-05-08 19:01:36.350 [info] > git status -z -uall [4ms]
2024-05-08 19:01:52.169 [info] > git config --get commit.template [9ms]
2024-05-08 19:01:52.170 [info] > git for-each-ref --format=%(refname)%00%(upstream:short)%00%(objectname)%00%(upstream:track)%00%(upstream:remotename)%00%(upstream:remoteref) refs/heads/main refs/remotes/main [1ms]
2024-05-08 19:01:52.177 [info] > git status -z -uall [4ms]
2024-05-08 19:02:25.446 [info] > git config --get commit.template [8ms]
2024-05-08 19:02:25.446 [info] > git for-each-ref --format=%(refname)%00%(upstream:short)%00%(objectname)%00%(upstream:track)%00%(upstream:remotename)%00%(upstream:remoteref) refs/heads/main refs/remotes/main [1ms]
2024-05-08 19:02:25.455 [info] > git status -z -uall [6ms]
2024-05-08 19:02:30.473 [info] > git config --get commit.template [3ms]
2024-05-08 19:02:30.474 [info] > git for-each-ref --format=%(refname)%00%(upstream:short)%00%(objectname)%00%(upstream:track)%00%(upstream:remotename)%00%(upstream:remoteref) refs/heads/main refs/remotes/main [1ms]
2024-05-08 19:02:30.481 [info] > git status -z -uall [4ms]
2024-05-08 19:02:35.503 [info] > git config --get commit.template [4ms]
2024-05-08 19:02:35.503 [info] > git for-each-ref --format=%(refname)%00%(upstream:short)%00%(objectname)%00%(upstream:track)%00%(upstream:remotename)%00%(upstream:remoteref) refs/heads/main refs/remotes/main [1ms]
2024-05-08 19:02:35.511 [info] > git status -z -uall [5ms]
2024-05-08 19:02:40.528 [info] > git config --get commit.template [3ms]
2024-05-08 19:02:40.528 [info] > git for-each-ref --format=%(refname)%00%(upstream:short)%00%(objectname)%00%(upstream:track)%00%(upstream:remotename)%00%(upstream:remoteref) refs/heads/main refs/remotes/main [0ms]
2024-05-08 19:02:40.535 [info] > git status -z -uall [4ms]
2024-05-08 19:02:45.552 [info] > git config --get commit.template [2ms]
2024-05-08 19:02:45.553 [info] > git for-each-ref --format=%(refname)%00%(upstream:short)%00%(objectname)%00%(upstream:track)%00%(upstream:remotename)%00%(upstream:remoteref) refs/heads/main refs/remotes/main [1ms]
2024-05-08 19:02:45.560 [info] > git status -z -uall [5ms]
2024-05-08 19:02:50.578 [info] > git config --get commit.template [3ms]
2024-05-08 19:02:50.578 [info] > git for-each-ref --format=%(refname)%00%(upstream:short)%00%(objectname)%00%(upstream:track)%00%(upstream:remotename)%00%(upstream:remoteref) refs/heads/main refs/remotes/main [1ms]
2024-05-08 19:02:50.585 [info] > git status -z -uall [4ms]
2024-05-08 19:02:55.603 [info] > git config --get commit.template [5ms]
2024-05-08 19:02:55.604 [info] > git for-each-ref --format=%(refname)%00%(upstream:short)%00%(objectname)%00%(upstream:track)%00%(upstream:remotename)%00%(upstream:remoteref) refs/heads/main refs/remotes/main [2ms]
2024-05-08 19:02:55.611 [info] > git status -z -uall [5ms]
2024-05-08 19:03:00.626 [info] > git config --get commit.template [3ms]
2024-05-08 19:03:00.626 [info] > git for-each-ref --format=%(refname)%00%(upstream:short)%00%(objectname)%00%(upstream:track)%00%(upstream:remotename)%00%(upstream:remoteref) refs/heads/main refs/remotes/main [1ms]
2024-05-08 19:03:00.633 [info] > git status -z -uall [4ms]
2024-05-08 19:03:07.559 [info] > git config --get commit.template [3ms]
2024-05-08 19:03:07.560 [info] > git for-each-ref --format=%(refname)%00%(upstream:short)%00%(objectname)%00%(upstream:track)%00%(upstream:remotename)%00%(upstream:remoteref) refs/heads/main refs/remotes/main [1ms]
2024-05-08 19:03:07.567 [info] > git status -z -uall [5ms]
2024-05-08 19:03:12.586 [info] > git config --get commit.template [3ms]
2024-05-08 19:03:12.587 [info] > git for-each-ref --format=%(refname)%00%(upstream:short)%00%(objectname)%00%(upstream:track)%00%(upstream:remotename)%00%(upstream:remoteref) refs/heads/main refs/remotes/main [1ms]
2024-05-08 19:03:12.594 [info] > git status -z -uall [5ms]
2024-05-08 19:03:17.608 [info] > git config --get commit.template [3ms]
2024-05-08 19:03:17.609 [info] > git for-each-ref --format=%(refname)%00%(upstream:short)%00%(objectname)%00%(upstream:track)%00%(upstream:remotename)%00%(upstream:remoteref) refs/heads/main refs/remotes/main [1ms]
2024-05-08 19:03:17.616 [info] > git status -z -uall [5ms]
2024-05-08 19:03:22.630 [info] > git config --get commit.template [4ms]
2024-05-08 19:03:22.630 [info] > git for-each-ref --format=%(refname)%00%(upstream:short)%00%(objectname)%00%(upstream:track)%00%(upstream:remotename)%00%(upstream:remoteref) refs/heads/main refs/remotes/main [1ms]
2024-05-08 19:03:22.637 [info] > git status -z -uall [4ms]
2024-05-08 19:03:27.652 [info] > git config --get commit.template [3ms]
2024-05-08 19:03:27.653 [info] > git for-each-ref --format=%(refname)%00%(upstream:short)%00%(objectname)%00%(upstream:track)%00%(upstream:remotename)%00%(upstream:remoteref) refs/heads/main refs/remotes/main [1ms]
2024-05-08 19:03:27.659 [info] > git status -z -uall [4ms]
2024-05-08 19:03:32.674 [info] > git config --get commit.template [3ms]
2024-05-08 19:03:32.674 [info] > git for-each-ref --format=%(refname)%00%(upstream:short)%00%(objectname)%00%(upstream:track)%00%(upstream:remotename)%00%(upstream:remoteref) refs/heads/main refs/remotes/main [1ms]
2024-05-08 19:03:32.681 [info] > git status -z -uall [4ms]
2024-05-08 19:03:37.698 [info] > git config --get commit.template [4ms]
2024-05-08 19:03:37.698 [info] > git for-each-ref --format=%(refname)%00%(upstream:short)%00%(objectname)%00%(upstream:track)%00%(upstream:remotename)%00%(upstream:remoteref) refs/heads/main refs/remotes/main [1ms]
2024-05-08 19:03:37.705 [info] > git status -z -uall [4ms]
2024-05-08 19:03:42.721 [info] > git config --get commit.template [3ms]
2024-05-08 19:03:42.721 [info] > git for-each-ref --format=%(refname)%00%(upstream:short)%00%(objectname)%00%(upstream:track)%00%(upstream:remotename)%00%(upstream:remoteref) refs/heads/main refs/remotes/main [1ms]
2024-05-08 19:03:42.728 [info] > git status -z -uall [4ms]
2024-05-08 19:03:50.456 [info] > git config --get commit.template [3ms]
2024-05-08 19:03:50.456 [info] > git for-each-ref --format=%(refname)%00%(upstream:short)%00%(objectname)%00%(upstream:track)%00%(upstream:remotename)%00%(upstream:remoteref) refs/heads/main refs/remotes/main [1ms]
2024-05-08 19:03:50.463 [info] > git status -z -uall [4ms]
2024-05-08 19:03:51.726 [info] > git show --textconv :app/Http/Controllers/AuthController.php [3ms]
2024-05-08 19:03:51.726 [info] > git ls-files --stage -- /home/kyawkyawlin/Laravel_Projects/personal/api/laravel8-api-auth-jwt/app/Http/Controllers/AuthController.php [1ms]
2024-05-08 19:03:55.480 [info] > git config --get commit.template [2ms]
2024-05-08 19:03:55.481 [info] > git for-each-ref --format=%(refname)%00%(upstream:short)%00%(objectname)%00%(upstream:track)%00%(upstream:remotename)%00%(upstream:remoteref) refs/heads/main refs/remotes/main [1ms]
2024-05-08 19:03:55.488 [info] > git status -z -uall [4ms]
2024-05-08 19:04:00.505 [info] > git config --get commit.template [2ms]
2024-05-08 19:04:00.505 [info] > git for-each-ref --format=%(refname)%00%(upstream:short)%00%(objectname)%00%(upstream:track)%00%(upstream:remotename)%00%(upstream:remoteref) refs/heads/main refs/remotes/main [1ms]
2024-05-08 19:04:00.512 [info] > git status -z -uall [4ms]
2024-05-08 19:04:05.984 [info] > git config --get commit.template [8ms]
2024-05-08 19:04:05.985 [info] > git for-each-ref --format=%(refname)%00%(upstream:short)%00%(objectname)%00%(upstream:track)%00%(upstream:remotename)%00%(upstream:remoteref) refs/heads/main refs/remotes/main [2ms]
2024-05-08 19:04:05.994 [info] > git status -z -uall [5ms]
2024-05-08 19:04:06.379 [info] > git show --textconv :app/Http/Controllers/AuthController.php [3ms]
2024-05-08 19:04:06.380 [info] > git ls-files --stage -- /home/kyawkyawlin/Laravel_Projects/personal/api/laravel8-api-auth-jwt/app/Http/Controllers/AuthController.php [1ms]
2024-05-08 19:04:11.016 [info] > git config --get commit.template [4ms]
2024-05-08 19:04:11.016 [info] > git for-each-ref --format=%(refname)%00%(upstream:short)%00%(objectname)%00%(upstream:track)%00%(upstream:remotename)%00%(upstream:remoteref) refs/heads/main refs/remotes/main [1ms]
2024-05-08 19:04:11.023 [info] > git status -z -uall [4ms]
2024-05-08 19:04:38.540 [info] > git config --get commit.template [10ms]
2024-05-08 19:04:38.540 [info] > git for-each-ref --format=%(refname)%00%(upstream:short)%00%(objectname)%00%(upstream:track)%00%(upstream:remotename)%00%(upstream:remoteref) refs/heads/main refs/remotes/main [2ms]
2024-05-08 19:04:38.551 [info] > git status -z -uall [6ms]
2024-05-08 19:04:43.568 [info] > git config --get commit.template [3ms]
2024-05-08 19:04:43.569 [info] > git for-each-ref --format=%(refname)%00%(upstream:short)%00%(objectname)%00%(upstream:track)%00%(upstream:remotename)%00%(upstream:remoteref) refs/heads/main refs/remotes/main [1ms]
2024-05-08 19:04:43.576 [info] > git status -z -uall [5ms]
2024-05-08 19:04:48.596 [info] > git config --get commit.template [3ms]
2024-05-08 19:04:48.596 [info] > git for-each-ref --format=%(refname)%00%(upstream:short)%00%(objectname)%00%(upstream:track)%00%(upstream:remotename)%00%(upstream:remoteref) refs/heads/main refs/remotes/main [1ms]
2024-05-08 19:04:48.603 [info] > git status -z -uall [4ms]
2024-05-08 19:04:53.621 [info] > git config --get commit.template [3ms]
2024-05-08 19:04:53.622 [info] > git for-each-ref --format=%(refname)%00%(upstream:short)%00%(objectname)%00%(upstream:track)%00%(upstream:remotename)%00%(upstream:remoteref) refs/heads/main refs/remotes/main [1ms]
2024-05-08 19:04:53.628 [info] > git status -z -uall [4ms]
2024-05-08 19:04:58.647 [info] > git config --get commit.template [3ms]
2024-05-08 19:04:58.647 [info] > git for-each-ref --format=%(refname)%00%(upstream:short)%00%(objectname)%00%(upstream:track)%00%(upstream:remotename)%00%(upstream:remoteref) refs/heads/main refs/remotes/main [1ms]
2024-05-08 19:04:58.654 [info] > git status -z -uall [4ms]
2024-05-08 19:05:03.671 [info] > git config --get commit.template [3ms]
2024-05-08 19:05:03.672 [info] > git for-each-ref --format=%(refname)%00%(upstream:short)%00%(objectname)%00%(upstream:track)%00%(upstream:remotename)%00%(upstream:remoteref) refs/heads/main refs/remotes/main [1ms]
2024-05-08 19:05:03.678 [info] > git status -z -uall [4ms]
2024-05-08 19:05:17.608 [info] > git config --get commit.template [6ms]
2024-05-08 19:05:17.609 [info] > git for-each-ref --format=%(refname)%00%(upstream:short)%00%(objectname)%00%(upstream:track)%00%(upstream:remotename)%00%(upstream:remoteref) refs/heads/main refs/remotes/main [1ms]
2024-05-08 19:05:17.617 [info] > git status -z -uall [5ms]
2024-05-08 19:05:22.637 [info] > git config --get commit.template [3ms]
2024-05-08 19:05:22.637 [info] > git for-each-ref --format=%(refname)%00%(upstream:short)%00%(objectname)%00%(upstream:track)%00%(upstream:remotename)%00%(upstream:remoteref) refs/heads/main refs/remotes/main [1ms]
2024-05-08 19:05:22.644 [info] > git status -z -uall [5ms]
2024-05-08 19:05:27.660 [info] > git config --get commit.template [3ms]
2024-05-08 19:05:27.661 [info] > git for-each-ref --format=%(refname)%00%(upstream:short)%00%(objectname)%00%(upstream:track)%00%(upstream:remotename)%00%(upstream:remoteref) refs/heads/main refs/remotes/main [1ms]
2024-05-08 19:05:27.667 [info] > git status -z -uall [4ms]
2024-05-08 19:05:32.683 [info] > git config --get commit.template [3ms]
2024-05-08 19:05:32.683 [info] > git for-each-ref --format=%(refname)%00%(upstream:short)%00%(objectname)%00%(upstream:track)%00%(upstream:remotename)%00%(upstream:remoteref) refs/heads/main refs/remotes/main [1ms]
2024-05-08 19:05:32.690 [info] > git status -z -uall [4ms]
2024-05-08 19:05:37.709 [info] > git config --get commit.template [3ms]
2024-05-08 19:05:37.710 [info] > git for-each-ref --format=%(refname)%00%(upstream:short)%00%(objectname)%00%(upstream:track)%00%(upstream:remotename)%00%(upstream:remoteref) refs/heads/main refs/remotes/main [0ms]
2024-05-08 19:05:37.716 [info] > git status -z -uall [4ms]
2024-05-08 19:05:40.241 [info] > git ls-files --stage -- /home/kyawkyawlin/Laravel_Projects/personal/api/laravel8-api-auth-jwt/app/Http/Controllers/AuthController.php [2ms]
2024-05-08 19:05:40.244 [info] > git cat-file -s fa404c29c7bd4ff32e05281b67c09a061b2c8eb4 [1ms]
2024-05-08 19:05:40.249 [info] > git show --textconv :app/Http/Controllers/AuthController.php [1ms]
2024-05-08 19:05:42.736 [info] > git config --get commit.template [4ms]
2024-05-08 19:05:42.736 [info] > git for-each-ref --format=%(refname)%00%(upstream:short)%00%(objectname)%00%(upstream:track)%00%(upstream:remotename)%00%(upstream:remoteref) refs/heads/main refs/remotes/main [1ms]
2024-05-08 19:05:42.751 [info] > git status -z -uall [12ms]
2024-05-08 19:05:46.998 [info] > git ls-files --stage -- /home/kyawkyawlin/Laravel_Projects/personal/api/laravel8-api-auth-jwt/app/Http/Controllers/AuthController.php [1ms]
2024-05-08 19:05:47.002 [info] > git cat-file -s fa404c29c7bd4ff32e05281b67c09a061b2c8eb4 [2ms]
2024-05-08 19:05:47.007 [info] > git show --textconv :app/Http/Controllers/AuthController.php [2ms]
2024-05-08 19:05:47.771 [info] > git config --get commit.template [3ms]
2024-05-08 19:05:47.771 [info] > git for-each-ref --format=%(refname)%00%(upstream:short)%00%(objectname)%00%(upstream:track)%00%(upstream:remotename)%00%(upstream:remoteref) refs/heads/main refs/remotes/main [1ms]
2024-05-08 19:05:47.779 [info] > git status -z -uall [5ms]
2024-05-08 19:05:52.800 [info] > git config --get commit.template [6ms]
2024-05-08 19:05:52.800 [info] > git for-each-ref --format=%(refname)%00%(upstream:short)%00%(objectname)%00%(upstream:track)%00%(upstream:remotename)%00%(upstream:remoteref) refs/heads/main refs/remotes/main [1ms]
2024-05-08 19:05:52.810 [info] > git status -z -uall [7ms]
2024-05-08 19:05:57.819 [info] > git config --get commit.template [4ms]
2024-05-08 19:05:57.820 [info] > git for-each-ref --format=%(refname)%00%(upstream:short)%00%(objectname)%00%(upstream:track)%00%(upstream:remotename)%00%(upstream:remoteref) refs/heads/main refs/remotes/main [1ms]
2024-05-08 19:05:57.829 [info] > git status -z -uall [6ms]
