2024-05-08 18:54:54.457 [info] Started local extension host with pid 8026.
2024-05-08 18:54:55.854 [error] [sidthesloth.html5-boilerplate]: Unknown language in `contributes.html5-boilerplate.language`. Provided value: njk
2024-05-08 18:54:55.854 [error] [sidthesloth.html5-boilerplate]: Unknown language in `contributes.html5-boilerplate.language`. Provided value: django-html
2024-05-08 18:54:57.511 [info] [perf] Render performance baseline is 46ms
2024-05-08 18:59:05.441 [error] Cannot read properties of undefined (reading 'toLowerCase'): TypeError: Cannot read properties of undefined (reading 'toLowerCase')
    at new l (vscode-file://vscode-app/snap/code/158/usr/share/code/resources/app/out/vs/workbench/workbench.desktop.main.js:684:25982)
    at G (vscode-file://vscode-app/snap/code/158/usr/share/code/resources/app/out/vs/workbench/workbench.desktop.main.js:684:28746)
    at vscode-file://vscode-app/snap/code/158/usr/share/code/resources/app/out/vs/workbench/workbench.desktop.main.js:684:29525
    at async Promise.all (index 15)
    at async m (vscode-file://vscode-app/snap/code/158/usr/share/code/resources/app/out/vs/workbench/workbench.desktop.main.js:684:29237)
    at async Promise.all (index 0)
2024-05-08 18:59:07.126 [error] Cannot read properties of undefined (reading 'toLowerCase'): TypeError: Cannot read properties of undefined (reading 'toLowerCase')
    at new l (vscode-file://vscode-app/snap/code/158/usr/share/code/resources/app/out/vs/workbench/workbench.desktop.main.js:684:25982)
    at G (vscode-file://vscode-app/snap/code/158/usr/share/code/resources/app/out/vs/workbench/workbench.desktop.main.js:684:28746)
    at vscode-file://vscode-app/snap/code/158/usr/share/code/resources/app/out/vs/workbench/workbench.desktop.main.js:684:29525
    at async Promise.all (index 15)
    at async m (vscode-file://vscode-app/snap/code/158/usr/share/code/resources/app/out/vs/workbench/workbench.desktop.main.js:684:29237)
    at async Promise.all (index 0)
2024-05-08 18:59:09.347 [error] Cannot read properties of undefined (reading 'toLowerCase'): TypeError: Cannot read properties of undefined (reading 'toLowerCase')
    at new l (vscode-file://vscode-app/snap/code/158/usr/share/code/resources/app/out/vs/workbench/workbench.desktop.main.js:684:25982)
    at G (vscode-file://vscode-app/snap/code/158/usr/share/code/resources/app/out/vs/workbench/workbench.desktop.main.js:684:28746)
    at vscode-file://vscode-app/snap/code/158/usr/share/code/resources/app/out/vs/workbench/workbench.desktop.main.js:684:29525
    at async Promise.all (index 15)
    at async m (vscode-file://vscode-app/snap/code/158/usr/share/code/resources/app/out/vs/workbench/workbench.desktop.main.js:684:29237)
    at async Promise.all (index 0)
2024-05-08 18:59:10.386 [error] Cannot read properties of undefined (reading 'toLowerCase'): TypeError: Cannot read properties of undefined (reading 'toLowerCase')
    at new l (vscode-file://vscode-app/snap/code/158/usr/share/code/resources/app/out/vs/workbench/workbench.desktop.main.js:684:25982)
    at G (vscode-file://vscode-app/snap/code/158/usr/share/code/resources/app/out/vs/workbench/workbench.desktop.main.js:684:28746)
    at vscode-file://vscode-app/snap/code/158/usr/share/code/resources/app/out/vs/workbench/workbench.desktop.main.js:684:29525
    at async Promise.all (index 15)
    at async m (vscode-file://vscode-app/snap/code/158/usr/share/code/resources/app/out/vs/workbench/workbench.desktop.main.js:684:29237)
    at async Promise.all (index 0)
2024-05-08 18:59:11.626 [error] Cannot read properties of undefined (reading 'toLowerCase'): TypeError: Cannot read properties of undefined (reading 'toLowerCase')
    at new l (vscode-file://vscode-app/snap/code/158/usr/share/code/resources/app/out/vs/workbench/workbench.desktop.main.js:684:25982)
    at G (vscode-file://vscode-app/snap/code/158/usr/share/code/resources/app/out/vs/workbench/workbench.desktop.main.js:684:28746)
    at vscode-file://vscode-app/snap/code/158/usr/share/code/resources/app/out/vs/workbench/workbench.desktop.main.js:684:29525
    at async Promise.all (index 15)
    at async m (vscode-file://vscode-app/snap/code/158/usr/share/code/resources/app/out/vs/workbench/workbench.desktop.main.js:684:29237)
    at async Promise.all (index 0)
2024-05-08 18:59:12.981 [error] Cannot read properties of undefined (reading 'toLowerCase'): TypeError: Cannot read properties of undefined (reading 'toLowerCase')
    at new l (vscode-file://vscode-app/snap/code/158/usr/share/code/resources/app/out/vs/workbench/workbench.desktop.main.js:684:25982)
    at G (vscode-file://vscode-app/snap/code/158/usr/share/code/resources/app/out/vs/workbench/workbench.desktop.main.js:684:28746)
    at vscode-file://vscode-app/snap/code/158/usr/share/code/resources/app/out/vs/workbench/workbench.desktop.main.js:684:29525
    at async Promise.all (index 15)
    at async m (vscode-file://vscode-app/snap/code/158/usr/share/code/resources/app/out/vs/workbench/workbench.desktop.main.js:684:29237)
    at async Promise.all (index 0)
2024-05-08 18:59:14.238 [error] Cannot read properties of undefined (reading 'toLowerCase'): TypeError: Cannot read properties of undefined (reading 'toLowerCase')
    at new l (vscode-file://vscode-app/snap/code/158/usr/share/code/resources/app/out/vs/workbench/workbench.desktop.main.js:684:25982)
    at G (vscode-file://vscode-app/snap/code/158/usr/share/code/resources/app/out/vs/workbench/workbench.desktop.main.js:684:28746)
    at vscode-file://vscode-app/snap/code/158/usr/share/code/resources/app/out/vs/workbench/workbench.desktop.main.js:684:29525
    at async Promise.all (index 15)
    at async m (vscode-file://vscode-app/snap/code/158/usr/share/code/resources/app/out/vs/workbench/workbench.desktop.main.js:684:29237)
    at async Promise.all (index 0)
2024-05-08 18:59:17.043 [error] Cannot read properties of undefined (reading 'toLowerCase'): TypeError: Cannot read properties of undefined (reading 'toLowerCase')
    at new l (vscode-file://vscode-app/snap/code/158/usr/share/code/resources/app/out/vs/workbench/workbench.desktop.main.js:684:25982)
    at G (vscode-file://vscode-app/snap/code/158/usr/share/code/resources/app/out/vs/workbench/workbench.desktop.main.js:684:28746)
    at vscode-file://vscode-app/snap/code/158/usr/share/code/resources/app/out/vs/workbench/workbench.desktop.main.js:684:29525
    at async Promise.all (index 15)
    at async m (vscode-file://vscode-app/snap/code/158/usr/share/code/resources/app/out/vs/workbench/workbench.desktop.main.js:684:29237)
    at async Promise.all (index 0)
2024-05-08 18:59:21.413 [error] Cannot read properties of undefined (reading 'toLowerCase'): TypeError: Cannot read properties of undefined (reading 'toLowerCase')
    at new l (vscode-file://vscode-app/snap/code/158/usr/share/code/resources/app/out/vs/workbench/workbench.desktop.main.js:684:25982)
    at G (vscode-file://vscode-app/snap/code/158/usr/share/code/resources/app/out/vs/workbench/workbench.desktop.main.js:684:28746)
    at vscode-file://vscode-app/snap/code/158/usr/share/code/resources/app/out/vs/workbench/workbench.desktop.main.js:684:29525
    at async Promise.all (index 15)
    at async m (vscode-file://vscode-app/snap/code/158/usr/share/code/resources/app/out/vs/workbench/workbench.desktop.main.js:684:29237)
    at async Promise.all (index 0)
2024-05-08 18:59:23.108 [error] Cannot read properties of undefined (reading 'toLowerCase'): TypeError: Cannot read properties of undefined (reading 'toLowerCase')
    at new l (vscode-file://vscode-app/snap/code/158/usr/share/code/resources/app/out/vs/workbench/workbench.desktop.main.js:684:25982)
    at G (vscode-file://vscode-app/snap/code/158/usr/share/code/resources/app/out/vs/workbench/workbench.desktop.main.js:684:28746)
    at vscode-file://vscode-app/snap/code/158/usr/share/code/resources/app/out/vs/workbench/workbench.desktop.main.js:684:29525
    at async Promise.all (index 15)
    at async m (vscode-file://vscode-app/snap/code/158/usr/share/code/resources/app/out/vs/workbench/workbench.desktop.main.js:684:29237)
    at async Promise.all (index 0)
2024-05-08 18:59:24.803 [error] Cannot read properties of undefined (reading 'toLowerCase'): TypeError: Cannot read properties of undefined (reading 'toLowerCase')
    at new l (vscode-file://vscode-app/snap/code/158/usr/share/code/resources/app/out/vs/workbench/workbench.desktop.main.js:684:25982)
    at G (vscode-file://vscode-app/snap/code/158/usr/share/code/resources/app/out/vs/workbench/workbench.desktop.main.js:684:28746)
    at vscode-file://vscode-app/snap/code/158/usr/share/code/resources/app/out/vs/workbench/workbench.desktop.main.js:684:29525
    at async Promise.all (index 15)
    at async m (vscode-file://vscode-app/snap/code/158/usr/share/code/resources/app/out/vs/workbench/workbench.desktop.main.js:684:29237)
    at async Promise.all (index 0)
2024-05-08 18:59:29.403 [error] Cannot read properties of undefined (reading 'toLowerCase'): TypeError: Cannot read properties of undefined (reading 'toLowerCase')
    at new l (vscode-file://vscode-app/snap/code/158/usr/share/code/resources/app/out/vs/workbench/workbench.desktop.main.js:684:25982)
    at G (vscode-file://vscode-app/snap/code/158/usr/share/code/resources/app/out/vs/workbench/workbench.desktop.main.js:684:28746)
    at vscode-file://vscode-app/snap/code/158/usr/share/code/resources/app/out/vs/workbench/workbench.desktop.main.js:684:29525
    at async Promise.all (index 15)
    at async m (vscode-file://vscode-app/snap/code/158/usr/share/code/resources/app/out/vs/workbench/workbench.desktop.main.js:684:29237)
    at async Promise.all (index 0)
2024-05-08 18:59:31.063 [error] Cannot read properties of undefined (reading 'toLowerCase'): TypeError: Cannot read properties of undefined (reading 'toLowerCase')
    at new l (vscode-file://vscode-app/snap/code/158/usr/share/code/resources/app/out/vs/workbench/workbench.desktop.main.js:684:25982)
    at G (vscode-file://vscode-app/snap/code/158/usr/share/code/resources/app/out/vs/workbench/workbench.desktop.main.js:684:28746)
    at vscode-file://vscode-app/snap/code/158/usr/share/code/resources/app/out/vs/workbench/workbench.desktop.main.js:684:29525
    at async Promise.all (index 15)
    at async m (vscode-file://vscode-app/snap/code/158/usr/share/code/resources/app/out/vs/workbench/workbench.desktop.main.js:684:29237)
    at async Promise.all (index 0)
2024-05-08 18:59:32.961 [error] Cannot read properties of undefined (reading 'toLowerCase'): TypeError: Cannot read properties of undefined (reading 'toLowerCase')
    at new l (vscode-file://vscode-app/snap/code/158/usr/share/code/resources/app/out/vs/workbench/workbench.desktop.main.js:684:25982)
    at G (vscode-file://vscode-app/snap/code/158/usr/share/code/resources/app/out/vs/workbench/workbench.desktop.main.js:684:28746)
    at vscode-file://vscode-app/snap/code/158/usr/share/code/resources/app/out/vs/workbench/workbench.desktop.main.js:684:29525
    at async Promise.all (index 15)
    at async m (vscode-file://vscode-app/snap/code/158/usr/share/code/resources/app/out/vs/workbench/workbench.desktop.main.js:684:29237)
    at async Promise.all (index 0)
2024-05-08 18:59:37.752 [error] Cannot read properties of undefined (reading 'toLowerCase'): TypeError: Cannot read properties of undefined (reading 'toLowerCase')
    at new l (vscode-file://vscode-app/snap/code/158/usr/share/code/resources/app/out/vs/workbench/workbench.desktop.main.js:684:25982)
    at G (vscode-file://vscode-app/snap/code/158/usr/share/code/resources/app/out/vs/workbench/workbench.desktop.main.js:684:28746)
    at vscode-file://vscode-app/snap/code/158/usr/share/code/resources/app/out/vs/workbench/workbench.desktop.main.js:684:29525
    at async Promise.all (index 15)
    at async m (vscode-file://vscode-app/snap/code/158/usr/share/code/resources/app/out/vs/workbench/workbench.desktop.main.js:684:29237)
    at async Promise.all (index 0)
2024-05-08 18:59:39.414 [error] Cannot read properties of undefined (reading 'toLowerCase'): TypeError: Cannot read properties of undefined (reading 'toLowerCase')
    at new l (vscode-file://vscode-app/snap/code/158/usr/share/code/resources/app/out/vs/workbench/workbench.desktop.main.js:684:25982)
    at G (vscode-file://vscode-app/snap/code/158/usr/share/code/resources/app/out/vs/workbench/workbench.desktop.main.js:684:28746)
    at vscode-file://vscode-app/snap/code/158/usr/share/code/resources/app/out/vs/workbench/workbench.desktop.main.js:684:29525
    at async Promise.all (index 15)
    at async m (vscode-file://vscode-app/snap/code/158/usr/share/code/resources/app/out/vs/workbench/workbench.desktop.main.js:684:29237)
    at async Promise.all (index 0)
2024-05-08 18:59:41.048 [error] Cannot read properties of undefined (reading 'toLowerCase'): TypeError: Cannot read properties of undefined (reading 'toLowerCase')
    at new l (vscode-file://vscode-app/snap/code/158/usr/share/code/resources/app/out/vs/workbench/workbench.desktop.main.js:684:25982)
    at G (vscode-file://vscode-app/snap/code/158/usr/share/code/resources/app/out/vs/workbench/workbench.desktop.main.js:684:28746)
    at vscode-file://vscode-app/snap/code/158/usr/share/code/resources/app/out/vs/workbench/workbench.desktop.main.js:684:29525
    at async Promise.all (index 15)
    at async m (vscode-file://vscode-app/snap/code/158/usr/share/code/resources/app/out/vs/workbench/workbench.desktop.main.js:684:29237)
    at async Promise.all (index 0)
2024-05-08 19:00:04.042 [error] Cannot read properties of undefined (reading 'toLowerCase'): TypeError: Cannot read properties of undefined (reading 'toLowerCase')
    at new l (vscode-file://vscode-app/snap/code/158/usr/share/code/resources/app/out/vs/workbench/workbench.desktop.main.js:684:25982)
    at G (vscode-file://vscode-app/snap/code/158/usr/share/code/resources/app/out/vs/workbench/workbench.desktop.main.js:684:28746)
    at vscode-file://vscode-app/snap/code/158/usr/share/code/resources/app/out/vs/workbench/workbench.desktop.main.js:684:29525
    at async Promise.all (index 15)
    at async m (vscode-file://vscode-app/snap/code/158/usr/share/code/resources/app/out/vs/workbench/workbench.desktop.main.js:684:29237)
    at async Promise.all (index 0)
2024-05-08 19:03:35.341 [error] [Extension Host] (node:8026) [DEP0126] DeprecationWarning: timers.active() is deprecated. Please use timeout.refresh() instead.
(Use `exe --trace-deprecation ...` to show where the warning was created)
2024-05-08 19:03:35.342 [error] [Extension Host] (node:8026) [DEP0096] DeprecationWarning: timers.unenroll() is deprecated. Please use clearTimeout instead.
2024-05-08 19:03:35.370 [error] [Extension Host] (node:8026) [DEP0095] DeprecationWarning: timers.enroll() is deprecated. Please use setTimeout instead.
