Initializing document watcher...
laravel8-api-auth-jwt/app/Http/Controllers/AuthController.php: Using EditorConfig core...
app/Http/Controllers/AuthController.php: editor.action.trimTrailingWhitespace
laravel8-api-auth-jwt/.env: {"insertSpaces":true,"tabSize":4}
laravel8-api-auth-jwt/app/Http/Controllers/AuthController.php: {"insertSpaces":true,"tabSize":4}
laravel8-api-auth-jwt/README.md: {"insertSpaces":true,"tabSize":4}
laravel8-api-auth-jwt/README.md: Using EditorConfig core...
laravel8-api-auth-jwt/README.md: {"insertSpaces":true,"tabSize":4}
laravel8-api-auth-jwt/README.md: {"insertSpaces":true,"tabSize":4}
laravel8-api-auth-jwt/README.md: {"insertSpaces":true,"tabSize":4}
laravel8-api-auth-jwt/README.md: Using EditorConfig core...
README.md: insertFinalNewline(LF)
laravel8-api-auth-jwt/README.md: {"insertSpaces":true,"tabSize":4}
laravel8-api-auth-jwt/README.md: {"insertSpaces":true,"tabSize":4}
laravel8-api-auth-jwt/README.md: {"insertSpaces":true,"tabSize":4}
laravel8-api-auth-jwt/README.md: {"insertSpaces":true,"tabSize":4}
laravel8-api-auth-jwt/phpunit.xml: {"insertSpaces":true,"tabSize":4}
laravel8-api-auth-jwt/package.json: {"insertSpaces":true,"tabSize":4}
laravel8-api-auth-jwt/composer.json: {"insertSpaces":true,"tabSize":4}
laravel8-api-auth-jwt/composer.json: {"insertSpaces":true,"tabSize":4}
laravel8-api-auth-jwt/README.md: {"insertSpaces":true,"tabSize":4}
laravel8-api-auth-jwt/README.md: Using EditorConfig core...
README.md: insertFinalNewline(LF)
laravel8-api-auth-jwt/database/migrations/2019_12_14_000001_create_personal_access_tokens_table.php: {"insertSpaces":true,"tabSize":4}
laravel8-api-auth-jwt/database/migrations/2019_08_19_000000_create_failed_jobs_table.php: {"insertSpaces":true,"tabSize":4}
laravel8-api-auth-jwt/database/migrations/2014_10_12_000000_create_users_table.php: {"insertSpaces":true,"tabSize":4}
laravel8-api-auth-jwt/database/migrations/2014_10_12_000000_create_users_table.php: {"insertSpaces":true,"tabSize":4}
laravel8-api-auth-jwt/database/migrations/2014_10_12_000000_create_users_table.php: {"insertSpaces":true,"tabSize":4}
laravel8-api-auth-jwt/database/migrations/2014_10_12_000000_create_users_table.php: {"insertSpaces":true,"tabSize":4}
laravel8-api-auth-jwt/config/sanctum.php: {"insertSpaces":true,"tabSize":4}
laravel8-api-auth-jwt/config/sanctum.php: {"insertSpaces":true,"tabSize":4}
laravel8-api-auth-jwt/database/migrations/2019_12_14_000001_create_personal_access_tokens_table.php: {"insertSpaces":true,"tabSize":4}
laravel8-api-auth-jwt/database/migrations/2019_12_14_000001_create_personal_access_tokens_table.php: {"insertSpaces":true,"tabSize":4}
laravel8-api-auth-jwt/database/migrations/2019_12_14_000001_create_personal_access_tokens_table.php: {"insertSpaces":true,"tabSize":4}
laravel8-api-auth-jwt/database/migrations/2019_12_14_000001_create_personal_access_tokens_table.php: {"insertSpaces":true,"tabSize":4}
laravel8-api-auth-jwt/app/Models/User.php: {"insertSpaces":true,"tabSize":4}
laravel8-api-auth-jwt/app/Models/User.php: {"insertSpaces":true,"tabSize":4}
laravel8-api-auth-jwt/app/Models/User.php: {"insertSpaces":true,"tabSize":4}
laravel8-api-auth-jwt/app/Models/User.php: {"insertSpaces":true,"tabSize":4}
laravel8-api-auth-jwt/app/Models/User.php: {"insertSpaces":true,"tabSize":4}
laravel8-api-auth-jwt/app/Http/Controllers/AuthController.php: {"insertSpaces":true,"tabSize":4}
laravel8-api-auth-jwt/app/Http/Controllers/AuthController.php: {"insertSpaces":true,"tabSize":4}
laravel8-api-auth-jwt/app/Http/Controllers/AuthController.php: {"insertSpaces":true,"tabSize":4}
laravel8-api-auth-jwt/app/Http/Controllers/AuthController.php: {"insertSpaces":true,"tabSize":4}
laravel8-api-auth-jwt/app/Http/Controllers/AuthController.php: {"insertSpaces":true,"tabSize":4}
laravel8-api-auth-jwt/app/Http/Controllers/AuthController.php: {"insertSpaces":true,"tabSize":4}
laravel8-api-auth-jwt/app/Http/Controllers/AuthController.php: {"insertSpaces":true,"tabSize":4}
laravel8-api-auth-jwt/app/Http/Controllers/AuthController.php: {"insertSpaces":true,"tabSize":4}
laravel8-api-auth-jwt/app/Http/Controllers/AuthController.php: {"insertSpaces":true,"tabSize":4}
laravel8-api-auth-jwt/app/Http/Controllers/AuthController.php: Using EditorConfig core...
app/Http/Controllers/AuthController.php: editor.action.trimTrailingWhitespace
laravel8-api-auth-jwt/app/Http/Controllers/AuthController.php: Using EditorConfig core...
app/Http/Controllers/AuthController.php: editor.action.trimTrailingWhitespace
laravel8-api-auth-jwt/app/Http/Controllers/AuthController.php: Using EditorConfig core...
app/Http/Controllers/AuthController.php: editor.action.trimTrailingWhitespace
laravel8-api-auth-jwt/app/Http/Controllers/AuthController.php: {"insertSpaces":true,"tabSize":4}
laravel8-api-auth-jwt/app/Http/Controllers/AuthController.php: {"insertSpaces":true,"tabSize":4}
laravel8-api-auth-jwt/app/Http/Controllers/AuthController.php: {"insertSpaces":true,"tabSize":4}
laravel8-api-auth-jwt/app/Http/Controllers/AuthController.php: {"insertSpaces":true,"tabSize":4}
laravel8-api-auth-jwt/app/Http/Controllers/AuthController.php: {"insertSpaces":true,"tabSize":4}
laravel8-api-auth-jwt/app/Http/Controllers/AuthController.php: Using EditorConfig core...
app/Http/Controllers/AuthController.php: editor.action.trimTrailingWhitespace
laravel8-api-auth-jwt/app/Http/Controllers/AuthController.php: {"insertSpaces":true,"tabSize":4}
laravel8-api-auth-jwt/app/Http/Controllers/AuthController.php: {"insertSpaces":true,"tabSize":4}
laravel8-api-auth-jwt/app/Http/Controllers/AuthController.php: {"insertSpaces":true,"tabSize":4}
laravel8-api-auth-jwt/app/Http/Controllers/AuthController.php: Using EditorConfig core...
app/Http/Controllers/AuthController.php: editor.action.trimTrailingWhitespace
laravel8-api-auth-jwt/app/Http/Controllers/AuthController.php: Using EditorConfig core...
app/Http/Controllers/AuthController.php: editor.action.trimTrailingWhitespace
laravel8-api-auth-jwt/app/Http/Controllers/AuthController.php: {"insertSpaces":true,"tabSize":4}
laravel8-api-auth-jwt/app/Http/Controllers/AuthController.php: Using EditorConfig core...
app/Http/Controllers/AuthController.php: editor.action.trimTrailingWhitespace
laravel8-api-auth-jwt/app/Http/Controllers/AuthController.php: Using EditorConfig core...
app/Http/Controllers/AuthController.php: editor.action.trimTrailingWhitespace
laravel8-api-auth-jwt/app/Http/Controllers/AuthController.php: {"insertSpaces":true,"tabSize":4}
laravel8-api-auth-jwt/app/Http/Controllers/AuthController.php: {"insertSpaces":true,"tabSize":4}
laravel8-api-auth-jwt/app/Http/Controllers/AuthController.php: {"insertSpaces":true,"tabSize":4}
laravel8-api-auth-jwt/app/Http/Controllers/AuthController.php: {"insertSpaces":true,"tabSize":4}
laravel8-api-auth-jwt/app/Http/Controllers/AuthController.php: Using EditorConfig core...
app/Http/Controllers/AuthController.php: editor.action.trimTrailingWhitespace
laravel8-api-auth-jwt/app/Http/Controllers/AuthController.php: Using EditorConfig core...
app/Http/Controllers/AuthController.php: editor.action.trimTrailingWhitespace
laravel8-api-auth-jwt/app/Http/Controllers/AuthController.php: Using EditorConfig core...
app/Http/Controllers/AuthController.php: editor.action.trimTrailingWhitespace
laravel8-api-auth-jwt/app/Http/Controllers/AuthController.php: {"insertSpaces":true,"tabSize":4}
laravel8-api-auth-jwt/app/Http/Controllers/AuthController.php: {"insertSpaces":true,"tabSize":4}
laravel8-api-auth-jwt/app/Http/Controllers/AuthController.php: {"insertSpaces":true,"tabSize":4}
laravel8-api-auth-jwt/app/Http/Controllers/AuthController.php: {"insertSpaces":true,"tabSize":4}
laravel8-api-auth-jwt/app/Http/Controllers/AuthController.php: Using EditorConfig core...
app/Http/Controllers/AuthController.php: editor.action.trimTrailingWhitespace
laravel8-api-auth-jwt/app/Http/Controllers/AuthController.php: {"insertSpaces":true,"tabSize":4}
laravel8-api-auth-jwt/app/Http/Controllers/AuthController.php: {"insertSpaces":true,"tabSize":4}
laravel8-api-auth-jwt/app/Http/Controllers/AuthController.php: {"insertSpaces":true,"tabSize":4}
laravel8-api-auth-jwt/app/Http/Controllers/AuthController.php: Using EditorConfig core...
app/Http/Controllers/AuthController.php: editor.action.trimTrailingWhitespace
laravel8-api-auth-jwt/app/Http/Controllers/AuthController.php: {"insertSpaces":true,"tabSize":4}
laravel8-api-auth-jwt/app/Http/Controllers/AuthController.php: {"insertSpaces":true,"tabSize":4}
laravel8-api-auth-jwt/app/Http/Controllers/AuthController.php: {"insertSpaces":true,"tabSize":4}
laravel8-api-auth-jwt/app/Http/Controllers/AuthController.php: {"insertSpaces":true,"tabSize":4}
laravel8-api-auth-jwt/app/Http/Controllers/AuthController.php: Using EditorConfig core...
app/Http/Controllers/AuthController.php: editor.action.trimTrailingWhitespace
laravel8-api-auth-jwt/app/Http/Controllers/AuthController.php: {"insertSpaces":true,"tabSize":4}
laravel8-api-auth-jwt/app/Http/Controllers/AuthController.php: {"insertSpaces":true,"tabSize":4}
laravel8-api-auth-jwt/app/Http/Controllers/AuthController.php: {"insertSpaces":true,"tabSize":4}
laravel8-api-auth-jwt/app/Http/Controllers/AuthController.php: Using EditorConfig core...
app/Http/Controllers/AuthController.php: editor.action.trimTrailingWhitespace
laravel8-api-auth-jwt/app/Http/Controllers/AuthController.php: Using EditorConfig core...
app/Http/Controllers/AuthController.php: editor.action.trimTrailingWhitespace
laravel8-api-auth-jwt/app/Http/Controllers/AuthController.php: Using EditorConfig core...
app/Http/Controllers/AuthController.php: editor.action.trimTrailingWhitespace
laravel8-api-auth-jwt/app/Http/Controllers/AuthController.php: Using EditorConfig core...
app/Http/Controllers/AuthController.php: editor.action.trimTrailingWhitespace
laravel8-api-auth-jwt/app/Http/Controllers/AuthController.php: {"insertSpaces":true,"tabSize":4}
laravel8-api-auth-jwt/app/Http/Controllers/AuthController.php: {"insertSpaces":true,"tabSize":4}
laravel8-api-auth-jwt/app/Http/Controllers/AuthController.php: Using EditorConfig core...
app/Http/Controllers/AuthController.php: editor.action.trimTrailingWhitespace
laravel8-api-auth-jwt/app/Http/Controllers/AuthController.php: {"insertSpaces":true,"tabSize":4}
laravel8-api-auth-jwt/app/Http/Controllers/AuthController.php: Using EditorConfig core...
app/Http/Controllers/AuthController.php: editor.action.trimTrailingWhitespace
laravel8-api-auth-jwt/app/Http/Controllers/AuthController.php: {"insertSpaces":true,"tabSize":4}
laravel8-api-auth-jwt/app/Http/Controllers/AuthController.php: {"insertSpaces":true,"tabSize":4}
laravel8-api-auth-jwt/app/Http/Controllers/AuthController.php: {"insertSpaces":true,"tabSize":4}
laravel8-api-auth-jwt/app/Http/Controllers/AuthController.php: {"insertSpaces":true,"tabSize":4}
laravel8-api-auth-jwt/routes/api.php: {"insertSpaces":true,"tabSize":4}
laravel8-api-auth-jwt/routes/api.php: {"insertSpaces":true,"tabSize":4}
laravel8-api-auth-jwt/routes/api.php: {"insertSpaces":true,"tabSize":4}
undefined: {}
undefined: {}
laravel8-api-auth-jwt/routes/api.php: {"insertSpaces":true,"tabSize":4}
laravel8-api-auth-jwt/routes/api.php: {"insertSpaces":true,"tabSize":4}
laravel8-api-auth-jwt/routes/api.php: {"insertSpaces":true,"tabSize":4}
laravel8-api-auth-jwt/routes/api.php: {"insertSpaces":true,"tabSize":4}
laravel8-api-auth-jwt/routes/api.php: {"insertSpaces":true,"tabSize":4}
laravel8-api-auth-jwt/routes/api.php: Using EditorConfig core...
routes/api.php: editor.action.trimTrailingWhitespace
laravel8-api-auth-jwt/routes/api.php: {"insertSpaces":true,"tabSize":4}
laravel8-api-auth-jwt/routes/api.php: Using EditorConfig core...
routes/api.php: editor.action.trimTrailingWhitespace
laravel8-api-auth-jwt/routes/api.php: {"insertSpaces":true,"tabSize":4}
laravel8-api-auth-jwt/routes/api.php: {"insertSpaces":true,"tabSize":4}
laravel8-api-auth-jwt/routes/api.php: {"insertSpaces":true,"tabSize":4}
laravel8-api-auth-jwt/routes/api.php: {"insertSpaces":true,"tabSize":4}
laravel8-api-auth-jwt/routes/api.php: Using EditorConfig core...
routes/api.php: editor.action.trimTrailingWhitespace
laravel8-api-auth-jwt/routes/api.php: Using EditorConfig core...
routes/api.php: editor.action.trimTrailingWhitespace
laravel8-api-auth-jwt/routes/api.php: Using EditorConfig core...
routes/api.php: editor.action.trimTrailingWhitespace
laravel8-api-auth-jwt/routes/api.php: Using EditorConfig core...
routes/api.php: editor.action.trimTrailingWhitespace
laravel8-api-auth-jwt/routes/api.php: {"insertSpaces":true,"tabSize":4}
laravel8-api-auth-jwt/routes/api.php: Using EditorConfig core...
routes/api.php: editor.action.trimTrailingWhitespace
laravel8-api-auth-jwt/routes/api.php: Using EditorConfig core...
routes/api.php: editor.action.trimTrailingWhitespace
laravel8-api-auth-jwt/routes/api.php: Using EditorConfig core...
routes/api.php: editor.action.trimTrailingWhitespace
laravel8-api-auth-jwt/routes/api.php: Using EditorConfig core...
routes/api.php: editor.action.trimTrailingWhitespace
laravel8-api-auth-jwt/routes/api.php: Using EditorConfig core...
routes/api.php: editor.action.trimTrailingWhitespace
laravel8-api-auth-jwt/routes/api.php: Using EditorConfig core...
routes/api.php: editor.action.trimTrailingWhitespace
laravel8-api-auth-jwt/routes/api.php: {"insertSpaces":true,"tabSize":4}
laravel8-api-auth-jwt/routes/api.php: {"insertSpaces":true,"tabSize":4}
laravel8-api-auth-jwt/app/Http/Controllers/AuthController.php: {"insertSpaces":true,"tabSize":4}
laravel8-api-auth-jwt/routes/api.php: {"insertSpaces":true,"tabSize":4}
laravel8-api-auth-jwt/routes/api.php: Using EditorConfig core...
routes/api.php: editor.action.trimTrailingWhitespace
laravel8-api-auth-jwt/routes/api.php: {"insertSpaces":true,"tabSize":4}
undefined: {}
undefined: {}
undefined: {}
laravel8-api-auth-jwt/routes/api.php: {"insertSpaces":true,"tabSize":4}
laravel8-api-auth-jwt/routes/api.php: {"insertSpaces":true,"tabSize":4}
laravel8-api-auth-jwt/app/Http/Controllers/AuthController.php: {"insertSpaces":true,"tabSize":4}
laravel8-api-auth-jwt/app/Http/Controllers/AuthController.php: Using EditorConfig core...
app/Http/Controllers/AuthController.php: editor.action.trimTrailingWhitespace
laravel8-api-auth-jwt/app/Http/Controllers/AuthController.php: {"insertSpaces":true,"tabSize":4}
laravel8-api-auth-jwt/app/Http/Controllers/AuthController.php: Using EditorConfig core...
app/Http/Controllers/AuthController.php: editor.action.trimTrailingWhitespace
laravel8-api-auth-jwt/app/Http/Controllers/AuthController.php: Using EditorConfig core...
app/Http/Controllers/AuthController.php: editor.action.trimTrailingWhitespace
laravel8-api-auth-jwt/app/Http/Controllers/AuthController.php: {"insertSpaces":true,"tabSize":4}
laravel8-api-auth-jwt/app/Http/Controllers/AuthController.php: {"insertSpaces":true,"tabSize":4}
laravel8-api-auth-jwt/app/Http/Controllers/AuthController.php: Using EditorConfig core...
app/Http/Controllers/AuthController.php: editor.action.trimTrailingWhitespace
laravel8-api-auth-jwt/app/Http/Controllers/AuthController.php: Using EditorConfig core...
app/Http/Controllers/AuthController.php: editor.action.trimTrailingWhitespace
laravel8-api-auth-jwt/app/Http/Controllers/AuthController.php: {"insertSpaces":true,"tabSize":4}
laravel8-api-auth-jwt/app/Http/Controllers/AuthController.php: {"insertSpaces":true,"tabSize":4}
laravel8-api-auth-jwt/app/Http/Controllers/AuthController.php: {"insertSpaces":true,"tabSize":4}
laravel8-api-auth-jwt/app/Http/Controllers/AuthController.php: {"insertSpaces":true,"tabSize":4}
laravel8-api-auth-jwt/app/Http/Controllers/AuthController.php: {"insertSpaces":true,"tabSize":4}
laravel8-api-auth-jwt/app/Http/Controllers/AuthController.php: {"insertSpaces":true,"tabSize":4}
laravel8-api-auth-jwt/app/Http/Controllers/AuthController.php: {"insertSpaces":true,"tabSize":4}
laravel8-api-auth-jwt/app/Http/Controllers/AuthController.php: {"insertSpaces":true,"tabSize":4}
laravel8-api-auth-jwt/app/Http/Controllers/AuthController.php: {"insertSpaces":true,"tabSize":4}
laravel8-api-auth-jwt/app/Http/Controllers/AuthController.php: Using EditorConfig core...
app/Http/Controllers/AuthController.php: editor.action.trimTrailingWhitespace
laravel8-api-auth-jwt/app/Http/Controllers/AuthController.php: {"insertSpaces":true,"tabSize":4}
laravel8-api-auth-jwt/app/Http/Controllers/AuthController.php: Using EditorConfig core...
app/Http/Controllers/AuthController.php: editor.action.trimTrailingWhitespace
laravel8-api-auth-jwt/app/Http/Controllers/AuthController.php: Using EditorConfig core...
app/Http/Controllers/AuthController.php: editor.action.trimTrailingWhitespace
laravel8-api-auth-jwt/app/Http/Controllers/AuthController.php: Using EditorConfig core...
app/Http/Controllers/AuthController.php: editor.action.trimTrailingWhitespace
laravel8-api-auth-jwt/app/Http/Controllers/AuthController.php: Using EditorConfig core...
app/Http/Controllers/AuthController.php: editor.action.trimTrailingWhitespace
laravel8-api-auth-jwt/app/Http/Controllers/AuthController.php: Using EditorConfig core...
app/Http/Controllers/AuthController.php: editor.action.trimTrailingWhitespace
laravel8-api-auth-jwt/app/Http/Controllers/AuthController.php: Using EditorConfig core...
app/Http/Controllers/AuthController.php: editor.action.trimTrailingWhitespace
laravel8-api-auth-jwt/app/Http/Controllers/AuthController.php: Using EditorConfig core...
app/Http/Controllers/AuthController.php: editor.action.trimTrailingWhitespace
laravel8-api-auth-jwt/app/Http/Controllers/AuthController.php: {"insertSpaces":true,"tabSize":4}
laravel8-api-auth-jwt/app/Http/Controllers/AuthController.php: {"insertSpaces":true,"tabSize":4}
laravel8-api-auth-jwt/app/Http/Controllers/AuthController.php: {"insertSpaces":true,"tabSize":4}
laravel8-api-auth-jwt/app/Http/Controllers/AuthController.php: {"insertSpaces":true,"tabSize":4}
laravel8-api-auth-jwt/app/Http/Controllers/AuthController.php: Using EditorConfig core...
app/Http/Controllers/AuthController.php: editor.action.trimTrailingWhitespace
laravel8-api-auth-jwt/app/Http/Controllers/AuthController.php: {"insertSpaces":true,"tabSize":4}
laravel8-api-auth-jwt/app/Http/Controllers/AuthController.php: Using EditorConfig core...
app/Http/Controllers/AuthController.php: editor.action.trimTrailingWhitespace
laravel8-api-auth-jwt/app/Http/Controllers/AuthController.php: {"insertSpaces":true,"tabSize":4}
laravel8-api-auth-jwt/app/Http/Controllers/AuthController.php: {"insertSpaces":true,"tabSize":4}
laravel8-api-auth-jwt/app/Http/Controllers/AuthController.php: {"insertSpaces":true,"tabSize":4}
laravel8-api-auth-jwt/app/Http/Controllers/AuthController.php: {"insertSpaces":true,"tabSize":4}
laravel8-api-auth-jwt/app/Http/Controllers/AuthController.php: Using EditorConfig core...
app/Http/Controllers/AuthController.php: editor.action.trimTrailingWhitespace
laravel8-api-auth-jwt/app/Http/Controllers/AuthController.php: {"insertSpaces":true,"tabSize":4}
laravel8-api-auth-jwt/app/Http/Controllers/AuthController.php: {"insertSpaces":true,"tabSize":4}
laravel8-api-auth-jwt/app/Http/Controllers/AuthController.php: {"insertSpaces":true,"tabSize":4}
laravel8-api-auth-jwt/app/Http/Controllers/AuthController.php: {"insertSpaces":true,"tabSize":4}
laravel8-api-auth-jwt/app/Http/Controllers/AuthController.php: {"insertSpaces":true,"tabSize":4}
laravel8-api-auth-jwt/app/Http/Controllers/AuthController.php: {"insertSpaces":true,"tabSize":4}
laravel8-api-auth-jwt/app/Http/Controllers/AuthController.php: {"insertSpaces":true,"tabSize":4}
laravel8-api-auth-jwt/app/Http/Controllers/AuthController.php: {"insertSpaces":true,"tabSize":4}
laravel8-api-auth-jwt/app/Http/Controllers/AuthController.php: {"insertSpaces":true,"tabSize":4}
laravel8-api-auth-jwt/app/Http/Controllers/AuthController.php: {"insertSpaces":true,"tabSize":4}
laravel8-api-auth-jwt/app/Http/Controllers/AuthController.php: {"insertSpaces":true,"tabSize":4}
laravel8-api-auth-jwt/app/Http/Controllers/AuthController.php: {"insertSpaces":true,"tabSize":4}
laravel8-api-auth-jwt/app/Http/Controllers/AuthController.php: {"insertSpaces":true,"tabSize":4}
laravel8-api-auth-jwt/app/Http/Controllers/AuthController.php: Using EditorConfig core...
app/Http/Controllers/AuthController.php: editor.action.trimTrailingWhitespace
laravel8-api-auth-jwt/app/Http/Controllers/AuthController.php: {"insertSpaces":true,"tabSize":4}
laravel8-api-auth-jwt/app/Http/Controllers/AuthController.php: {"insertSpaces":true,"tabSize":4}
laravel8-api-auth-jwt/app/Http/Controllers/AuthController.php: Using EditorConfig core...
app/Http/Controllers/AuthController.php: editor.action.trimTrailingWhitespace
laravel8-api-auth-jwt/app/Http/Controllers/AuthController.php: {"insertSpaces":true,"tabSize":4}
laravel8-api-auth-jwt/app/Http/Controllers/AuthController.php: {"insertSpaces":true,"tabSize":4}
laravel8-api-auth-jwt/app/Http/Controllers/AuthController.php: {"insertSpaces":true,"tabSize":4}
laravel8-api-auth-jwt/app/Http/Controllers/AuthController.php: {"insertSpaces":true,"tabSize":4}
laravel8-api-auth-jwt/app/Http/Controllers/AuthController.php: {"insertSpaces":true,"tabSize":4}
laravel8-api-auth-jwt/app/Http/Controllers/AuthController.php: {"insertSpaces":true,"tabSize":4}
laravel8-api-auth-jwt/app/Http/Controllers/AuthController.php: Using EditorConfig core...
app/Http/Controllers/AuthController.php: editor.action.trimTrailingWhitespace
laravel8-api-auth-jwt/app/Http/Controllers/AuthController.php: {"insertSpaces":true,"tabSize":4}
laravel8-api-auth-jwt/app/Http/Controllers/AuthController.php: Using EditorConfig core...
app/Http/Controllers/AuthController.php: editor.action.trimTrailingWhitespace
laravel8-api-auth-jwt/app/Http/Controllers/AuthController.php: Using EditorConfig core...
app/Http/Controllers/AuthController.php: editor.action.trimTrailingWhitespace
laravel8-api-auth-jwt/app/Http/Controllers/AuthController.php: {"insertSpaces":true,"tabSize":4}
laravel8-api-auth-jwt/app/Http/Controllers/AuthController.php: {"insertSpaces":true,"tabSize":4}
laravel8-api-auth-jwt/app/Http/Controllers/AuthController.php: {"insertSpaces":true,"tabSize":4}
laravel8-api-auth-jwt/app/Http/Controllers/AuthController.php: {"insertSpaces":true,"tabSize":4}
laravel8-api-auth-jwt/app/Http/Controllers/AuthController.php: {"insertSpaces":true,"tabSize":4}
laravel8-api-auth-jwt/app/Http/Controllers/AuthController.php: Using EditorConfig core...
app/Http/Controllers/AuthController.php: editor.action.trimTrailingWhitespace
laravel8-api-auth-jwt/app/Http/Controllers/AuthController.php: Using EditorConfig core...
app/Http/Controllers/AuthController.php: editor.action.trimTrailingWhitespace
laravel8-api-auth-jwt/app/Http/Controllers/AuthController.php: {"insertSpaces":true,"tabSize":4}
laravel8-api-auth-jwt/app/Http/Controllers/AuthController.php: {"insertSpaces":true,"tabSize":4}
laravel8-api-auth-jwt/app/Http/Controllers/AuthController.php: Using EditorConfig core...
app/Http/Controllers/AuthController.php: editor.action.trimTrailingWhitespace
laravel8-api-auth-jwt/app/Http/Controllers/AuthController.php: {"insertSpaces":true,"tabSize":4}
laravel8-api-auth-jwt/app/Http/Controllers/AuthController.php: {"insertSpaces":true,"tabSize":4}
undefined: {}
No more open editors.
undefined: {}
No more open editors.
No more open editors.
laravel8-api-auth-jwt/config/sanctum.php: {"insertSpaces":true,"tabSize":4}
laravel8-api-auth-jwt/database/migrations/2014_10_12_100000_create_password_resets_table.php: {"insertSpaces":true,"tabSize":4}
laravel8-api-auth-jwt/database/migrations/2019_12_14_000001_create_personal_access_tokens_table.php: {"insertSpaces":true,"tabSize":4}
laravel8-api-auth-jwt/database/migrations/2019_12_14_000001_create_personal_access_tokens_table.php: {"insertSpaces":true,"tabSize":4}
laravel8-api-auth-jwt/database/migrations/2019_12_14_000001_create_personal_access_tokens_table.php: {"insertSpaces":true,"tabSize":4}
laravel8-api-auth-jwt/database/migrations/2019_12_14_000001_create_personal_access_tokens_table.php: {"insertSpaces":true,"tabSize":4}
laravel8-api-auth-jwt/database/migrations/2019_12_14_000001_create_personal_access_tokens_table.php: {"insertSpaces":true,"tabSize":4}
undefined: {}
laravel8-api-auth-jwt/app/Http/Controllers/AuthController.php: {"insertSpaces":true,"tabSize":4}
laravel8-api-auth-jwt/app/Http/Controllers/AuthController.php: {"insertSpaces":true,"tabSize":4}
laravel8-api-auth-jwt/app/Http/Controllers/AuthController.php: Using EditorConfig core...
app/Http/Controllers/AuthController.php: editor.action.trimTrailingWhitespace
laravel8-api-auth-jwt/app/Http/Controllers/AuthController.php: {"insertSpaces":true,"tabSize":4}
laravel8-api-auth-jwt/app/Http/Controllers/AuthController.php: {"insertSpaces":true,"tabSize":4}
laravel8-api-auth-jwt/app/Http/Controllers/AuthController.php: {"insertSpaces":true,"tabSize":4}
laravel8-api-auth-jwt/app/Http/Controllers/AuthController.php: {"insertSpaces":true,"tabSize":4}
laravel8-api-auth-jwt/app/Http/Controllers/AuthController.php: {"insertSpaces":true,"tabSize":4}
laravel8-api-auth-jwt/app/Http/Controllers/AuthController.php: {"insertSpaces":true,"tabSize":4}
laravel8-api-auth-jwt/app/Http/Controllers/AuthController.php: {"insertSpaces":true,"tabSize":4}
laravel8-api-auth-jwt/app/Http/Controllers/AuthController.php: {"insertSpaces":true,"tabSize":4}
laravel8-api-auth-jwt/app/Http/Controllers/AuthController.php: {"insertSpaces":true,"tabSize":4}
laravel8-api-auth-jwt/app/Http/Controllers/AuthController.php: Using EditorConfig core...
app/Http/Controllers/AuthController.php: editor.action.trimTrailingWhitespace
laravel8-api-auth-jwt/app/Http/Controllers/AuthController.php: {"insertSpaces":true,"tabSize":4}
laravel8-api-auth-jwt/app/Http/Controllers/AuthController.php: {"insertSpaces":true,"tabSize":4}
laravel8-api-auth-jwt/config/cors.php: {"insertSpaces":true,"tabSize":4}
laravel8-api-auth-jwt/routes/api.php: {"insertSpaces":true,"tabSize":4}
laravel8-api-auth-jwt/routes/api.php: Using EditorConfig core...
routes/api.php: editor.action.trimTrailingWhitespace
laravel8-api-auth-jwt/routes/api.php: Using EditorConfig core...
routes/api.php: editor.action.trimTrailingWhitespace
laravel8-api-auth-jwt/routes/api.php: {"insertSpaces":true,"tabSize":4}
laravel8-api-auth-jwt/routes/api.php: {"insertSpaces":true,"tabSize":4}
laravel8-api-auth-jwt/routes/api.php: {"insertSpaces":true,"tabSize":4}
laravel8-api-auth-jwt/routes/api.php: {"insertSpaces":true,"tabSize":4}
laravel8-api-auth-jwt/routes/api.php: Using EditorConfig core...
routes/api.php: editor.action.trimTrailingWhitespace
laravel8-api-auth-jwt/routes/api.php: {"insertSpaces":true,"tabSize":4}
laravel8-api-auth-jwt/routes/api.php: Using EditorConfig core...
routes/api.php: editor.action.trimTrailingWhitespace
laravel8-api-auth-jwt/routes/api.php: Using EditorConfig core...
routes/api.php: editor.action.trimTrailingWhitespace
laravel8-api-auth-jwt/routes/api.php: Using EditorConfig core...
routes/api.php: editor.action.trimTrailingWhitespace
routes/api.php: insertFinalNewline(LF)
laravel8-api-auth-jwt/routes/api.php: {"insertSpaces":true,"tabSize":4}
laravel8-api-auth-jwt/routes/api.php: {"insertSpaces":true,"tabSize":4}
laravel8-api-auth-jwt/routes/api.php: {"insertSpaces":true,"tabSize":4}
laravel8-api-auth-jwt/routes/api.php: {"insertSpaces":true,"tabSize":4}
laravel8-api-auth-jwt/app/Http/Controllers/AuthController.php: {"insertSpaces":true,"tabSize":4}
laravel8-api-auth-jwt/routes/api.php: {"insertSpaces":true,"tabSize":4}
laravel8-api-auth-jwt/routes/api.php: {"insertSpaces":true,"tabSize":4}
laravel8-api-auth-jwt/routes/api.php: {"insertSpaces":true,"tabSize":4}
laravel8-api-auth-jwt/routes/api.php: {"insertSpaces":true,"tabSize":4}
laravel8-api-auth-jwt/routes/api.php: {"insertSpaces":true,"tabSize":4}
laravel8-api-auth-jwt/config/cors.php: {"insertSpaces":true,"tabSize":4}
laravel8-api-auth-jwt/config/cors.php: Using EditorConfig core...
config/cors.php: editor.action.trimTrailingWhitespace
laravel8-api-auth-jwt/config/cors.php: {"insertSpaces":true,"tabSize":4}
undefined: {}
undefined: {}
No more open editors.
No more open editors.
No more open editors.
No more open editors.
laravel8-api-auth-jwt/app/Http/Controllers/AuthController.php: {"insertSpaces":true,"tabSize":4}
laravel8-api-auth-jwt/app/Http/Controllers/AuthController.php: {"insertSpaces":true,"tabSize":4}
laravel8-api-auth-jwt/app/Http/Controllers/AuthController.php: {"insertSpaces":true,"tabSize":4}
laravel8-api-auth-jwt/app/Http/Controllers/AuthController.php: Using EditorConfig core...
app/Http/Controllers/AuthController.php: editor.action.trimTrailingWhitespace
laravel8-api-auth-jwt/app/Http/Controllers/AuthController.php: {"insertSpaces":true,"tabSize":4}
laravel8-api-auth-jwt/app/Http/Controllers/AuthController.php: {"insertSpaces":true,"tabSize":4}
laravel8-api-auth-jwt/routes/api.php: {"insertSpaces":true,"tabSize":4}
laravel8-api-auth-jwt/config/cors.php: {"insertSpaces":true,"tabSize":4}
laravel8-api-auth-jwt/config/cors.php: Using EditorConfig core...
config/cors.php: editor.action.trimTrailingWhitespace
laravel8-api-auth-jwt/config/cors.php: {"insertSpaces":true,"tabSize":4}
laravel8-api-auth-jwt/config/cors.php: Using EditorConfig core...
config/cors.php: editor.action.trimTrailingWhitespace
laravel8-api-auth-jwt/config/cors.php: {"insertSpaces":true,"tabSize":4}
laravel8-api-auth-jwt/config/cors.php: {"insertSpaces":true,"tabSize":4}
laravel8-api-auth-jwt/config/cors.php: {"insertSpaces":true,"tabSize":4}
laravel8-api-auth-jwt/config/cors.php: {"insertSpaces":true,"tabSize":4}
laravel8-api-auth-jwt/config/cors.php: {"insertSpaces":true,"tabSize":4}
laravel8-api-auth-jwt/config/cors.php: {"insertSpaces":true,"tabSize":4}
laravel8-api-auth-jwt/app/Http/Controllers/AuthController.php: {"insertSpaces":true,"tabSize":4}
laravel8-api-auth-jwt/app/Http/Controllers/AuthController.php: {"insertSpaces":true,"tabSize":4}
laravel8-api-auth-jwt/app/Http/Controllers/AuthController.php: {"insertSpaces":true,"tabSize":4}
laravel8-api-auth-jwt/app/Http/Controllers/AuthController.php: {"insertSpaces":true,"tabSize":4}
laravel8-api-auth-jwt/app/Http/Controllers/AuthController.php: Using EditorConfig core...
app/Http/Controllers/AuthController.php: editor.action.trimTrailingWhitespace
laravel8-api-auth-jwt/app/Http/Controllers/AuthController.php: {"insertSpaces":true,"tabSize":4}
laravel8-api-auth-jwt/app/Http/Controllers/AuthController.php: Using EditorConfig core...
app/Http/Controllers/AuthController.php: editor.action.trimTrailingWhitespace
laravel8-api-auth-jwt/app/Http/Controllers/AuthController.php: {"insertSpaces":true,"tabSize":4}
laravel8-api-auth-jwt/app/Http/Controllers/AuthController.php: {"insertSpaces":true,"tabSize":4}
laravel8-api-auth-jwt/app/Http/Controllers/AuthController.php: {"insertSpaces":true,"tabSize":4}
laravel8-api-auth-jwt/app/Http/Controllers/AuthController.php: Using EditorConfig core...
app/Http/Controllers/AuthController.php: editor.action.trimTrailingWhitespace
laravel8-api-auth-jwt/app/Http/Controllers/AuthController.php: Using EditorConfig core...
app/Http/Controllers/AuthController.php: editor.action.trimTrailingWhitespace
laravel8-api-auth-jwt/app/Http/Controllers/AuthController.php: {"insertSpaces":true,"tabSize":4}
laravel8-api-auth-jwt/app/Http/Controllers/AuthController.php: {"insertSpaces":true,"tabSize":4}
laravel8-api-auth-jwt/app/Http/Controllers/AuthController.php: Using EditorConfig core...
app/Http/Controllers/AuthController.php: editor.action.trimTrailingWhitespace
laravel8-api-auth-jwt/app/Http/Controllers/AuthController.php: {"insertSpaces":true,"tabSize":4}
laravel8-api-auth-jwt/app/Http/Controllers/AuthController.php: Using EditorConfig core...
app/Http/Controllers/AuthController.php: editor.action.trimTrailingWhitespace
laravel8-api-auth-jwt/app/Http/Controllers/AuthController.php: {"insertSpaces":true,"tabSize":4}
laravel8-api-auth-jwt/routes/api.php: {"insertSpaces":true,"tabSize":4}
laravel8-api-auth-jwt/routes/api.php: Using EditorConfig core...
routes/api.php: editor.action.trimTrailingWhitespace
laravel8-api-auth-jwt/routes/api.php: Using EditorConfig core...
routes/api.php: editor.action.trimTrailingWhitespace
laravel8-api-auth-jwt/routes/api.php: {"insertSpaces":true,"tabSize":4}
laravel8-api-auth-jwt/routes/api.php: Using EditorConfig core...
routes/api.php: editor.action.trimTrailingWhitespace
laravel8-api-auth-jwt/routes/api.php: Using EditorConfig core...
routes/api.php: editor.action.trimTrailingWhitespace
laravel8-api-auth-jwt/routes/api.php: {"insertSpaces":true,"tabSize":4}
laravel8-api-auth-jwt/app/Http/Middleware/Authenticate.php: {"insertSpaces":true,"tabSize":4}
laravel8-api-auth-jwt/app/Http/Middleware/Authenticate.php: Using EditorConfig core...
app/Http/Middleware/Authenticate.php: editor.action.trimTrailingWhitespace
undefined: {}
undefined: {}
undefined: {}
No more open editors.
laravel8-api-auth-jwt/app/Http/Middleware/Authenticate.php: {"insertSpaces":true,"tabSize":4}
laravel8-api-auth-jwt/app/Http/Middleware/Authenticate.php: Using EditorConfig core...
app/Http/Middleware/Authenticate.php: editor.action.trimTrailingWhitespace
undefined: {}
undefined: {}
No more open editors.
laravel8-api-auth-jwt/app/Http/Middleware/Authenticate.php: {"insertSpaces":true,"tabSize":4}
laravel8-api-auth-jwt/app/Http/Middleware/Authenticate.php: {"insertSpaces":true,"tabSize":4}
laravel8-api-auth-jwt/app/Http/Middleware/Authenticate.php: {"insertSpaces":true,"tabSize":4}
laravel8-api-auth-jwt/app/Http/Middleware/Authenticate.php: {"insertSpaces":true,"tabSize":4}
laravel8-api-auth-jwt/app/Http/Middleware/Authenticate.php: {"insertSpaces":true,"tabSize":4}
laravel8-api-auth-jwt/app/Http/Middleware/Authenticate.php: {"insertSpaces":true,"tabSize":4}
laravel8-api-auth-jwt/app/Http/Middleware/Authenticate.php: {"insertSpaces":true,"tabSize":4}
laravel8-api-auth-jwt/app/Http/Middleware/Authenticate.php: {"insertSpaces":true,"tabSize":4}
laravel8-api-auth-jwt/app/Http/Middleware/Authenticate.php: {"insertSpaces":true,"tabSize":4}
laravel8-api-auth-jwt/app/Http/Middleware/Authenticate.php: {"insertSpaces":true,"tabSize":4}
laravel8-api-auth-jwt/app/Http/Middleware/Authenticate.php: {"insertSpaces":true,"tabSize":4}
laravel8-api-auth-jwt/app/Http/Middleware/Authenticate.php: Using EditorConfig core...
app/Http/Middleware/Authenticate.php: editor.action.trimTrailingWhitespace
laravel8-api-auth-jwt/app/Http/Middleware/Authenticate.php: {"insertSpaces":true,"tabSize":4}
laravel8-api-auth-jwt/app/Http/Middleware/Authenticate.php: {"insertSpaces":true,"tabSize":4}
laravel8-api-auth-jwt/app/Http/Middleware/Authenticate.php: {"insertSpaces":true,"tabSize":4}
laravel8-api-auth-jwt/app/Http/Middleware/Authenticate.php: {"insertSpaces":true,"tabSize":4}
laravel8-api-auth-jwt/app/Http/Middleware/Authenticate.php: {"insertSpaces":true,"tabSize":4}
laravel8-api-auth-jwt/app/Http/Middleware/Authenticate.php: Using EditorConfig core...
app/Http/Middleware/Authenticate.php: editor.action.trimTrailingWhitespace
laravel8-api-auth-jwt/app/Http/Middleware/Authenticate.php: Using EditorConfig core...
app/Http/Middleware/Authenticate.php: editor.action.trimTrailingWhitespace
laravel8-api-auth-jwt/app/Http/Middleware/Authenticate.php: {"insertSpaces":true,"tabSize":4}
laravel8-api-auth-jwt/app/Http/Middleware/Authenticate.php: {"insertSpaces":true,"tabSize":4}
laravel8-api-auth-jwt/app/Http/Middleware/Authenticate.php: Using EditorConfig core...
app/Http/Middleware/Authenticate.php: editor.action.trimTrailingWhitespace
laravel8-api-auth-jwt/app/Http/Middleware/Authenticate.php: {"insertSpaces":true,"tabSize":4}
laravel8-api-auth-jwt/app/Http/Middleware/Authenticate.php: Using EditorConfig core...
app/Http/Middleware/Authenticate.php: editor.action.trimTrailingWhitespace
laravel8-api-auth-jwt/app/Http/Middleware/Authenticate.php: {"insertSpaces":true,"tabSize":4}
laravel8-api-auth-jwt/app/Http/Middleware/Authenticate.php: Using EditorConfig core...
app/Http/Middleware/Authenticate.php: editor.action.trimTrailingWhitespace
laravel8-api-auth-jwt/app/Http/Middleware/Authenticate.php: {"insertSpaces":true,"tabSize":4}
laravel8-api-auth-jwt/app/Http/Middleware/Authenticate.php: Using EditorConfig core...
app/Http/Middleware/Authenticate.php: editor.action.trimTrailingWhitespace
laravel8-api-auth-jwt/app/Http/Middleware/Authenticate.php: {"insertSpaces":true,"tabSize":4}
laravel8-api-auth-jwt/app/Http/Middleware/Authenticate.php: {"insertSpaces":true,"tabSize":4}
laravel8-api-auth-jwt/app/Http/Middleware/Authenticate.php: {"insertSpaces":true,"tabSize":4}
laravel8-api-auth-jwt/app/Http/Middleware/Authenticate.php: {"insertSpaces":true,"tabSize":4}
laravel8-api-auth-jwt/app/Http/Middleware/Authenticate.php: {"insertSpaces":true,"tabSize":4}
laravel8-api-auth-jwt/app/Http/Middleware/Authenticate.php: {"insertSpaces":true,"tabSize":4}
laravel8-api-auth-jwt/app/Http/Middleware/Authenticate.php: Using EditorConfig core...
app/Http/Middleware/Authenticate.php: editor.action.trimTrailingWhitespace
laravel8-api-auth-jwt/app/Http/Middleware/Authenticate.php: {"insertSpaces":true,"tabSize":4}
laravel8-api-auth-jwt/app/Http/Middleware/Authenticate.php: {"insertSpaces":true,"tabSize":4}
laravel8-api-auth-jwt/app/Http/Middleware/Authenticate.php: {"insertSpaces":true,"tabSize":4}
laravel8-api-auth-jwt/app/Http/Middleware/Authenticate.php: {"insertSpaces":true,"tabSize":4}
laravel8-api-auth-jwt/app/Http/Middleware/Authenticate.php: {"insertSpaces":true,"tabSize":4}
laravel8-api-auth-jwt/app/Http/Middleware/Authenticate.php: {"insertSpaces":true,"tabSize":4}
laravel8-api-auth-jwt/app/Http/Middleware/Authenticate.php: {"insertSpaces":true,"tabSize":4}
laravel8-api-auth-jwt/app/Http/Middleware/Authenticate.php: {"insertSpaces":true,"tabSize":4}
laravel8-api-auth-jwt/app/Http/Middleware/Authenticate.php: Using EditorConfig core...
app/Http/Middleware/Authenticate.php: editor.action.trimTrailingWhitespace
laravel8-api-auth-jwt/app/Http/Middleware/Authenticate.php: {"insertSpaces":true,"tabSize":4}
laravel8-api-auth-jwt/app/Http/Middleware/Authenticate.php: {"insertSpaces":true,"tabSize":4}
laravel8-api-auth-jwt/app/Http/Middleware/Authenticate.php: {"insertSpaces":true,"tabSize":4}
