2024-05-08 18:31:56.315 [info] Log level: Info
2024-05-08 18:31:56.315 [info] Validating found git in: "git"
2024-05-08 18:31:56.315 [info] Using git "2.34.1" from "git"
2024-05-08 18:31:56.315 [info] > git rev-parse --show-toplevel [11ms]
2024-05-08 18:31:56.316 [info] > git rev-parse --git-dir --git-common-dir [5ms]
2024-05-08 18:31:56.321 [info] Open repository: /home/kyawkyawlin/Laravel_Projects/personal/api/laravel8-api-auth-jwt
2024-05-08 18:31:56.342 [info] > git config --get commit.template [7ms]
2024-05-08 18:31:56.408 [info] > git rev-parse --show-toplevel [68ms]
2024-05-08 18:31:56.606 [info] > git rev-parse --show-toplevel [172ms]
2024-05-08 18:31:56.607 [info] > git for-each-ref --format=%(refname)%00%(upstream:short)%00%(objectname)%00%(upstream:track)%00%(upstream:remotename)%00%(upstream:remoteref) refs/heads/main refs/remotes/main [179ms]
2024-05-08 18:31:56.632 [info] > git status -z -uall [18ms]
2024-05-08 18:31:56.632 [info] > git rev-parse --show-toplevel [14ms]
2024-05-08 18:31:56.672 [info] > git config --get commit.template [2ms]
2024-05-08 18:31:56.672 [info] > git rev-parse --show-toplevel [7ms]
2024-05-08 18:31:56.684 [info] > git rev-parse --show-toplevel [7ms]
2024-05-08 18:31:56.694 [info] > git rev-parse --show-toplevel [6ms]
2024-05-08 18:31:56.694 [info] > git for-each-ref --format=%(refname)%00%(upstream:short)%00%(objectname)%00%(upstream:track)%00%(upstream:remotename)%00%(upstream:remoteref) refs/heads/main refs/remotes/main [11ms]
2024-05-08 18:31:56.718 [info] > git status -z -uall [19ms]
2024-05-08 18:31:56.718 [info] > git rev-parse --show-toplevel [6ms]
2024-05-08 18:31:56.753 [info] > git rev-parse --show-toplevel [12ms]
2024-05-08 18:31:56.761 [info] > git rev-parse --show-toplevel [2ms]
2024-05-08 18:31:56.766 [info] > git rev-parse --show-toplevel [1ms]
2024-05-08 18:31:56.772 [info] > git rev-parse --show-toplevel [1ms]
2024-05-08 18:31:56.778 [info] > git rev-parse --show-toplevel [1ms]
2024-05-08 18:31:56.935 [info] > git check-ignore -v -z --stdin [2ms]
2024-05-08 18:31:56.963 [info] > git show --textconv :database/migrations/2014_10_12_000000_create_users_table.php [5ms]
2024-05-08 18:31:56.963 [info] > git ls-files --stage -- /home/kyawkyawlin/Laravel_Projects/personal/api/laravel8-api-auth-jwt/database/migrations/2014_10_12_000000_create_users_table.php [1ms]
2024-05-08 18:31:56.967 [info] > git cat-file -s 621a24eb734b76ca474bb8b5ea4a62b5f27d223c [1ms]
2024-05-08 18:31:58.578 [info] > git config --get commit.template [8ms]
2024-05-08 18:31:58.579 [info] > git for-each-ref --format=%(refname)%00%(upstream:short)%00%(objectname)%00%(upstream:track)%00%(upstream:remotename)%00%(upstream:remoteref) refs/heads/main refs/remotes/main [3ms]
2024-05-08 18:31:58.592 [info] > git status -z -uall [7ms]
2024-05-08 18:32:03.620 [info] > git config --get commit.template [8ms]
2024-05-08 18:32:03.621 [info] > git for-each-ref --format=%(refname)%00%(upstream:short)%00%(objectname)%00%(upstream:track)%00%(upstream:remotename)%00%(upstream:remoteref) refs/heads/main refs/remotes/main [2ms]
2024-05-08 18:32:03.634 [info] > git status -z -uall [7ms]
2024-05-08 18:32:08.664 [info] > git config --get commit.template [8ms]
2024-05-08 18:32:08.665 [info] > git for-each-ref --format=%(refname)%00%(upstream:short)%00%(objectname)%00%(upstream:track)%00%(upstream:remotename)%00%(upstream:remoteref) refs/heads/main refs/remotes/main [2ms]
2024-05-08 18:32:08.684 [info] > git status -z -uall [12ms]
2024-05-08 18:32:13.720 [info] > git config --get commit.template [10ms]
2024-05-08 18:32:13.721 [info] > git for-each-ref --format=%(refname)%00%(upstream:short)%00%(objectname)%00%(upstream:track)%00%(upstream:remotename)%00%(upstream:remoteref) refs/heads/main refs/remotes/main [3ms]
2024-05-08 18:32:13.735 [info] > git status -z -uall [8ms]
2024-05-08 18:32:14.159 [info] > git show --textconv :database/migrations/2014_10_12_000000_create_users_table.php [9ms]
2024-05-08 18:32:14.160 [info] > git ls-files --stage -- /home/kyawkyawlin/Laravel_Projects/personal/api/laravel8-api-auth-jwt/database/migrations/2014_10_12_000000_create_users_table.php [3ms]
2024-05-08 18:32:14.169 [info] > git cat-file -s 621a24eb734b76ca474bb8b5ea4a62b5f27d223c [2ms]
2024-05-08 18:32:18.764 [info] > git config --get commit.template [9ms]
2024-05-08 18:32:18.765 [info] > git for-each-ref --format=%(refname)%00%(upstream:short)%00%(objectname)%00%(upstream:track)%00%(upstream:remotename)%00%(upstream:remoteref) refs/heads/main refs/remotes/main [2ms]
2024-05-08 18:32:18.781 [info] > git status -z -uall [10ms]
2024-05-08 18:32:23.811 [info] > git config --get commit.template [8ms]
2024-05-08 18:32:23.814 [info] > git for-each-ref --format=%(refname)%00%(upstream:short)%00%(objectname)%00%(upstream:track)%00%(upstream:remotename)%00%(upstream:remoteref) refs/heads/main refs/remotes/main [3ms]
2024-05-08 18:32:23.828 [info] > git status -z -uall [9ms]
2024-05-08 18:32:28.859 [info] > git config --get commit.template [8ms]
2024-05-08 18:32:28.860 [info] > git for-each-ref --format=%(refname)%00%(upstream:short)%00%(objectname)%00%(upstream:track)%00%(upstream:remotename)%00%(upstream:remoteref) refs/heads/main refs/remotes/main [2ms]
2024-05-08 18:32:28.877 [info] > git status -z -uall [10ms]
2024-05-08 18:32:33.909 [info] > git config --get commit.template [9ms]
2024-05-08 18:32:33.910 [info] > git for-each-ref --format=%(refname)%00%(upstream:short)%00%(objectname)%00%(upstream:track)%00%(upstream:remotename)%00%(upstream:remoteref) refs/heads/main refs/remotes/main [2ms]
2024-05-08 18:32:33.926 [info] > git status -z -uall [9ms]
2024-05-08 18:32:38.954 [info] > git config --get commit.template [8ms]
2024-05-08 18:32:38.956 [info] > git for-each-ref --format=%(refname)%00%(upstream:short)%00%(objectname)%00%(upstream:track)%00%(upstream:remotename)%00%(upstream:remoteref) refs/heads/main refs/remotes/main [2ms]
2024-05-08 18:32:38.973 [info] > git status -z -uall [11ms]
2024-05-08 18:32:50.294 [info] > git config --get commit.template [8ms]
2024-05-08 18:32:50.295 [info] > git for-each-ref --format=%(refname)%00%(upstream:short)%00%(objectname)%00%(upstream:track)%00%(upstream:remotename)%00%(upstream:remoteref) refs/heads/main refs/remotes/main [2ms]
2024-05-08 18:32:50.304 [info] > git status -z -uall [6ms]
2024-05-08 18:32:55.333 [info] > git config --get commit.template [8ms]
2024-05-08 18:32:55.334 [info] > git for-each-ref --format=%(refname)%00%(upstream:short)%00%(objectname)%00%(upstream:track)%00%(upstream:remotename)%00%(upstream:remoteref) refs/heads/main refs/remotes/main [2ms]
2024-05-08 18:32:55.350 [info] > git status -z -uall [10ms]
2024-05-08 18:33:03.994 [info] > git config --get commit.template [8ms]
2024-05-08 18:33:03.995 [info] > git for-each-ref --format=%(refname)%00%(upstream:short)%00%(objectname)%00%(upstream:track)%00%(upstream:remotename)%00%(upstream:remoteref) refs/heads/main refs/remotes/main [3ms]
2024-05-08 18:33:04.015 [info] > git status -z -uall [13ms]
2024-05-08 18:33:04.405 [info] > git show --textconv :database/migrations/2014_10_12_000000_create_users_table.php [6ms]
2024-05-08 18:33:04.406 [info] > git ls-files --stage -- /home/kyawkyawlin/Laravel_Projects/personal/api/laravel8-api-auth-jwt/database/migrations/2014_10_12_000000_create_users_table.php [1ms]
2024-05-08 18:33:04.410 [info] > git cat-file -s 621a24eb734b76ca474bb8b5ea4a62b5f27d223c [1ms]
2024-05-08 18:33:09.046 [info] > git config --get commit.template [8ms]
2024-05-08 18:33:09.054 [info] > git for-each-ref --format=%(refname)%00%(upstream:short)%00%(objectname)%00%(upstream:track)%00%(upstream:remotename)%00%(upstream:remoteref) refs/heads/main refs/remotes/main [9ms]
2024-05-08 18:33:09.076 [info] > git status -z -uall [16ms]
2024-05-08 18:33:14.109 [info] > git config --get commit.template [9ms]
2024-05-08 18:33:14.110 [info] > git for-each-ref --format=%(refname)%00%(upstream:short)%00%(objectname)%00%(upstream:track)%00%(upstream:remotename)%00%(upstream:remoteref) refs/heads/main refs/remotes/main [2ms]
2024-05-08 18:33:14.123 [info] > git status -z -uall [8ms]
2024-05-08 18:33:19.813 [info] > git config --get commit.template [8ms]
2024-05-08 18:33:19.814 [info] > git for-each-ref --format=%(refname)%00%(upstream:short)%00%(objectname)%00%(upstream:track)%00%(upstream:remotename)%00%(upstream:remoteref) refs/heads/main refs/remotes/main [3ms]
2024-05-08 18:33:19.830 [info] > git status -z -uall [10ms]
2024-05-08 18:33:24.865 [info] > git config --get commit.template [8ms]
2024-05-08 18:33:24.866 [info] > git for-each-ref --format=%(refname)%00%(upstream:short)%00%(objectname)%00%(upstream:track)%00%(upstream:remotename)%00%(upstream:remoteref) refs/heads/main refs/remotes/main [3ms]
2024-05-08 18:33:24.882 [info] > git status -z -uall [9ms]
2024-05-08 18:33:29.914 [info] > git config --get commit.template [9ms]
2024-05-08 18:33:29.916 [info] > git for-each-ref --format=%(refname)%00%(upstream:short)%00%(objectname)%00%(upstream:track)%00%(upstream:remotename)%00%(upstream:remoteref) refs/heads/main refs/remotes/main [3ms]
2024-05-08 18:33:29.933 [info] > git status -z -uall [11ms]
2024-05-08 18:33:30.789 [info] > git show --textconv :database/migrations/2014_10_12_000000_create_users_table.php [8ms]
2024-05-08 18:33:30.790 [info] > git ls-files --stage -- /home/kyawkyawlin/Laravel_Projects/personal/api/laravel8-api-auth-jwt/database/migrations/2014_10_12_000000_create_users_table.php [2ms]
2024-05-08 18:33:30.797 [info] > git cat-file -s 621a24eb734b76ca474bb8b5ea4a62b5f27d223c [2ms]
2024-05-08 18:33:33.567 [info] > git show --textconv :database/migrations/2014_10_12_000000_create_users_table.php [8ms]
2024-05-08 18:33:33.568 [info] > git ls-files --stage -- /home/kyawkyawlin/Laravel_Projects/personal/api/laravel8-api-auth-jwt/database/migrations/2014_10_12_000000_create_users_table.php [2ms]
2024-05-08 18:33:33.574 [info] > git cat-file -s 621a24eb734b76ca474bb8b5ea4a62b5f27d223c [1ms]
2024-05-08 18:33:39.053 [info] > git config --get commit.template [4ms]
2024-05-08 18:33:39.053 [info] > git for-each-ref --format=%(refname)%00%(upstream:short)%00%(objectname)%00%(upstream:track)%00%(upstream:remotename)%00%(upstream:remoteref) refs/heads/main refs/remotes/main [1ms]
2024-05-08 18:33:39.062 [info] > git status -z -uall [6ms]
2024-05-08 18:33:44.089 [info] > git config --get commit.template [9ms]
2024-05-08 18:33:44.091 [info] > git for-each-ref --format=%(refname)%00%(upstream:short)%00%(objectname)%00%(upstream:track)%00%(upstream:remotename)%00%(upstream:remoteref) refs/heads/main refs/remotes/main [3ms]
2024-05-08 18:33:44.108 [info] > git status -z -uall [11ms]
2024-05-08 18:33:49.141 [info] > git config --get commit.template [9ms]
2024-05-08 18:33:49.142 [info] > git for-each-ref --format=%(refname)%00%(upstream:short)%00%(objectname)%00%(upstream:track)%00%(upstream:remotename)%00%(upstream:remoteref) refs/heads/main refs/remotes/main [3ms]
2024-05-08 18:33:49.158 [info] > git status -z -uall [9ms]
2024-05-08 18:33:54.203 [info] > git for-each-ref --format=%(refname)%00%(upstream:short)%00%(objectname)%00%(upstream:track)%00%(upstream:remotename)%00%(upstream:remoteref) refs/heads/main refs/remotes/main [15ms]
2024-05-08 18:33:54.203 [info] > git config --get commit.template [23ms]
2024-05-08 18:33:54.215 [info] > git status -z -uall [6ms]
2024-05-08 18:33:59.240 [info] > git config --get commit.template [8ms]
2024-05-08 18:33:59.242 [info] > git for-each-ref --format=%(refname)%00%(upstream:short)%00%(objectname)%00%(upstream:track)%00%(upstream:remotename)%00%(upstream:remoteref) refs/heads/main refs/remotes/main [3ms]
2024-05-08 18:33:59.260 [info] > git status -z -uall [12ms]
2024-05-08 18:34:04.285 [info] > git config --get commit.template [5ms]
2024-05-08 18:34:04.286 [info] > git for-each-ref --format=%(refname)%00%(upstream:short)%00%(objectname)%00%(upstream:track)%00%(upstream:remotename)%00%(upstream:remoteref) refs/heads/main refs/remotes/main [1ms]
2024-05-08 18:34:04.294 [info] > git status -z -uall [4ms]
2024-05-08 18:34:09.317 [info] > git config --get commit.template [3ms]
2024-05-08 18:34:09.318 [info] > git for-each-ref --format=%(refname)%00%(upstream:short)%00%(objectname)%00%(upstream:track)%00%(upstream:remotename)%00%(upstream:remoteref) refs/heads/main refs/remotes/main [1ms]
2024-05-08 18:34:09.326 [info] > git status -z -uall [5ms]
2024-05-08 18:34:14.347 [info] > git config --get commit.template [3ms]
2024-05-08 18:34:14.348 [info] > git for-each-ref --format=%(refname)%00%(upstream:short)%00%(objectname)%00%(upstream:track)%00%(upstream:remotename)%00%(upstream:remoteref) refs/heads/main refs/remotes/main [1ms]
2024-05-08 18:34:14.369 [info] > git status -z -uall [18ms]
2024-05-08 18:34:19.396 [info] > git config --get commit.template [7ms]
2024-05-08 18:34:19.398 [info] > git for-each-ref --format=%(refname)%00%(upstream:short)%00%(objectname)%00%(upstream:track)%00%(upstream:remotename)%00%(upstream:remoteref) refs/heads/main refs/remotes/main [2ms]
2024-05-08 18:34:19.413 [info] > git status -z -uall [10ms]
2024-05-08 18:34:24.445 [info] > git config --get commit.template [7ms]
2024-05-08 18:34:24.446 [info] > git for-each-ref --format=%(refname)%00%(upstream:short)%00%(objectname)%00%(upstream:track)%00%(upstream:remotename)%00%(upstream:remoteref) refs/heads/main refs/remotes/main [2ms]
2024-05-08 18:34:24.462 [info] > git status -z -uall [10ms]
2024-05-08 18:34:29.492 [info] > git config --get commit.template [7ms]
2024-05-08 18:34:29.494 [info] > git for-each-ref --format=%(refname)%00%(upstream:short)%00%(objectname)%00%(upstream:track)%00%(upstream:remotename)%00%(upstream:remoteref) refs/heads/main refs/remotes/main [3ms]
2024-05-08 18:34:29.510 [info] > git status -z -uall [10ms]
2024-05-08 18:34:34.921 [info] > git config --get commit.template [7ms]
2024-05-08 18:34:34.922 [info] > git for-each-ref --format=%(refname)%00%(upstream:short)%00%(objectname)%00%(upstream:track)%00%(upstream:remotename)%00%(upstream:remoteref) refs/heads/main refs/remotes/main [2ms]
2024-05-08 18:34:34.937 [info] > git status -z -uall [10ms]
2024-05-08 18:34:39.964 [info] > git config --get commit.template [3ms]
2024-05-08 18:34:39.965 [info] > git for-each-ref --format=%(refname)%00%(upstream:short)%00%(objectname)%00%(upstream:track)%00%(upstream:remotename)%00%(upstream:remoteref) refs/heads/main refs/remotes/main [1ms]
2024-05-08 18:34:39.972 [info] > git status -z -uall [4ms]
2024-05-08 18:34:44.998 [info] > git config --get commit.template [9ms]
2024-05-08 18:34:45.000 [info] > git for-each-ref --format=%(refname)%00%(upstream:short)%00%(objectname)%00%(upstream:track)%00%(upstream:remotename)%00%(upstream:remoteref) refs/heads/main refs/remotes/main [3ms]
2024-05-08 18:34:45.017 [info] > git status -z -uall [11ms]
2024-05-08 18:34:50.762 [info] > git config --get commit.template [9ms]
2024-05-08 18:34:50.764 [info] > git for-each-ref --format=%(refname)%00%(upstream:short)%00%(objectname)%00%(upstream:track)%00%(upstream:remotename)%00%(upstream:remoteref) refs/heads/main refs/remotes/main [2ms]
2024-05-08 18:34:50.781 [info] > git status -z -uall [11ms]
2024-05-08 18:34:55.812 [info] > git config --get commit.template [9ms]
2024-05-08 18:34:55.814 [info] > git for-each-ref --format=%(refname)%00%(upstream:short)%00%(objectname)%00%(upstream:track)%00%(upstream:remotename)%00%(upstream:remoteref) refs/heads/main refs/remotes/main [3ms]
2024-05-08 18:34:55.829 [info] > git status -z -uall [9ms]
2024-05-08 18:35:00.859 [info] > git config --get commit.template [9ms]
2024-05-08 18:35:00.860 [info] > git for-each-ref --format=%(refname)%00%(upstream:short)%00%(objectname)%00%(upstream:track)%00%(upstream:remotename)%00%(upstream:remoteref) refs/heads/main refs/remotes/main [2ms]
2024-05-08 18:35:00.873 [info] > git status -z -uall [8ms]
2024-05-08 18:35:05.904 [info] > git config --get commit.template [7ms]
2024-05-08 18:35:05.905 [info] > git for-each-ref --format=%(refname)%00%(upstream:short)%00%(objectname)%00%(upstream:track)%00%(upstream:remotename)%00%(upstream:remoteref) refs/heads/main refs/remotes/main [2ms]
2024-05-08 18:35:05.923 [info] > git status -z -uall [11ms]
2024-05-08 18:35:10.946 [info] > git config --get commit.template [4ms]
2024-05-08 18:35:10.947 [info] > git for-each-ref --format=%(refname)%00%(upstream:short)%00%(objectname)%00%(upstream:track)%00%(upstream:remotename)%00%(upstream:remoteref) refs/heads/main refs/remotes/main [1ms]
2024-05-08 18:35:10.955 [info] > git status -z -uall [5ms]
2024-05-08 18:35:15.987 [info] > git config --get commit.template [8ms]
2024-05-08 18:35:15.988 [info] > git for-each-ref --format=%(refname)%00%(upstream:short)%00%(objectname)%00%(upstream:track)%00%(upstream:remotename)%00%(upstream:remoteref) refs/heads/main refs/remotes/main [2ms]
2024-05-08 18:35:16.007 [info] > git status -z -uall [12ms]
2024-05-08 18:35:21.036 [info] > git config --get commit.template [10ms]
2024-05-08 18:35:21.038 [info] > git for-each-ref --format=%(refname)%00%(upstream:short)%00%(objectname)%00%(upstream:track)%00%(upstream:remotename)%00%(upstream:remoteref) refs/heads/main refs/remotes/main [3ms]
2024-05-08 18:35:21.047 [info] > git status -z -uall [5ms]
2024-05-08 18:35:26.077 [info] > git config --get commit.template [8ms]
2024-05-08 18:35:26.078 [info] > git for-each-ref --format=%(refname)%00%(upstream:short)%00%(objectname)%00%(upstream:track)%00%(upstream:remotename)%00%(upstream:remoteref) refs/heads/main refs/remotes/main [3ms]
2024-05-08 18:35:26.093 [info] > git status -z -uall [9ms]
2024-05-08 18:35:31.123 [info] > git config --get commit.template [8ms]
2024-05-08 18:35:31.125 [info] > git for-each-ref --format=%(refname)%00%(upstream:short)%00%(objectname)%00%(upstream:track)%00%(upstream:remotename)%00%(upstream:remoteref) refs/heads/main refs/remotes/main [3ms]
2024-05-08 18:35:31.139 [info] > git status -z -uall [7ms]
2024-05-08 18:35:36.160 [info] > git config --get commit.template [3ms]
2024-05-08 18:35:36.161 [info] > git for-each-ref --format=%(refname)%00%(upstream:short)%00%(objectname)%00%(upstream:track)%00%(upstream:remotename)%00%(upstream:remoteref) refs/heads/main refs/remotes/main [1ms]
2024-05-08 18:35:36.169 [info] > git status -z -uall [4ms]
2024-05-08 18:35:41.189 [info] > git config --get commit.template [7ms]
2024-05-08 18:35:41.191 [info] > git for-each-ref --format=%(refname)%00%(upstream:short)%00%(objectname)%00%(upstream:track)%00%(upstream:remotename)%00%(upstream:remoteref) refs/heads/main refs/remotes/main [3ms]
2024-05-08 18:35:41.208 [info] > git status -z -uall [11ms]
2024-05-08 18:35:46.239 [info] > git config --get commit.template [8ms]
2024-05-08 18:35:46.241 [info] > git for-each-ref --format=%(refname)%00%(upstream:short)%00%(objectname)%00%(upstream:track)%00%(upstream:remotename)%00%(upstream:remoteref) refs/heads/main refs/remotes/main [3ms]
2024-05-08 18:35:46.257 [info] > git status -z -uall [10ms]
2024-05-08 18:36:13.283 [info] > git for-each-ref --format=%(refname)%00%(upstream:short)%00%(objectname)%00%(upstream:track)%00%(upstream:remotename)%00%(upstream:remoteref) refs/heads/main refs/remotes/main [9ms]
2024-05-08 18:36:13.283 [info] > git config --get commit.template [13ms]
2024-05-08 18:36:13.312 [info] > git status -z -uall [26ms]
2024-05-08 18:36:18.345 [info] > git config --get commit.template [10ms]
2024-05-08 18:36:18.346 [info] > git for-each-ref --format=%(refname)%00%(upstream:short)%00%(objectname)%00%(upstream:track)%00%(upstream:remotename)%00%(upstream:remoteref) refs/heads/main refs/remotes/main [2ms]
2024-05-08 18:36:18.361 [info] > git status -z -uall [8ms]
2024-05-08 18:36:23.389 [info] > git config --get commit.template [8ms]
2024-05-08 18:36:23.389 [info] > git for-each-ref --format=%(refname)%00%(upstream:short)%00%(objectname)%00%(upstream:track)%00%(upstream:remotename)%00%(upstream:remoteref) refs/heads/main refs/remotes/main [1ms]
2024-05-08 18:36:23.396 [info] > git status -z -uall [4ms]
2024-05-08 18:36:28.422 [info] > git config --get commit.template [9ms]
2024-05-08 18:36:28.423 [info] > git for-each-ref --format=%(refname)%00%(upstream:short)%00%(objectname)%00%(upstream:track)%00%(upstream:remotename)%00%(upstream:remoteref) refs/heads/main refs/remotes/main [2ms]
2024-05-08 18:36:28.443 [info] > git status -z -uall [13ms]
2024-05-08 18:36:33.475 [info] > git config --get commit.template [8ms]
2024-05-08 18:36:33.476 [info] > git for-each-ref --format=%(refname)%00%(upstream:short)%00%(objectname)%00%(upstream:track)%00%(upstream:remotename)%00%(upstream:remoteref) refs/heads/main refs/remotes/main [2ms]
2024-05-08 18:36:33.490 [info] > git status -z -uall [8ms]
2024-05-08 18:36:33.670 [info] > git check-ignore -v -z --stdin [1ms]
2024-05-08 18:36:38.520 [info] > git config --get commit.template [5ms]
2024-05-08 18:36:38.537 [info] > git for-each-ref --format=%(refname)%00%(upstream:short)%00%(objectname)%00%(upstream:track)%00%(upstream:remotename)%00%(upstream:remoteref) refs/heads/main refs/remotes/main [2ms]
2024-05-08 18:36:38.549 [info] > git status -z -uall [6ms]
2024-05-08 18:36:43.583 [info] > git config --get commit.template [8ms]
2024-05-08 18:36:43.585 [info] > git for-each-ref --format=%(refname)%00%(upstream:short)%00%(objectname)%00%(upstream:track)%00%(upstream:remotename)%00%(upstream:remoteref) refs/heads/main refs/remotes/main [2ms]
2024-05-08 18:36:43.600 [info] > git status -z -uall [9ms]
2024-05-08 18:36:44.305 [info] > git show --textconv :database/migrations/2014_10_12_000000_create_users_table.php [4ms]
2024-05-08 18:36:44.306 [info] > git ls-files --stage -- /home/kyawkyawlin/Laravel_Projects/personal/api/laravel8-api-auth-jwt/database/migrations/2014_10_12_000000_create_users_table.php [1ms]
2024-05-08 18:36:44.312 [info] > git cat-file -s 621a24eb734b76ca474bb8b5ea4a62b5f27d223c [1ms]
2024-05-08 18:36:48.622 [info] > git config --get commit.template [3ms]
2024-05-08 18:36:48.623 [info] > git for-each-ref --format=%(refname)%00%(upstream:short)%00%(objectname)%00%(upstream:track)%00%(upstream:remotename)%00%(upstream:remoteref) refs/heads/main refs/remotes/main [1ms]
2024-05-08 18:36:48.631 [info] > git status -z -uall [5ms]
2024-05-08 18:36:58.195 [info] > git config --get commit.template [8ms]
2024-05-08 18:36:58.197 [info] > git for-each-ref --format=%(refname)%00%(upstream:short)%00%(objectname)%00%(upstream:track)%00%(upstream:remotename)%00%(upstream:remoteref) refs/heads/main refs/remotes/main [3ms]
2024-05-08 18:36:58.214 [info] > git status -z -uall [8ms]
2024-05-08 18:37:03.266 [info] > git config --get commit.template [8ms]
2024-05-08 18:37:03.267 [info] > git for-each-ref --format=%(refname)%00%(upstream:short)%00%(objectname)%00%(upstream:track)%00%(upstream:remotename)%00%(upstream:remoteref) refs/heads/main refs/remotes/main [2ms]
2024-05-08 18:37:03.282 [info] > git status -z -uall [11ms]
2024-05-08 18:37:08.314 [info] > git config --get commit.template [8ms]
2024-05-08 18:37:08.315 [info] > git for-each-ref --format=%(refname)%00%(upstream:short)%00%(objectname)%00%(upstream:track)%00%(upstream:remotename)%00%(upstream:remoteref) refs/heads/main refs/remotes/main [2ms]
2024-05-08 18:37:08.332 [info] > git status -z -uall [10ms]
2024-05-08 18:37:15.267 [info] > git config --get commit.template [12ms]
2024-05-08 18:37:15.268 [info] > git for-each-ref --format=%(refname)%00%(upstream:short)%00%(objectname)%00%(upstream:track)%00%(upstream:remotename)%00%(upstream:remoteref) refs/heads/main refs/remotes/main [2ms]
2024-05-08 18:37:15.285 [info] > git status -z -uall [7ms]
