2024-05-08 17:24:17.727 [info] Laravel Extra Intellisense Started...
2024-05-08 17:24:17.727 [info] Laravel Extra Intellisense command started: HTTP Routes
2024-05-08 17:24:17.727 [info] Laravel Extra Intellisense command started: Views paths
2024-05-08 17:24:17.727 [info] Laravel Extra Intellisense command started: Configs
2024-05-08 17:24:17.727 [info] Laravel Extra Intellisense command started: Translation namespaces
2024-05-08 17:24:17.727 [info] Laravel Extra Intellisense command started: Middlewares
2024-05-08 17:24:17.727 [info] Laravel Extra Intellisense command started: Application Models
2024-05-08 17:24:17.727 [info] Laravel Extra Intellisense command started: Auth Data
2024-05-08 17:24:17.727 [info] Laravel Extra Intellisense command started: Eloquent Attributes and Relations
2024-05-08 17:24:17.727 [info] Laravel Extra Intellisense command started: Custom Blade Directives
2024-05-08 17:24:18.860 [info] Laravel Extra Intellisense Resolved: HTTP Routes
2024-05-08 17:24:18.887 [info] Laravel Extra Intellisense Resolved: Custom Blade Directives
2024-05-08 17:24:19.124 [info] Laravel Extra Intellisense Resolved: Application Models
2024-05-08 17:24:19.207 [info] Laravel Extra Intellisense Resolved: Views paths
2024-05-08 17:24:19.287 [info] Laravel Extra Intellisense command started: Views
2024-05-08 17:24:19.294 [info] Laravel Extra Intellisense Resolved: Eloquent Attributes and Relations
2024-05-08 17:24:19.295 [info] Laravel Extra Intellisense Resolved: Auth Data
2024-05-08 17:24:19.384 [info] Laravel Extra Intellisense Resolved: Configs
2024-05-08 17:24:19.464 [info] Laravel Extra Intellisense Resolved: Middlewares
2024-05-08 17:24:19.586 [info] Laravel Extra Intellisense Resolved: Translation namespaces
2024-05-08 17:24:19.653 [info] Laravel Extra Intellisense command started: Translation Path
2024-05-08 17:24:20.429 [info] Laravel Extra Intellisense Resolved: Views
2024-05-08 17:24:20.554 [info] Laravel Extra Intellisense Resolved: Translation Path
2024-05-08 17:24:20.573 [info] Laravel Extra Intellisense command started: Translations inside namespaces
2024-05-08 17:24:21.107 [info] Laravel Extra Intellisense Resolved: Translations inside namespaces
2024-05-08 17:24:21.117 [info] Laravel Extra Intellisense command started: Default path Translations
2024-05-08 17:24:21.797 [info] Laravel Extra Intellisense Resolved: Default path Translations
2024-05-08 17:24:39.437 [info] Laravel Extra Intellisense command started: HTTP Routes
2024-05-08 17:24:39.774 [error] Laravel Extra Intellisense Error:
 HTTP Routes


   ParseError 

  syntax error, unexpected end of file

  at routes/api.php:17
     13▕ | is assigned the "api" middleware group. Enjoy building your API!
     14▕ |
     15▕ */
     16▕ 
  ➜  17▕ Route::get('user', [App])

      [2m+3 vendor frames [22m
  4   app/Providers/RouteServiceProvider.php:44
      Illuminate\Routing\RouteRegistrar::group("/home/kyawkyawlin/Laravel_Projects/personal/api/laravel8-api-auth-jwt/routes/api.php")

      [2m+15 vendor frames [22m
  20  [internal]:0
      Illuminate\Foundation\Application::Illuminate\Foundation\{closure}(Object(App\Providers\RouteServiceProvider))

2024-05-08 17:24:45.183 [info] Laravel Extra Intellisense command started: HTTP Routes
2024-05-08 17:24:45.692 [error] Laravel Extra Intellisense Error:
 HTTP Routes


   ParseError 

  syntax error, unexpected end of file

  at routes/api.php:17
     13▕ | is assigned the "api" middleware group. Enjoy building your API!
     14▕ |
     15▕ */
     16▕ 
  ➜  17▕ Route::get('user', [A])

      [2m+3 vendor frames [22m
  4   app/Providers/RouteServiceProvider.php:44
      Illuminate\Routing\RouteRegistrar::group("/home/kyawkyawlin/Laravel_Projects/personal/api/laravel8-api-auth-jwt/routes/api.php")

      [2m+15 vendor frames [22m
  20  [internal]:0
      Illuminate\Foundation\Application::Illuminate\Foundation\{closure}(Object(App\Providers\RouteServiceProvider))

2024-05-08 17:25:17.380 [info] Laravel Extra Intellisense command started: Application Models
2024-05-08 17:25:17.381 [info] Laravel Extra Intellisense command started: Auth Data
2024-05-08 17:25:18.569 [error] Laravel Extra Intellisense Error:
 Auth Data


   ParseError 

  syntax error, unexpected end of file

  at routes/api.php:17
     13▕ | is assigned the "api" middleware group. Enjoy building your API!
     14▕ |
     15▕ */
     16▕ 
  ➜  17▕ Route::get('user', [A])

      [2m+3 vendor frames [22m
  4   app/Providers/RouteServiceProvider.php:44
      Illuminate\Routing\RouteRegistrar::group("/home/kyawkyawlin/Laravel_Projects/personal/api/laravel8-api-auth-jwt/routes/api.php")

      [2m+15 vendor frames [22m
  20  [internal]:0
      Illuminate\Foundation\Application::Illuminate\Foundation\{closure}(Object(App\Providers\RouteServiceProvider))

2024-05-08 17:25:18.788 [error] Laravel Extra Intellisense Error:
 Application Models


   ParseError 

  syntax error, unexpected end of file

  at routes/api.php:17
     13▕ | is assigned the "api" middleware group. Enjoy building your API!
     14▕ |
     15▕ */
     16▕ 
  ➜  17▕ Route::get('user', [A])

      [2m+3 vendor frames [22m
  4   app/Providers/RouteServiceProvider.php:44
      Illuminate\Routing\RouteRegistrar::group("/home/kyawkyawlin/Laravel_Projects/personal/api/laravel8-api-auth-jwt/routes/api.php")

      [2m+15 vendor frames [22m
  20  [internal]:0
      Illuminate\Foundation\Application::Illuminate\Foundation\{closure}(Object(App\Providers\RouteServiceProvider))

2024-05-08 17:26:17.345 [info] Laravel Extra Intellisense command started: Application Models
2024-05-08 17:26:17.345 [info] Laravel Extra Intellisense command started: Auth Data
2024-05-08 17:26:17.526 [error] Laravel Extra Intellisense Error:
 Application Models


   ParseError 

  syntax error, unexpected end of file

  at routes/api.php:17
     13▕ | is assigned the "api" middleware group. Enjoy building your API!
     14▕ |
     15▕ */
     16▕ 
  ➜  17▕ Route::get('user', [A])

      [2m+3 vendor frames [22m
  4   app/Providers/RouteServiceProvider.php:44
      Illuminate\Routing\RouteRegistrar::group("/home/kyawkyawlin/Laravel_Projects/personal/api/laravel8-api-auth-jwt/routes/api.php")

      [2m+15 vendor frames [22m
  20  [internal]:0
      Illuminate\Foundation\Application::Illuminate\Foundation\{closure}(Object(App\Providers\RouteServiceProvider))

2024-05-08 17:26:17.527 [error] Laravel Extra Intellisense Error:
 Auth Data


   ParseError 

  syntax error, unexpected end of file

  at routes/api.php:17
     13▕ | is assigned the "api" middleware group. Enjoy building your API!
     14▕ |
     15▕ */
     16▕ 
  ➜  17▕ Route::get('user', [A])

      [2m+3 vendor frames [22m
  4   app/Providers/RouteServiceProvider.php:44
      Illuminate\Routing\RouteRegistrar::group("/home/kyawkyawlin/Laravel_Projects/personal/api/laravel8-api-auth-jwt/routes/api.php")

      [2m+15 vendor frames [22m
  20  [internal]:0
      Illuminate\Foundation\Application::Illuminate\Foundation\{closure}(Object(App\Providers\RouteServiceProvider))

2024-05-08 17:26:32.256 [info] Laravel Extra Intellisense command started: HTTP Routes
2024-05-08 17:26:32.410 [error] Laravel Extra Intellisense Error:
 HTTP Routes


   ParseError 

  syntax error, unexpected end of file

  at routes/api.php:18
     14▕ |
     15▕ */
     16▕ 
     17▕ Route::get('user', [])
  ➜  18▕

      [2m+3 vendor frames [22m
  4   app/Providers/RouteServiceProvider.php:44
      Illuminate\Routing\RouteRegistrar::group("/home/kyawkyawlin/Laravel_Projects/personal/api/laravel8-api-auth-jwt/routes/api.php")

      [2m+15 vendor frames [22m
  20  [internal]:0
      Illuminate\Foundation\Application::Illuminate\Foundation\{closure}(Object(App\Providers\RouteServiceProvider))

2024-05-08 17:27:17.348 [info] Laravel Extra Intellisense command started: Application Models
2024-05-08 17:27:17.348 [info] Laravel Extra Intellisense command started: Auth Data
2024-05-08 17:27:17.450 [error] Laravel Extra Intellisense Error:
 Application Models


   ParseError 

  syntax error, unexpected end of file

  at routes/api.php:18
     14▕ |
     15▕ */
     16▕ 
     17▕ Route::get('user', [AuthController::class, ])
  ➜  18▕

      [2m+3 vendor frames [22m
  4   app/Providers/RouteServiceProvider.php:44
      Illuminate\Routing\RouteRegistrar::group("/home/kyawkyawlin/Laravel_Projects/personal/api/laravel8-api-auth-jwt/routes/api.php")

      [2m+15 vendor frames [22m
  20  [internal]:0
      Illuminate\Foundation\Application::Illuminate\Foundation\{closure}(Object(App\Providers\RouteServiceProvider))

2024-05-08 17:27:17.451 [error] Laravel Extra Intellisense Error:
 Auth Data


   ParseError 

  syntax error, unexpected end of file

  at routes/api.php:18
     14▕ |
     15▕ */
     16▕ 
     17▕ Route::get('user', [AuthController::class, ])
  ➜  18▕

      [2m+3 vendor frames [22m
  4   app/Providers/RouteServiceProvider.php:44
      Illuminate\Routing\RouteRegistrar::group("/home/kyawkyawlin/Laravel_Projects/personal/api/laravel8-api-auth-jwt/routes/api.php")

      [2m+15 vendor frames [22m
  20  [internal]:0
      Illuminate\Foundation\Application::Illuminate\Foundation\{closure}(Object(App\Providers\RouteServiceProvider))

2024-05-08 17:27:20.620 [info] Laravel Extra Intellisense command started: HTTP Routes
2024-05-08 17:27:20.719 [error] Laravel Extra Intellisense Error:
 HTTP Routes


   ParseError 

  syntax error, unexpected end of file

  at routes/api.php:18
     14▕ |
     15▕ */
     16▕ 
     17▕ Route::get('user', [AuthController::class, ])
  ➜  18▕

      [2m+3 vendor frames [22m
  4   app/Providers/RouteServiceProvider.php:44
      Illuminate\Routing\RouteRegistrar::group("/home/kyawkyawlin/Laravel_Projects/personal/api/laravel8-api-auth-jwt/routes/api.php")

      [2m+15 vendor frames [22m
  20  [internal]:0
      Illuminate\Foundation\Application::Illuminate\Foundation\{closure}(Object(App\Providers\RouteServiceProvider))

2024-05-08 17:27:42.562 [info] Laravel Extra Intellisense command started: HTTP Routes
2024-05-08 17:27:42.800 [info] Laravel Extra Intellisense Resolved: HTTP Routes
2024-05-08 17:28:17.349 [info] Laravel Extra Intellisense command started: Application Models
2024-05-08 17:28:17.349 [info] Laravel Extra Intellisense command started: Auth Data
2024-05-08 17:28:17.553 [info] Laravel Extra Intellisense Resolved: Auth Data
2024-05-08 17:28:17.555 [info] Laravel Extra Intellisense Resolved: Application Models
2024-05-08 17:29:17.347 [info] Laravel Extra Intellisense command started: Application Models
2024-05-08 17:29:17.348 [info] Laravel Extra Intellisense command started: Auth Data
2024-05-08 17:29:17.640 [info] Laravel Extra Intellisense Resolved: Application Models
2024-05-08 17:29:17.640 [info] Laravel Extra Intellisense Resolved: Auth Data
2024-05-08 17:30:17.349 [info] Laravel Extra Intellisense command started: Application Models
2024-05-08 17:30:17.350 [info] Laravel Extra Intellisense command started: Auth Data
2024-05-08 17:30:17.531 [info] Laravel Extra Intellisense Resolved: Auth Data
2024-05-08 17:30:17.531 [info] Laravel Extra Intellisense Resolved: Application Models
2024-05-08 17:31:17.350 [info] Laravel Extra Intellisense command started: Application Models
2024-05-08 17:31:17.350 [info] Laravel Extra Intellisense command started: Auth Data
2024-05-08 17:31:17.549 [info] Laravel Extra Intellisense Resolved: Application Models
2024-05-08 17:31:17.560 [info] Laravel Extra Intellisense Resolved: Auth Data
2024-05-08 17:32:17.351 [info] Laravel Extra Intellisense command started: Application Models
2024-05-08 17:32:17.351 [info] Laravel Extra Intellisense command started: Auth Data
2024-05-08 17:32:17.645 [info] Laravel Extra Intellisense Resolved: Application Models
2024-05-08 17:32:17.646 [info] Laravel Extra Intellisense Resolved: Auth Data
2024-05-08 17:32:25.800 [info] Laravel Extra Intellisense command started: Views paths
2024-05-08 17:32:25.982 [info] Laravel Extra Intellisense Resolved: Views paths
2024-05-08 17:32:25.987 [info] Laravel Extra Intellisense command started: Views
2024-05-08 17:32:26.148 [info] Laravel Extra Intellisense Resolved: Views
2024-05-08 17:32:52.133 [info] Laravel Extra Intellisense command started: HTTP Routes
2024-05-08 17:32:52.260 [info] Laravel Extra Intellisense Resolved: HTTP Routes
2024-05-08 17:33:17.351 [info] Laravel Extra Intellisense command started: Application Models
2024-05-08 17:33:17.351 [info] Laravel Extra Intellisense command started: Auth Data
2024-05-08 17:33:17.479 [info] Laravel Extra Intellisense Resolved: Application Models
2024-05-08 17:33:17.482 [info] Laravel Extra Intellisense Resolved: Auth Data
2024-05-08 17:34:17.345 [info] Laravel Extra Intellisense command started: Application Models
2024-05-08 17:34:17.345 [info] Laravel Extra Intellisense command started: Auth Data
2024-05-08 17:34:17.438 [info] Laravel Extra Intellisense command started: Custom Blade Directives
2024-05-08 17:34:17.605 [info] Laravel Extra Intellisense Resolved: Auth Data
2024-05-08 17:34:17.606 [info] Laravel Extra Intellisense Resolved: Application Models
2024-05-08 17:34:17.608 [info] Laravel Extra Intellisense Resolved: Custom Blade Directives
2024-05-08 17:35:17.345 [info] Laravel Extra Intellisense command started: Application Models
2024-05-08 17:35:17.345 [info] Laravel Extra Intellisense command started: Auth Data
2024-05-08 17:35:17.550 [info] Laravel Extra Intellisense Resolved: Application Models
2024-05-08 17:35:17.550 [info] Laravel Extra Intellisense Resolved: Auth Data
2024-05-08 17:36:17.346 [info] Laravel Extra Intellisense command started: Application Models
2024-05-08 17:36:17.346 [info] Laravel Extra Intellisense command started: Auth Data
2024-05-08 17:36:17.610 [info] Laravel Extra Intellisense Resolved: Auth Data
2024-05-08 17:36:17.613 [info] Laravel Extra Intellisense Resolved: Application Models
2024-05-08 17:37:17.371 [info] Laravel Extra Intellisense command started: Application Models
2024-05-08 17:37:17.371 [info] Laravel Extra Intellisense command started: Auth Data
2024-05-08 17:37:17.509 [info] Laravel Extra Intellisense Resolved: Application Models
2024-05-08 17:37:17.511 [info] Laravel Extra Intellisense Resolved: Auth Data
2024-05-08 17:38:17.386 [info] Laravel Extra Intellisense command started: Application Models
2024-05-08 17:38:17.387 [info] Laravel Extra Intellisense command started: Auth Data
2024-05-08 17:38:17.698 [info] Laravel Extra Intellisense Resolved: Application Models
2024-05-08 17:38:17.698 [info] Laravel Extra Intellisense Resolved: Auth Data
2024-05-08 17:39:17.344 [info] Laravel Extra Intellisense command started: Application Models
2024-05-08 17:39:17.344 [info] Laravel Extra Intellisense command started: Auth Data
2024-05-08 17:39:17.463 [info] Laravel Extra Intellisense Resolved: Application Models
2024-05-08 17:39:17.463 [info] Laravel Extra Intellisense Resolved: Auth Data
2024-05-08 17:40:17.350 [info] Laravel Extra Intellisense command started: Application Models
2024-05-08 17:40:17.350 [info] Laravel Extra Intellisense command started: Auth Data
2024-05-08 17:40:17.490 [info] Laravel Extra Intellisense Resolved: Application Models
2024-05-08 17:40:17.519 [info] Laravel Extra Intellisense Resolved: Auth Data
2024-05-08 17:41:17.352 [info] Laravel Extra Intellisense command started: Application Models
2024-05-08 17:41:17.352 [info] Laravel Extra Intellisense command started: Auth Data
2024-05-08 17:41:17.619 [info] Laravel Extra Intellisense Resolved: Application Models
2024-05-08 17:41:17.619 [info] Laravel Extra Intellisense Resolved: Auth Data
2024-05-08 17:42:17.354 [info] Laravel Extra Intellisense command started: Application Models
2024-05-08 17:42:17.354 [info] Laravel Extra Intellisense command started: Auth Data
2024-05-08 17:42:17.489 [info] Laravel Extra Intellisense Resolved: Auth Data
2024-05-08 17:42:17.489 [info] Laravel Extra Intellisense Resolved: Application Models
2024-05-08 17:43:17.345 [info] Laravel Extra Intellisense command started: Application Models
2024-05-08 17:43:17.345 [info] Laravel Extra Intellisense command started: Auth Data
2024-05-08 17:43:17.491 [info] Laravel Extra Intellisense Resolved: Auth Data
2024-05-08 17:43:17.491 [info] Laravel Extra Intellisense Resolved: Application Models
2024-05-08 17:44:17.351 [info] Laravel Extra Intellisense command started: Application Models
2024-05-08 17:44:17.351 [info] Laravel Extra Intellisense command started: Auth Data
2024-05-08 17:44:17.437 [info] Laravel Extra Intellisense command started: Custom Blade Directives
2024-05-08 17:44:17.473 [info] Laravel Extra Intellisense Resolved: Application Models
2024-05-08 17:44:17.475 [info] Laravel Extra Intellisense Resolved: Auth Data
2024-05-08 17:44:17.569 [info] Laravel Extra Intellisense Resolved: Custom Blade Directives
2024-05-08 17:45:17.352 [info] Laravel Extra Intellisense command started: Application Models
2024-05-08 17:45:17.352 [info] Laravel Extra Intellisense command started: Auth Data
2024-05-08 17:45:17.472 [info] Laravel Extra Intellisense Resolved: Application Models
2024-05-08 17:45:17.473 [info] Laravel Extra Intellisense Resolved: Auth Data
2024-05-08 17:46:17.354 [info] Laravel Extra Intellisense command started: Application Models
2024-05-08 17:46:17.354 [info] Laravel Extra Intellisense command started: Auth Data
2024-05-08 17:46:17.550 [info] Laravel Extra Intellisense Resolved: Application Models
2024-05-08 17:46:17.550 [info] Laravel Extra Intellisense Resolved: Auth Data
2024-05-08 17:47:17.353 [info] Laravel Extra Intellisense command started: Application Models
2024-05-08 17:47:17.353 [info] Laravel Extra Intellisense command started: Auth Data
2024-05-08 17:47:17.447 [info] Laravel Extra Intellisense Resolved: Application Models
2024-05-08 17:47:17.447 [info] Laravel Extra Intellisense Resolved: Auth Data
2024-05-08 17:48:17.357 [info] Laravel Extra Intellisense command started: Application Models
2024-05-08 17:48:17.357 [info] Laravel Extra Intellisense command started: Auth Data
2024-05-08 17:48:17.483 [info] Laravel Extra Intellisense Resolved: Application Models
2024-05-08 17:48:17.483 [info] Laravel Extra Intellisense Resolved: Auth Data
2024-05-08 17:49:17.375 [info] Laravel Extra Intellisense command started: Application Models
2024-05-08 17:49:17.375 [info] Laravel Extra Intellisense command started: Auth Data
2024-05-08 17:49:17.622 [info] Laravel Extra Intellisense Resolved: Auth Data
2024-05-08 17:49:17.623 [info] Laravel Extra Intellisense Resolved: Application Models
2024-05-08 17:50:17.379 [info] Laravel Extra Intellisense command started: Application Models
2024-05-08 17:50:17.380 [info] Laravel Extra Intellisense command started: Auth Data
2024-05-08 17:50:17.476 [info] Laravel Extra Intellisense Resolved: Auth Data
2024-05-08 17:50:17.477 [info] Laravel Extra Intellisense Resolved: Application Models
2024-05-08 17:51:17.382 [info] Laravel Extra Intellisense command started: Application Models
2024-05-08 17:51:17.382 [info] Laravel Extra Intellisense command started: Auth Data
2024-05-08 17:51:17.688 [info] Laravel Extra Intellisense Resolved: Auth Data
2024-05-08 17:51:17.689 [info] Laravel Extra Intellisense Resolved: Application Models
2024-05-08 17:52:17.398 [info] Laravel Extra Intellisense command started: Application Models
2024-05-08 17:52:17.399 [info] Laravel Extra Intellisense command started: Auth Data
2024-05-08 17:52:17.491 [info] Laravel Extra Intellisense Resolved: Auth Data
2024-05-08 17:52:17.491 [info] Laravel Extra Intellisense Resolved: Application Models
2024-05-08 17:53:17.411 [info] Laravel Extra Intellisense command started: Application Models
2024-05-08 17:53:17.411 [info] Laravel Extra Intellisense command started: Auth Data
2024-05-08 17:53:17.539 [info] Laravel Extra Intellisense Resolved: Auth Data
2024-05-08 17:53:17.541 [info] Laravel Extra Intellisense Resolved: Application Models
2024-05-08 17:54:17.429 [info] Laravel Extra Intellisense command started: Application Models
2024-05-08 17:54:17.429 [info] Laravel Extra Intellisense command started: Auth Data
2024-05-08 17:54:17.437 [info] Laravel Extra Intellisense command started: Custom Blade Directives
2024-05-08 17:54:17.616 [info] Laravel Extra Intellisense Resolved: Auth Data
2024-05-08 17:54:17.617 [info] Laravel Extra Intellisense Resolved: Custom Blade Directives
2024-05-08 17:54:17.618 [info] Laravel Extra Intellisense Resolved: Application Models
2024-05-08 17:55:17.436 [info] Laravel Extra Intellisense command started: Application Models
2024-05-08 17:55:17.436 [info] Laravel Extra Intellisense command started: Auth Data
2024-05-08 17:55:17.557 [info] Laravel Extra Intellisense Resolved: Application Models
2024-05-08 17:55:17.563 [info] Laravel Extra Intellisense Resolved: Auth Data
2024-05-08 17:56:17.442 [info] Laravel Extra Intellisense command started: Application Models
2024-05-08 17:56:17.442 [info] Laravel Extra Intellisense command started: Auth Data
2024-05-08 17:56:17.557 [info] Laravel Extra Intellisense Resolved: Application Models
2024-05-08 17:56:17.564 [info] Laravel Extra Intellisense Resolved: Auth Data
2024-05-08 17:57:17.452 [info] Laravel Extra Intellisense command started: Application Models
2024-05-08 17:57:17.452 [info] Laravel Extra Intellisense command started: Auth Data
2024-05-08 17:57:17.616 [info] Laravel Extra Intellisense Resolved: Auth Data
2024-05-08 17:57:17.616 [info] Laravel Extra Intellisense Resolved: Application Models
2024-05-08 17:58:17.455 [info] Laravel Extra Intellisense command started: Application Models
2024-05-08 17:58:17.455 [info] Laravel Extra Intellisense command started: Auth Data
2024-05-08 17:58:17.567 [info] Laravel Extra Intellisense Resolved: Application Models
2024-05-08 17:58:17.567 [info] Laravel Extra Intellisense Resolved: Auth Data
2024-05-08 17:59:17.459 [info] Laravel Extra Intellisense command started: Application Models
2024-05-08 17:59:17.459 [info] Laravel Extra Intellisense command started: Auth Data
2024-05-08 17:59:17.586 [info] Laravel Extra Intellisense Resolved: Auth Data
2024-05-08 17:59:17.590 [info] Laravel Extra Intellisense Resolved: Application Models
2024-05-08 18:00:17.467 [info] Laravel Extra Intellisense command started: Application Models
2024-05-08 18:00:17.468 [info] Laravel Extra Intellisense command started: Auth Data
2024-05-08 18:00:17.659 [info] Laravel Extra Intellisense Resolved: Auth Data
2024-05-08 18:00:17.659 [info] Laravel Extra Intellisense Resolved: Application Models
2024-05-08 18:01:17.474 [info] Laravel Extra Intellisense command started: Application Models
2024-05-08 18:01:17.474 [info] Laravel Extra Intellisense command started: Auth Data
2024-05-08 18:01:17.593 [info] Laravel Extra Intellisense Resolved: Auth Data
2024-05-08 18:01:17.596 [info] Laravel Extra Intellisense Resolved: Application Models
2024-05-08 18:02:17.480 [info] Laravel Extra Intellisense command started: Application Models
2024-05-08 18:02:17.484 [info] Laravel Extra Intellisense command started: Auth Data
2024-05-08 18:02:17.591 [info] Laravel Extra Intellisense Resolved: Application Models
2024-05-08 18:02:17.600 [info] Laravel Extra Intellisense Resolved: Auth Data
2024-05-08 18:03:17.499 [info] Laravel Extra Intellisense command started: Application Models
2024-05-08 18:03:17.505 [info] Laravel Extra Intellisense command started: Auth Data
2024-05-08 18:03:17.653 [info] Laravel Extra Intellisense Resolved: Auth Data
2024-05-08 18:03:17.657 [info] Laravel Extra Intellisense Resolved: Application Models
2024-05-08 18:04:17.455 [info] Laravel Extra Intellisense command started: Custom Blade Directives
2024-05-08 18:04:17.484 [info] Laravel Extra Intellisense command started: Application Models
2024-05-08 18:04:17.484 [info] Laravel Extra Intellisense command started: Auth Data
2024-05-08 18:04:17.594 [info] Laravel Extra Intellisense Resolved: Custom Blade Directives
2024-05-08 18:04:17.611 [info] Laravel Extra Intellisense Resolved: Application Models
2024-05-08 18:04:17.611 [info] Laravel Extra Intellisense Resolved: Auth Data
2024-05-08 18:05:17.517 [info] Laravel Extra Intellisense command started: Application Models
2024-05-08 18:05:17.517 [info] Laravel Extra Intellisense command started: Auth Data
2024-05-08 18:05:17.626 [info] Laravel Extra Intellisense Resolved: Application Models
2024-05-08 18:05:17.648 [info] Laravel Extra Intellisense Resolved: Auth Data
2024-05-08 18:06:17.512 [info] Laravel Extra Intellisense command started: Application Models
2024-05-08 18:06:17.512 [info] Laravel Extra Intellisense command started: Auth Data
2024-05-08 18:06:17.630 [info] Laravel Extra Intellisense Resolved: Application Models
2024-05-08 18:06:17.630 [info] Laravel Extra Intellisense Resolved: Auth Data
2024-05-08 18:07:17.522 [info] Laravel Extra Intellisense command started: Application Models
2024-05-08 18:07:17.522 [info] Laravel Extra Intellisense command started: Auth Data
2024-05-08 18:07:17.643 [info] Laravel Extra Intellisense Resolved: Auth Data
2024-05-08 18:07:17.660 [info] Laravel Extra Intellisense Resolved: Application Models
2024-05-08 18:08:17.521 [info] Laravel Extra Intellisense command started: Application Models
2024-05-08 18:08:17.521 [info] Laravel Extra Intellisense command started: Auth Data
2024-05-08 18:08:17.620 [info] Laravel Extra Intellisense Resolved: Auth Data
2024-05-08 18:08:17.620 [info] Laravel Extra Intellisense Resolved: Application Models
2024-05-08 18:09:17.530 [info] Laravel Extra Intellisense command started: Application Models
2024-05-08 18:09:17.530 [info] Laravel Extra Intellisense command started: Auth Data
2024-05-08 18:09:17.678 [info] Laravel Extra Intellisense Resolved: Application Models
2024-05-08 18:09:17.678 [info] Laravel Extra Intellisense Resolved: Auth Data
2024-05-08 18:10:17.537 [info] Laravel Extra Intellisense command started: Application Models
2024-05-08 18:10:17.537 [info] Laravel Extra Intellisense command started: Auth Data
2024-05-08 18:10:17.683 [info] Laravel Extra Intellisense Resolved: Application Models
2024-05-08 18:10:17.683 [info] Laravel Extra Intellisense Resolved: Auth Data
2024-05-08 18:11:17.544 [info] Laravel Extra Intellisense command started: Application Models
2024-05-08 18:11:17.544 [info] Laravel Extra Intellisense command started: Auth Data
2024-05-08 18:11:17.734 [info] Laravel Extra Intellisense Resolved: Application Models
2024-05-08 18:11:17.734 [info] Laravel Extra Intellisense Resolved: Auth Data
2024-05-08 18:12:17.553 [info] Laravel Extra Intellisense command started: Application Models
2024-05-08 18:12:17.553 [info] Laravel Extra Intellisense command started: Auth Data
2024-05-08 18:12:17.691 [info] Laravel Extra Intellisense Resolved: Auth Data
2024-05-08 18:12:17.691 [info] Laravel Extra Intellisense Resolved: Application Models
2024-05-08 18:13:17.562 [info] Laravel Extra Intellisense command started: Application Models
2024-05-08 18:13:17.562 [info] Laravel Extra Intellisense command started: Auth Data
2024-05-08 18:13:17.683 [info] Laravel Extra Intellisense Resolved: Auth Data
2024-05-08 18:13:17.683 [info] Laravel Extra Intellisense Resolved: Application Models
2024-05-08 18:14:17.465 [info] Laravel Extra Intellisense command started: Custom Blade Directives
2024-05-08 18:14:17.561 [info] Laravel Extra Intellisense command started: Application Models
2024-05-08 18:14:17.561 [info] Laravel Extra Intellisense command started: Auth Data
2024-05-08 18:14:17.624 [info] Laravel Extra Intellisense Resolved: Custom Blade Directives
2024-05-08 18:14:17.666 [info] Laravel Extra Intellisense Resolved: Application Models
2024-05-08 18:14:17.666 [info] Laravel Extra Intellisense Resolved: Auth Data
2024-05-08 18:15:17.582 [info] Laravel Extra Intellisense command started: Application Models
2024-05-08 18:15:17.582 [info] Laravel Extra Intellisense command started: Auth Data
2024-05-08 18:15:17.836 [info] Laravel Extra Intellisense Resolved: Auth Data
2024-05-08 18:15:17.836 [info] Laravel Extra Intellisense Resolved: Application Models
2024-05-08 18:16:17.575 [info] Laravel Extra Intellisense command started: Application Models
2024-05-08 18:16:17.575 [info] Laravel Extra Intellisense command started: Auth Data
2024-05-08 18:16:17.680 [info] Laravel Extra Intellisense Resolved: Application Models
2024-05-08 18:16:17.684 [info] Laravel Extra Intellisense Resolved: Auth Data
2024-05-08 18:17:17.578 [info] Laravel Extra Intellisense command started: Application Models
2024-05-08 18:17:17.578 [info] Laravel Extra Intellisense command started: Auth Data
2024-05-08 18:17:17.678 [info] Laravel Extra Intellisense Resolved: Application Models
2024-05-08 18:17:17.683 [info] Laravel Extra Intellisense Resolved: Auth Data
2024-05-08 18:18:17.587 [info] Laravel Extra Intellisense command started: Application Models
2024-05-08 18:18:17.587 [info] Laravel Extra Intellisense command started: Auth Data
2024-05-08 18:18:17.687 [info] Laravel Extra Intellisense Resolved: Application Models
2024-05-08 18:18:17.687 [info] Laravel Extra Intellisense Resolved: Auth Data
2024-05-08 18:19:17.595 [info] Laravel Extra Intellisense command started: Application Models
2024-05-08 18:19:17.595 [info] Laravel Extra Intellisense command started: Auth Data
2024-05-08 18:19:17.696 [info] Laravel Extra Intellisense Resolved: Application Models
2024-05-08 18:19:17.696 [info] Laravel Extra Intellisense Resolved: Auth Data
2024-05-08 18:20:17.590 [info] Laravel Extra Intellisense command started: Application Models
2024-05-08 18:20:17.590 [info] Laravel Extra Intellisense command started: Auth Data
2024-05-08 18:20:17.797 [info] Laravel Extra Intellisense Resolved: Auth Data
2024-05-08 18:20:17.799 [info] Laravel Extra Intellisense Resolved: Application Models
2024-05-08 18:21:17.606 [info] Laravel Extra Intellisense command started: Application Models
2024-05-08 18:21:17.606 [info] Laravel Extra Intellisense command started: Auth Data
2024-05-08 18:21:17.740 [info] Laravel Extra Intellisense Resolved: Application Models
2024-05-08 18:21:17.740 [info] Laravel Extra Intellisense Resolved: Auth Data
2024-05-08 18:22:17.614 [info] Laravel Extra Intellisense command started: Application Models
2024-05-08 18:22:17.614 [info] Laravel Extra Intellisense command started: Auth Data
2024-05-08 18:22:17.726 [info] Laravel Extra Intellisense Resolved: Auth Data
2024-05-08 18:22:17.728 [info] Laravel Extra Intellisense Resolved: Application Models
2024-05-08 18:23:17.608 [info] Laravel Extra Intellisense command started: Application Models
2024-05-08 18:23:17.608 [info] Laravel Extra Intellisense command started: Auth Data
2024-05-08 18:23:17.708 [info] Laravel Extra Intellisense Resolved: Application Models
2024-05-08 18:23:17.712 [info] Laravel Extra Intellisense Resolved: Auth Data
2024-05-08 18:24:17.459 [info] Laravel Extra Intellisense command started: Custom Blade Directives
2024-05-08 18:24:17.607 [info] Laravel Extra Intellisense command started: Application Models
2024-05-08 18:24:17.607 [info] Laravel Extra Intellisense command started: Auth Data
2024-05-08 18:24:17.649 [info] Laravel Extra Intellisense Resolved: Custom Blade Directives
2024-05-08 18:24:17.705 [info] Laravel Extra Intellisense Resolved: Auth Data
2024-05-08 18:24:17.705 [info] Laravel Extra Intellisense Resolved: Application Models
2024-05-08 18:25:17.633 [info] Laravel Extra Intellisense command started: Application Models
2024-05-08 18:25:17.633 [info] Laravel Extra Intellisense command started: Auth Data
2024-05-08 18:25:17.753 [info] Laravel Extra Intellisense Resolved: Application Models
2024-05-08 18:25:17.754 [info] Laravel Extra Intellisense Resolved: Auth Data
2024-05-08 18:26:17.725 [info] Laravel Extra Intellisense command started: Application Models
2024-05-08 18:26:17.737 [info] Laravel Extra Intellisense command started: Auth Data
2024-05-08 18:26:18.026 [info] Laravel Extra Intellisense Resolved: Auth Data
2024-05-08 18:26:18.030 [info] Laravel Extra Intellisense Resolved: Application Models
2024-05-08 18:26:54.771 [info] Laravel Extra Intellisense command started: Eloquent Attributes and Relations
2024-05-08 18:26:55.020 [info] Laravel Extra Intellisense Resolved: Eloquent Attributes and Relations
2024-05-08 18:27:16.730 [info] Laravel Extra Intellisense command started: Eloquent Attributes and Relations
2024-05-08 18:27:16.897 [info] Laravel Extra Intellisense Resolved: Eloquent Attributes and Relations
2024-05-08 18:27:17.635 [info] Laravel Extra Intellisense command started: Application Models
2024-05-08 18:27:17.635 [info] Laravel Extra Intellisense command started: Auth Data
2024-05-08 18:27:17.759 [info] Laravel Extra Intellisense Resolved: Application Models
2024-05-08 18:27:17.763 [info] Laravel Extra Intellisense Resolved: Auth Data
2024-05-08 18:28:17.641 [info] Laravel Extra Intellisense command started: Application Models
2024-05-08 18:28:17.641 [info] Laravel Extra Intellisense command started: Auth Data
2024-05-08 18:28:17.840 [info] Laravel Extra Intellisense Resolved: Auth Data
2024-05-08 18:28:17.840 [info] Laravel Extra Intellisense Resolved: Application Models
2024-05-08 18:29:17.642 [info] Laravel Extra Intellisense command started: Application Models
2024-05-08 18:29:17.642 [info] Laravel Extra Intellisense command started: Auth Data
2024-05-08 18:29:17.902 [info] Laravel Extra Intellisense Resolved: Auth Data
2024-05-08 18:29:17.902 [info] Laravel Extra Intellisense Resolved: Application Models
2024-05-08 18:30:17.646 [info] Laravel Extra Intellisense command started: Application Models
2024-05-08 18:30:17.646 [info] Laravel Extra Intellisense command started: Auth Data
2024-05-08 18:30:17.863 [info] Laravel Extra Intellisense Resolved: Application Models
2024-05-08 18:30:17.863 [info] Laravel Extra Intellisense Resolved: Auth Data
2024-05-08 18:31:17.634 [info] Laravel Extra Intellisense command started: Application Models
2024-05-08 18:31:17.634 [info] Laravel Extra Intellisense command started: Auth Data
2024-05-08 18:31:17.743 [info] Laravel Extra Intellisense Resolved: Auth Data
2024-05-08 18:31:17.744 [info] Laravel Extra Intellisense Resolved: Application Models
