2024-05-08 17:19:03.132 [info] Log level: Info
2024-05-08 17:19:03.132 [info] Validating found git in: "git"
2024-05-08 17:19:03.132 [info] Using git "2.34.1" from "git"
2024-05-08 17:19:03.132 [info] > git rev-parse --show-toplevel [9ms]
2024-05-08 17:19:03.133 [info] > git rev-parse --git-dir --git-common-dir [2ms]
2024-05-08 17:19:03.143 [info] Open repository: /home/kyawkyawlin/Laravel_Projects/personal/api/laravel8-api-auth-jwt
2024-05-08 17:19:03.159 [info] > git config --get commit.template [6ms]
2024-05-08 17:19:03.163 [info] > git rev-parse --show-toplevel [6ms]
2024-05-08 17:19:03.175 [info] > git for-each-ref --format=%(refname)%00%(upstream:short)%00%(objectname)%00%(upstream:track)%00%(upstream:remotename)%00%(upstream:remoteref) refs/heads/main refs/remotes/main [6ms]
2024-05-08 17:19:03.185 [info] > git rev-parse --show-toplevel [12ms]
2024-05-08 17:19:03.190 [info] > git status -z -uall [10ms]
2024-05-08 17:19:03.205 [info] > git rev-parse --show-toplevel [16ms]
2024-05-08 17:19:03.273 [info] > git config --get commit.template [69ms]
2024-05-08 17:19:03.296 [info] > git rev-parse --show-toplevel [24ms]
2024-05-08 17:19:03.306 [info] > git for-each-ref --format=%(refname)%00%(upstream:short)%00%(objectname)%00%(upstream:track)%00%(upstream:remotename)%00%(upstream:remoteref) refs/heads/main refs/remotes/main [5ms]
2024-05-08 17:19:03.311 [info] > git rev-parse --show-toplevel [7ms]
2024-05-08 17:19:03.317 [info] > git status -z -uall [7ms]
2024-05-08 17:19:03.321 [info] > git rev-parse --show-toplevel [5ms]
2024-05-08 17:19:03.331 [info] > git rev-parse --show-toplevel [5ms]
2024-05-08 17:19:03.337 [info] > git rev-parse --show-toplevel [1ms]
2024-05-08 17:19:03.342 [info] > git rev-parse --show-toplevel [1ms]
2024-05-08 17:19:03.347 [info] > git rev-parse --show-toplevel [1ms]
2024-05-08 17:19:03.351 [info] > git rev-parse --show-toplevel [1ms]
2024-05-08 17:19:03.688 [info] > git check-ignore -v -z --stdin [2ms]
2024-05-08 17:19:05.423 [info] > git config --get commit.template [3ms]
2024-05-08 17:19:05.424 [info] > git for-each-ref --format=%(refname)%00%(upstream:short)%00%(objectname)%00%(upstream:track)%00%(upstream:remotename)%00%(upstream:remoteref) refs/heads/main refs/remotes/main [1ms]
2024-05-08 17:19:05.430 [info] > git status -z -uall [3ms]
2024-05-08 17:19:06.050 [info] > git show --textconv :README.md [8ms]
2024-05-08 17:19:06.115 [info] > git ls-files --stage -- /home/kyawkyawlin/Laravel_Projects/personal/api/laravel8-api-auth-jwt/README.md [66ms]
2024-05-08 17:19:06.133 [info] > git cat-file -s 1b6397ce32f1c91c1ba1f01b569319ffe2e7cfcd [13ms]
2024-05-08 17:19:16.845 [info] > git config --get commit.template [5ms]
2024-05-08 17:19:16.845 [info] > git for-each-ref --format=%(refname)%00%(upstream:short)%00%(objectname)%00%(upstream:track)%00%(upstream:remotename)%00%(upstream:remoteref) refs/heads/main refs/remotes/main [1ms]
2024-05-08 17:19:16.851 [info] > git status -z -uall [3ms]
2024-05-08 17:19:21.864 [info] > git config --get commit.template [4ms]
2024-05-08 17:19:21.864 [info] > git for-each-ref --format=%(refname)%00%(upstream:short)%00%(objectname)%00%(upstream:track)%00%(upstream:remotename)%00%(upstream:remoteref) refs/heads/main refs/remotes/main [1ms]
2024-05-08 17:19:21.870 [info] > git status -z -uall [3ms]
2024-05-08 17:19:26.883 [info] > git config --get commit.template [4ms]
2024-05-08 17:19:26.884 [info] > git for-each-ref --format=%(refname)%00%(upstream:short)%00%(objectname)%00%(upstream:track)%00%(upstream:remotename)%00%(upstream:remoteref) refs/heads/main refs/remotes/main [1ms]
2024-05-08 17:19:26.890 [info] > git status -z -uall [3ms]
2024-05-08 17:19:31.905 [info] > git config --get commit.template [0ms]
2024-05-08 17:19:31.909 [info] > git for-each-ref --format=%(refname)%00%(upstream:short)%00%(objectname)%00%(upstream:track)%00%(upstream:remotename)%00%(upstream:remoteref) refs/heads/main refs/remotes/main [1ms]
2024-05-08 17:19:31.915 [info] > git status -z -uall [3ms]
2024-05-08 17:19:36.928 [info] > git config --get commit.template [3ms]
2024-05-08 17:19:36.929 [info] > git for-each-ref --format=%(refname)%00%(upstream:short)%00%(objectname)%00%(upstream:track)%00%(upstream:remotename)%00%(upstream:remoteref) refs/heads/main refs/remotes/main [1ms]
2024-05-08 17:19:36.935 [info] > git status -z -uall [3ms]
2024-05-08 17:19:41.948 [info] > git config --get commit.template [4ms]
2024-05-08 17:19:41.948 [info] > git for-each-ref --format=%(refname)%00%(upstream:short)%00%(objectname)%00%(upstream:track)%00%(upstream:remotename)%00%(upstream:remoteref) refs/heads/main refs/remotes/main [1ms]
2024-05-08 17:19:41.954 [info] > git status -z -uall [3ms]
2024-05-08 17:19:46.965 [info] > git config --get commit.template [1ms]
2024-05-08 17:19:46.970 [info] > git for-each-ref --format=%(refname)%00%(upstream:short)%00%(objectname)%00%(upstream:track)%00%(upstream:remotename)%00%(upstream:remoteref) refs/heads/main refs/remotes/main [1ms]
2024-05-08 17:19:46.978 [info] > git status -z -uall [4ms]
2024-05-08 17:19:51.992 [info] > git config --get commit.template [4ms]
2024-05-08 17:19:51.993 [info] > git for-each-ref --format=%(refname)%00%(upstream:short)%00%(objectname)%00%(upstream:track)%00%(upstream:remotename)%00%(upstream:remoteref) refs/heads/main refs/remotes/main [2ms]
2024-05-08 17:19:51.999 [info] > git status -z -uall [3ms]
2024-05-08 17:19:57.493 [info] > git config --get commit.template [4ms]
2024-05-08 17:19:57.494 [info] > git for-each-ref --format=%(refname)%00%(upstream:short)%00%(objectname)%00%(upstream:track)%00%(upstream:remotename)%00%(upstream:remoteref) refs/heads/main refs/remotes/main [0ms]
2024-05-08 17:19:57.503 [info] > git status -z -uall [5ms]
2024-05-08 17:20:00.167 [info] > git show --textconv :README.md [6ms]
2024-05-08 17:20:00.168 [info] > git ls-files --stage -- /home/kyawkyawlin/Laravel_Projects/personal/api/laravel8-api-auth-jwt/README.md [2ms]
2024-05-08 17:20:00.175 [info] > git cat-file -s 1b6397ce32f1c91c1ba1f01b569319ffe2e7cfcd [2ms]
2024-05-08 17:20:02.518 [info] > git config --get commit.template [4ms]
2024-05-08 17:20:02.518 [info] > git for-each-ref --format=%(refname)%00%(upstream:short)%00%(objectname)%00%(upstream:track)%00%(upstream:remotename)%00%(upstream:remoteref) refs/heads/main refs/remotes/main [2ms]
2024-05-08 17:20:02.524 [info] > git status -z -uall [2ms]
2024-05-08 17:20:09.598 [info] > git config --get commit.template [4ms]
2024-05-08 17:20:09.599 [info] > git for-each-ref --format=%(refname)%00%(upstream:short)%00%(objectname)%00%(upstream:track)%00%(upstream:remotename)%00%(upstream:remoteref) refs/heads/main refs/remotes/main [1ms]
2024-05-08 17:20:09.606 [info] > git status -z -uall [3ms]
2024-05-08 17:20:15.229 [info] > git config --get commit.template [8ms]
2024-05-08 17:20:15.230 [info] > git for-each-ref --format=%(refname)%00%(upstream:short)%00%(objectname)%00%(upstream:track)%00%(upstream:remotename)%00%(upstream:remoteref) refs/heads/main refs/remotes/main [1ms]
2024-05-08 17:20:15.241 [info] > git status -z -uall [5ms]
2024-05-08 17:20:22.241 [info] > git config --get commit.template [5ms]
2024-05-08 17:20:22.241 [info] > git for-each-ref --format=%(refname)%00%(upstream:short)%00%(objectname)%00%(upstream:track)%00%(upstream:remotename)%00%(upstream:remoteref) refs/heads/main refs/remotes/main [1ms]
2024-05-08 17:20:22.256 [info] > git status -z -uall [7ms]
2024-05-08 17:20:28.879 [info] > git config --get commit.template [13ms]
2024-05-08 17:20:28.880 [info] > git for-each-ref --format=%(refname)%00%(upstream:short)%00%(objectname)%00%(upstream:track)%00%(upstream:remotename)%00%(upstream:remoteref) refs/heads/main refs/remotes/main [3ms]
2024-05-08 17:20:28.887 [info] > git status -z -uall [3ms]
2024-05-08 17:20:41.415 [info] > git config --get commit.template [4ms]
2024-05-08 17:20:41.416 [info] > git for-each-ref --format=%(refname)%00%(upstream:short)%00%(objectname)%00%(upstream:track)%00%(upstream:remotename)%00%(upstream:remoteref) refs/heads/main refs/remotes/main [1ms]
2024-05-08 17:20:41.423 [info] > git status -z -uall [4ms]
2024-05-08 17:20:46.436 [info] > git config --get commit.template [4ms]
2024-05-08 17:20:46.436 [info] > git for-each-ref --format=%(refname)%00%(upstream:short)%00%(objectname)%00%(upstream:track)%00%(upstream:remotename)%00%(upstream:remoteref) refs/heads/main refs/remotes/main [1ms]
2024-05-08 17:20:46.443 [info] > git status -z -uall [3ms]
2024-05-08 17:20:52.164 [info] > git config --get commit.template [5ms]
2024-05-08 17:20:52.165 [info] > git for-each-ref --format=%(refname)%00%(upstream:short)%00%(objectname)%00%(upstream:track)%00%(upstream:remotename)%00%(upstream:remoteref) refs/heads/main refs/remotes/main [1ms]
2024-05-08 17:20:52.171 [info] > git status -z -uall [3ms]
2024-05-08 17:20:57.184 [info] > git config --get commit.template [4ms]
2024-05-08 17:20:57.185 [info] > git for-each-ref --format=%(refname)%00%(upstream:short)%00%(objectname)%00%(upstream:track)%00%(upstream:remotename)%00%(upstream:remoteref) refs/heads/main refs/remotes/main [1ms]
2024-05-08 17:20:57.191 [info] > git status -z -uall [3ms]
2024-05-08 17:21:02.204 [info] > git config --get commit.template [4ms]
2024-05-08 17:21:02.204 [info] > git for-each-ref --format=%(refname)%00%(upstream:short)%00%(objectname)%00%(upstream:track)%00%(upstream:remotename)%00%(upstream:remoteref) refs/heads/main refs/remotes/main [1ms]
2024-05-08 17:21:02.210 [info] > git status -z -uall [3ms]
2024-05-08 17:21:07.224 [info] > git config --get commit.template [5ms]
2024-05-08 17:21:07.224 [info] > git for-each-ref --format=%(refname)%00%(upstream:short)%00%(objectname)%00%(upstream:track)%00%(upstream:remotename)%00%(upstream:remoteref) refs/heads/main refs/remotes/main [1ms]
2024-05-08 17:21:07.231 [info] > git status -z -uall [3ms]
2024-05-08 17:22:00.648 [info] > git config --get commit.template [6ms]
2024-05-08 17:22:00.649 [info] > git for-each-ref --format=%(refname)%00%(upstream:short)%00%(objectname)%00%(upstream:track)%00%(upstream:remotename)%00%(upstream:remoteref) refs/heads/main refs/remotes/main [1ms]
2024-05-08 17:22:00.669 [info] > git status -z -uall [13ms]
2024-05-08 17:22:05.682 [info] > git config --get commit.template [4ms]
2024-05-08 17:22:05.682 [info] > git for-each-ref --format=%(refname)%00%(upstream:short)%00%(objectname)%00%(upstream:track)%00%(upstream:remotename)%00%(upstream:remoteref) refs/heads/main refs/remotes/main [1ms]
2024-05-08 17:22:05.690 [info] > git status -z -uall [4ms]
2024-05-08 17:22:10.704 [info] > git config --get commit.template [4ms]
2024-05-08 17:22:10.706 [info] > git for-each-ref --format=%(refname)%00%(upstream:short)%00%(objectname)%00%(upstream:track)%00%(upstream:remotename)%00%(upstream:remoteref) refs/heads/main refs/remotes/main [3ms]
2024-05-08 17:22:10.714 [info] > git status -z -uall [4ms]
2024-05-08 17:22:19.150 [info] > git check-ignore -v -z --stdin [2ms]
2024-05-08 17:22:20.175 [info] > git check-ignore -v -z --stdin [1ms]
2024-05-08 17:22:21.524 [info] > git check-ignore -v -z --stdin [1ms]
2024-05-08 17:22:22.355 [info] > git config --get commit.template [4ms]
2024-05-08 17:22:22.356 [info] > git for-each-ref --format=%(refname)%00%(upstream:short)%00%(objectname)%00%(upstream:track)%00%(upstream:remotename)%00%(upstream:remoteref) refs/heads/main refs/remotes/main [1ms]
2024-05-08 17:22:22.362 [info] > git status -z -uall [3ms]
2024-05-08 17:22:22.838 [info] > git show --textconv :app/Http/Controllers/AuthController.php [5ms]
2024-05-08 17:22:22.839 [info] > git ls-files --stage -- /home/kyawkyawlin/Laravel_Projects/personal/api/laravel8-api-auth-jwt/app/Http/Controllers/AuthController.php [1ms]
2024-05-08 17:22:46.297 [info] > git config --get commit.template [9ms]
2024-05-08 17:22:46.301 [info] > git for-each-ref --format=%(refname)%00%(upstream:short)%00%(objectname)%00%(upstream:track)%00%(upstream:remotename)%00%(upstream:remoteref) refs/heads/main refs/remotes/main [5ms]
2024-05-08 17:22:46.317 [info] > git status -z -uall [10ms]
2024-05-08 17:22:51.339 [info] > git config --get commit.template [4ms]
2024-05-08 17:22:51.340 [info] > git for-each-ref --format=%(refname)%00%(upstream:short)%00%(objectname)%00%(upstream:track)%00%(upstream:remotename)%00%(upstream:remoteref) refs/heads/main refs/remotes/main [1ms]
2024-05-08 17:22:51.347 [info] > git status -z -uall [3ms]
2024-05-08 17:22:56.361 [info] > git config --get commit.template [4ms]
2024-05-08 17:22:56.362 [info] > git for-each-ref --format=%(refname)%00%(upstream:short)%00%(objectname)%00%(upstream:track)%00%(upstream:remotename)%00%(upstream:remoteref) refs/heads/main refs/remotes/main [1ms]
2024-05-08 17:22:56.368 [info] > git status -z -uall [3ms]
2024-05-08 17:23:01.382 [info] > git config --get commit.template [6ms]
2024-05-08 17:23:01.383 [info] > git for-each-ref --format=%(refname)%00%(upstream:short)%00%(objectname)%00%(upstream:track)%00%(upstream:remotename)%00%(upstream:remoteref) refs/heads/main refs/remotes/main [2ms]
2024-05-08 17:23:01.391 [info] > git status -z -uall [3ms]
2024-05-08 17:23:06.835 [info] > git config --get commit.template [11ms]
2024-05-08 17:23:06.836 [info] > git for-each-ref --format=%(refname)%00%(upstream:short)%00%(objectname)%00%(upstream:track)%00%(upstream:remotename)%00%(upstream:remoteref) refs/heads/main refs/remotes/main [3ms]
2024-05-08 17:23:06.848 [info] > git status -z -uall [5ms]
2024-05-08 17:23:11.912 [info] > git config --get commit.template [12ms]
2024-05-08 17:23:11.912 [info] > git for-each-ref --format=%(refname)%00%(upstream:short)%00%(objectname)%00%(upstream:track)%00%(upstream:remotename)%00%(upstream:remoteref) refs/heads/main refs/remotes/main [1ms]
2024-05-08 17:23:11.927 [info] > git status -z -uall [6ms]
2024-05-08 17:23:14.165 [info] > git show --textconv :routes/api.php [5ms]
2024-05-08 17:23:14.165 [info] > git ls-files --stage -- /home/kyawkyawlin/Laravel_Projects/personal/api/laravel8-api-auth-jwt/routes/api.php [1ms]
2024-05-08 17:23:14.171 [info] > git cat-file -s eb6fa48c25d93f7bf753ba612cd2c7efecea5f4b [1ms]
2024-05-08 17:23:14.513 [info] > git check-ignore -v -z --stdin [1ms]
2024-05-08 17:23:19.163 [info] > git config --get commit.template [9ms]
2024-05-08 17:23:19.164 [info] > git for-each-ref --format=%(refname)%00%(upstream:short)%00%(objectname)%00%(upstream:track)%00%(upstream:remotename)%00%(upstream:remoteref) refs/heads/main refs/remotes/main [2ms]
2024-05-08 17:23:19.175 [info] > git status -z -uall [4ms]
2024-05-08 17:23:24.191 [info] > git config --get commit.template [4ms]
2024-05-08 17:23:24.192 [info] > git for-each-ref --format=%(refname)%00%(upstream:short)%00%(objectname)%00%(upstream:track)%00%(upstream:remotename)%00%(upstream:remoteref) refs/heads/main refs/remotes/main [1ms]
2024-05-08 17:23:24.198 [info] > git status -z -uall [3ms]
2024-05-08 17:23:29.221 [info] > git config --get commit.template [6ms]
2024-05-08 17:23:29.222 [info] > git for-each-ref --format=%(refname)%00%(upstream:short)%00%(objectname)%00%(upstream:track)%00%(upstream:remotename)%00%(upstream:remoteref) refs/heads/main refs/remotes/main [3ms]
2024-05-08 17:23:29.235 [info] > git status -z -uall [4ms]
2024-05-08 17:23:34.653 [info] > git config --get commit.template [6ms]
2024-05-08 17:23:34.656 [info] > git for-each-ref --format=%(refname)%00%(upstream:short)%00%(objectname)%00%(upstream:track)%00%(upstream:remotename)%00%(upstream:remoteref) refs/heads/main refs/remotes/main [3ms]
2024-05-08 17:23:34.668 [info] > git status -z -uall [5ms]
2024-05-08 17:23:40.805 [info] > git config --get commit.template [5ms]
2024-05-08 17:23:40.806 [info] > git for-each-ref --format=%(refname)%00%(upstream:short)%00%(objectname)%00%(upstream:track)%00%(upstream:remotename)%00%(upstream:remoteref) refs/heads/main refs/remotes/main [1ms]
2024-05-08 17:23:40.817 [info] > git status -z -uall [4ms]
2024-05-08 17:23:47.221 [info] > git config --get commit.template [7ms]
2024-05-08 17:23:47.223 [info] > git for-each-ref --format=%(refname)%00%(upstream:short)%00%(objectname)%00%(upstream:track)%00%(upstream:remotename)%00%(upstream:remoteref) refs/heads/main refs/remotes/main [3ms]
2024-05-08 17:23:47.239 [info] > git status -z -uall [8ms]
2024-05-08 17:23:53.649 [info] > git config --get commit.template [11ms]
2024-05-08 17:23:53.651 [info] > git for-each-ref --format=%(refname)%00%(upstream:short)%00%(objectname)%00%(upstream:track)%00%(upstream:remotename)%00%(upstream:remoteref) refs/heads/main refs/remotes/main [3ms]
2024-05-08 17:23:53.669 [info] > git status -z -uall [8ms]
2024-05-08 17:23:58.685 [info] > git config --get commit.template [4ms]
2024-05-08 17:23:58.685 [info] > git for-each-ref --format=%(refname)%00%(upstream:short)%00%(objectname)%00%(upstream:track)%00%(upstream:remotename)%00%(upstream:remoteref) refs/heads/main refs/remotes/main [1ms]
2024-05-08 17:23:58.691 [info] > git status -z -uall [3ms]
2024-05-08 17:24:03.706 [info] > git config --get commit.template [6ms]
2024-05-08 17:24:03.707 [info] > git for-each-ref --format=%(refname)%00%(upstream:short)%00%(objectname)%00%(upstream:track)%00%(upstream:remotename)%00%(upstream:remoteref) refs/heads/main refs/remotes/main [1ms]
2024-05-08 17:24:03.713 [info] > git status -z -uall [3ms]
2024-05-08 17:24:08.739 [info] > git config --get commit.template [10ms]
2024-05-08 17:24:08.741 [info] > git for-each-ref --format=%(refname)%00%(upstream:short)%00%(objectname)%00%(upstream:track)%00%(upstream:remotename)%00%(upstream:remoteref) refs/heads/main refs/remotes/main [3ms]
2024-05-08 17:24:08.763 [info] > git status -z -uall [13ms]
2024-05-08 17:24:16.349 [info] > git config --get commit.template [13ms]
2024-05-08 17:24:16.352 [info] > git for-each-ref --format=%(refname)%00%(upstream:short)%00%(objectname)%00%(upstream:track)%00%(upstream:remotename)%00%(upstream:remoteref) refs/heads/main refs/remotes/main [5ms]
2024-05-08 17:24:16.376 [info] > git status -z -uall [13ms]
2024-05-08 17:24:18.969 [info] > git show --textconv :routes/api.php [1ms]
2024-05-08 17:24:19.052 [info] > git ls-files --stage -- /home/kyawkyawlin/Laravel_Projects/personal/api/laravel8-api-auth-jwt/routes/api.php [2ms]
2024-05-08 17:24:19.102 [info] > git cat-file -s eb6fa48c25d93f7bf753ba612cd2c7efecea5f4b [5ms]
2024-05-08 17:24:21.438 [info] > git config --get commit.template [25ms]
2024-05-08 17:24:21.442 [info] > git for-each-ref --format=%(refname)%00%(upstream:short)%00%(objectname)%00%(upstream:track)%00%(upstream:remotename)%00%(upstream:remoteref) refs/heads/main refs/remotes/main [5ms]
2024-05-08 17:24:21.532 [info] > git status -z -uall [70ms]
2024-05-08 17:24:26.593 [info] > git config --get commit.template [26ms]
2024-05-08 17:24:26.596 [info] > git for-each-ref --format=%(refname)%00%(upstream:short)%00%(objectname)%00%(upstream:track)%00%(upstream:remotename)%00%(upstream:remoteref) refs/heads/main refs/remotes/main [4ms]
2024-05-08 17:24:26.621 [info] > git status -z -uall [13ms]
2024-05-08 17:24:31.656 [info] > git config --get commit.template [11ms]
2024-05-08 17:24:31.658 [info] > git for-each-ref --format=%(refname)%00%(upstream:short)%00%(objectname)%00%(upstream:track)%00%(upstream:remotename)%00%(upstream:remoteref) refs/heads/main refs/remotes/main [4ms]
2024-05-08 17:24:31.679 [info] > git status -z -uall [13ms]
2024-05-08 17:24:36.732 [info] > git config --get commit.template [23ms]
2024-05-08 17:24:36.734 [info] > git for-each-ref --format=%(refname)%00%(upstream:short)%00%(objectname)%00%(upstream:track)%00%(upstream:remotename)%00%(upstream:remoteref) refs/heads/main refs/remotes/main [5ms]
2024-05-08 17:24:36.767 [info] > git status -z -uall [18ms]
2024-05-08 17:24:41.810 [info] > git config --get commit.template [13ms]
2024-05-08 17:24:41.812 [info] > git for-each-ref --format=%(refname)%00%(upstream:short)%00%(objectname)%00%(upstream:track)%00%(upstream:remotename)%00%(upstream:remoteref) refs/heads/main refs/remotes/main [4ms]
2024-05-08 17:24:41.834 [info] > git status -z -uall [12ms]
2024-05-08 17:24:46.893 [info] > git config --get commit.template [24ms]
2024-05-08 17:24:46.896 [info] > git for-each-ref --format=%(refname)%00%(upstream:short)%00%(objectname)%00%(upstream:track)%00%(upstream:remotename)%00%(upstream:remoteref) refs/heads/main refs/remotes/main [5ms]
2024-05-08 17:24:46.930 [info] > git status -z -uall [18ms]
2024-05-08 17:24:59.922 [info] > git config --get commit.template [31ms]
2024-05-08 17:24:59.925 [info] > git for-each-ref --format=%(refname)%00%(upstream:short)%00%(objectname)%00%(upstream:track)%00%(upstream:remotename)%00%(upstream:remoteref) refs/heads/main refs/remotes/main [9ms]
2024-05-08 17:24:59.977 [info] > git status -z -uall [28ms]
2024-05-08 17:25:05.064 [info] > git config --get commit.template [20ms]
2024-05-08 17:25:05.068 [info] > git for-each-ref --format=%(refname)%00%(upstream:short)%00%(objectname)%00%(upstream:track)%00%(upstream:remotename)%00%(upstream:remoteref) refs/heads/main refs/remotes/main [6ms]
2024-05-08 17:25:05.100 [info] > git status -z -uall [17ms]
2024-05-08 17:25:10.228 [info] > git config --get commit.template [31ms]
2024-05-08 17:25:10.304 [info] > git for-each-ref --format=%(refname)%00%(upstream:short)%00%(objectname)%00%(upstream:track)%00%(upstream:remotename)%00%(upstream:remoteref) refs/heads/main refs/remotes/main [12ms]
2024-05-08 17:25:10.376 [info] > git status -z -uall [53ms]
2024-05-08 17:25:11.468 [info] > git show --textconv :routes/api.php [93ms]
2024-05-08 17:25:11.490 [info] > git ls-files --stage -- /home/kyawkyawlin/Laravel_Projects/personal/api/laravel8-api-auth-jwt/routes/api.php [28ms]
2024-05-08 17:25:11.580 [info] > git cat-file -s eb6fa48c25d93f7bf753ba612cd2c7efecea5f4b [29ms]
2024-05-08 17:25:15.585 [info] > git config --get commit.template [71ms]
2024-05-08 17:25:15.595 [info] > git for-each-ref --format=%(refname)%00%(upstream:short)%00%(objectname)%00%(upstream:track)%00%(upstream:remotename)%00%(upstream:remoteref) refs/heads/main refs/remotes/main [14ms]
2024-05-08 17:25:15.665 [info] > git status -z -uall [47ms]
2024-05-08 17:25:20.772 [info] > git config --get commit.template [14ms]
2024-05-08 17:25:20.776 [info] > git for-each-ref --format=%(refname)%00%(upstream:short)%00%(objectname)%00%(upstream:track)%00%(upstream:remotename)%00%(upstream:remoteref) refs/heads/main refs/remotes/main [5ms]
2024-05-08 17:25:20.805 [info] > git status -z -uall [17ms]
2024-05-08 17:25:25.856 [info] > git config --get commit.template [15ms]
2024-05-08 17:25:25.860 [info] > git for-each-ref --format=%(refname)%00%(upstream:short)%00%(objectname)%00%(upstream:track)%00%(upstream:remotename)%00%(upstream:remoteref) refs/heads/main refs/remotes/main [5ms]
2024-05-08 17:25:25.895 [info] > git status -z -uall [18ms]
2024-05-08 17:25:30.948 [info] > git config --get commit.template [17ms]
2024-05-08 17:25:30.952 [info] > git for-each-ref --format=%(refname)%00%(upstream:short)%00%(objectname)%00%(upstream:track)%00%(upstream:remotename)%00%(upstream:remoteref) refs/heads/main refs/remotes/main [6ms]
2024-05-08 17:25:30.985 [info] > git status -z -uall [18ms]
2024-05-08 17:25:36.052 [info] > git config --get commit.template [22ms]
2024-05-08 17:25:36.059 [info] > git for-each-ref --format=%(refname)%00%(upstream:short)%00%(objectname)%00%(upstream:track)%00%(upstream:remotename)%00%(upstream:remoteref) refs/heads/main refs/remotes/main [9ms]
2024-05-08 17:25:36.100 [info] > git status -z -uall [22ms]
2024-05-08 17:25:51.518 [info] > git config --get commit.template [8ms]
2024-05-08 17:25:51.519 [info] > git for-each-ref --format=%(refname)%00%(upstream:short)%00%(objectname)%00%(upstream:track)%00%(upstream:remotename)%00%(upstream:remoteref) refs/heads/main refs/remotes/main [2ms]
2024-05-08 17:25:51.529 [info] > git status -z -uall [4ms]
2024-05-08 17:25:56.176 [info] > git show --textconv :routes/api.php [8ms]
2024-05-08 17:25:56.178 [info] > git ls-files --stage -- /home/kyawkyawlin/Laravel_Projects/personal/api/laravel8-api-auth-jwt/routes/api.php [3ms]
2024-05-08 17:25:56.187 [info] > git cat-file -s eb6fa48c25d93f7bf753ba612cd2c7efecea5f4b [3ms]
2024-05-08 17:25:56.546 [info] > git config --get commit.template [5ms]
2024-05-08 17:25:56.547 [info] > git for-each-ref --format=%(refname)%00%(upstream:short)%00%(objectname)%00%(upstream:track)%00%(upstream:remotename)%00%(upstream:remoteref) refs/heads/main refs/remotes/main [2ms]
2024-05-08 17:25:56.555 [info] > git status -z -uall [4ms]
2024-05-08 17:26:01.584 [info] > git config --get commit.template [11ms]
2024-05-08 17:26:01.585 [info] > git for-each-ref --format=%(refname)%00%(upstream:short)%00%(objectname)%00%(upstream:track)%00%(upstream:remotename)%00%(upstream:remoteref) refs/heads/main refs/remotes/main [4ms]
2024-05-08 17:26:01.598 [info] > git status -z -uall [7ms]
2024-05-08 17:26:06.625 [info] > git config --get commit.template [9ms]
2024-05-08 17:26:06.627 [info] > git for-each-ref --format=%(refname)%00%(upstream:short)%00%(objectname)%00%(upstream:track)%00%(upstream:remotename)%00%(upstream:remoteref) refs/heads/main refs/remotes/main [3ms]
2024-05-08 17:26:06.639 [info] > git status -z -uall [5ms]
2024-05-08 17:26:11.963 [info] > git config --get commit.template [8ms]
2024-05-08 17:26:11.964 [info] > git for-each-ref --format=%(refname)%00%(upstream:short)%00%(objectname)%00%(upstream:track)%00%(upstream:remotename)%00%(upstream:remoteref) refs/heads/main refs/remotes/main [2ms]
2024-05-08 17:26:11.979 [info] > git status -z -uall [7ms]
2024-05-08 17:26:17.009 [info] > git config --get commit.template [8ms]
2024-05-08 17:26:17.010 [info] > git for-each-ref --format=%(refname)%00%(upstream:short)%00%(objectname)%00%(upstream:track)%00%(upstream:remotename)%00%(upstream:remoteref) refs/heads/main refs/remotes/main [2ms]
2024-05-08 17:26:17.019 [info] > git status -z -uall [6ms]
2024-05-08 17:26:22.036 [info] > git config --get commit.template [4ms]
2024-05-08 17:26:22.038 [info] > git for-each-ref --format=%(refname)%00%(upstream:short)%00%(objectname)%00%(upstream:track)%00%(upstream:remotename)%00%(upstream:remoteref) refs/heads/main refs/remotes/main [2ms]
2024-05-08 17:26:22.046 [info] > git status -z -uall [5ms]
2024-05-08 17:26:27.064 [info] > git config --get commit.template [6ms]
2024-05-08 17:26:27.064 [info] > git for-each-ref --format=%(refname)%00%(upstream:short)%00%(objectname)%00%(upstream:track)%00%(upstream:remotename)%00%(upstream:remoteref) refs/heads/main refs/remotes/main [1ms]
2024-05-08 17:26:27.073 [info] > git status -z -uall [4ms]
2024-05-08 17:26:37.617 [info] > git config --get commit.template [10ms]
2024-05-08 17:26:37.619 [info] > git for-each-ref --format=%(refname)%00%(upstream:short)%00%(objectname)%00%(upstream:track)%00%(upstream:remotename)%00%(upstream:remoteref) refs/heads/main refs/remotes/main [3ms]
2024-05-08 17:26:37.635 [info] > git status -z -uall [10ms]
2024-05-08 17:26:42.661 [info] > git config --get commit.template [8ms]
2024-05-08 17:26:42.663 [info] > git for-each-ref --format=%(refname)%00%(upstream:short)%00%(objectname)%00%(upstream:track)%00%(upstream:remotename)%00%(upstream:remoteref) refs/heads/main refs/remotes/main [2ms]
2024-05-08 17:26:42.679 [info] > git status -z -uall [9ms]
2024-05-08 17:26:48.000 [info] > git config --get commit.template [10ms]
2024-05-08 17:26:48.001 [info] > git for-each-ref --format=%(refname)%00%(upstream:short)%00%(objectname)%00%(upstream:track)%00%(upstream:remotename)%00%(upstream:remoteref) refs/heads/main refs/remotes/main [2ms]
2024-05-08 17:26:48.013 [info] > git status -z -uall [6ms]
2024-05-08 17:26:53.037 [info] > git config --get commit.template [8ms]
2024-05-08 17:26:53.039 [info] > git for-each-ref --format=%(refname)%00%(upstream:short)%00%(objectname)%00%(upstream:track)%00%(upstream:remotename)%00%(upstream:remoteref) refs/heads/main refs/remotes/main [2ms]
2024-05-08 17:26:53.056 [info] > git status -z -uall [9ms]
2024-05-08 17:26:58.085 [info] > git config --get commit.template [9ms]
2024-05-08 17:26:58.086 [info] > git for-each-ref --format=%(refname)%00%(upstream:short)%00%(objectname)%00%(upstream:track)%00%(upstream:remotename)%00%(upstream:remoteref) refs/heads/main refs/remotes/main [2ms]
2024-05-08 17:26:58.101 [info] > git status -z -uall [8ms]
2024-05-08 17:27:03.122 [info] > git config --get commit.template [7ms]
2024-05-08 17:27:03.122 [info] > git for-each-ref --format=%(refname)%00%(upstream:short)%00%(objectname)%00%(upstream:track)%00%(upstream:remotename)%00%(upstream:remoteref) refs/heads/main refs/remotes/main [3ms]
2024-05-08 17:27:03.131 [info] > git status -z -uall [4ms]
2024-05-08 17:27:08.154 [info] > git config --get commit.template [7ms]
2024-05-08 17:27:08.156 [info] > git for-each-ref --format=%(refname)%00%(upstream:short)%00%(objectname)%00%(upstream:track)%00%(upstream:remotename)%00%(upstream:remoteref) refs/heads/main refs/remotes/main [1ms]
2024-05-08 17:27:08.172 [info] > git status -z -uall [9ms]
2024-05-08 17:27:08.907 [info] > git show --textconv :routes/api.php [4ms]
2024-05-08 17:27:08.908 [info] > git ls-files --stage -- /home/kyawkyawlin/Laravel_Projects/personal/api/laravel8-api-auth-jwt/routes/api.php [1ms]
2024-05-08 17:27:08.913 [info] > git cat-file -s eb6fa48c25d93f7bf753ba612cd2c7efecea5f4b [0ms]
2024-05-08 17:27:13.199 [info] > git config --get commit.template [9ms]
2024-05-08 17:27:13.201 [info] > git for-each-ref --format=%(refname)%00%(upstream:short)%00%(objectname)%00%(upstream:track)%00%(upstream:remotename)%00%(upstream:remoteref) refs/heads/main refs/remotes/main [3ms]
2024-05-08 17:27:13.217 [info] > git status -z -uall [10ms]
2024-05-08 17:27:18.246 [info] > git config --get commit.template [8ms]
2024-05-08 17:27:18.248 [info] > git for-each-ref --format=%(refname)%00%(upstream:short)%00%(objectname)%00%(upstream:track)%00%(upstream:remotename)%00%(upstream:remoteref) refs/heads/main refs/remotes/main [3ms]
2024-05-08 17:27:18.264 [info] > git status -z -uall [9ms]
2024-05-08 17:27:24.900 [info] > git config --get commit.template [7ms]
2024-05-08 17:27:24.902 [info] > git for-each-ref --format=%(refname)%00%(upstream:short)%00%(objectname)%00%(upstream:track)%00%(upstream:remotename)%00%(upstream:remoteref) refs/heads/main refs/remotes/main [1ms]
2024-05-08 17:27:24.913 [info] > git status -z -uall [6ms]
2024-05-08 17:27:30.479 [info] > git config --get commit.template [11ms]
2024-05-08 17:27:30.480 [info] > git for-each-ref --format=%(refname)%00%(upstream:short)%00%(objectname)%00%(upstream:track)%00%(upstream:remotename)%00%(upstream:remoteref) refs/heads/main refs/remotes/main [2ms]
2024-05-08 17:27:30.497 [info] > git status -z -uall [9ms]
2024-05-08 17:27:42.615 [info] > git config --get commit.template [11ms]
2024-05-08 17:27:42.617 [info] > git for-each-ref --format=%(refname)%00%(upstream:short)%00%(objectname)%00%(upstream:track)%00%(upstream:remotename)%00%(upstream:remoteref) refs/heads/main refs/remotes/main [2ms]
2024-05-08 17:27:42.629 [info] > git status -z -uall [6ms]
2024-05-08 17:27:47.655 [info] > git config --get commit.template [8ms]
2024-05-08 17:27:47.656 [info] > git for-each-ref --format=%(refname)%00%(upstream:short)%00%(objectname)%00%(upstream:track)%00%(upstream:remotename)%00%(upstream:remoteref) refs/heads/main refs/remotes/main [2ms]
2024-05-08 17:27:47.670 [info] > git status -z -uall [7ms]
2024-05-08 17:27:55.554 [info] > git config --get commit.template [7ms]
2024-05-08 17:27:55.554 [info] > git for-each-ref --format=%(refname)%00%(upstream:short)%00%(objectname)%00%(upstream:track)%00%(upstream:remotename)%00%(upstream:remoteref) refs/heads/main refs/remotes/main [1ms]
2024-05-08 17:27:55.562 [info] > git status -z -uall [4ms]
2024-05-08 17:28:00.578 [info] > git config --get commit.template [4ms]
2024-05-08 17:28:00.579 [info] > git for-each-ref --format=%(refname)%00%(upstream:short)%00%(objectname)%00%(upstream:track)%00%(upstream:remotename)%00%(upstream:remoteref) refs/heads/main refs/remotes/main [1ms]
2024-05-08 17:28:00.586 [info] > git status -z -uall [4ms]
2024-05-08 17:28:05.607 [info] > git config --get commit.template [7ms]
2024-05-08 17:28:05.608 [info] > git for-each-ref --format=%(refname)%00%(upstream:short)%00%(objectname)%00%(upstream:track)%00%(upstream:remotename)%00%(upstream:remoteref) refs/heads/main refs/remotes/main [2ms]
2024-05-08 17:28:05.616 [info] > git status -z -uall [5ms]
2024-05-08 17:32:29.451 [info] > git for-each-ref --format=%(refname)%00%(upstream:short)%00%(objectname)%00%(upstream:track)%00%(upstream:remotename)%00%(upstream:remoteref) refs/heads/main refs/remotes/main [8ms]
2024-05-08 17:32:29.453 [info] > git config --get commit.template [45ms]
2024-05-08 17:32:29.479 [info] > git status -z -uall [21ms]
2024-05-08 17:32:40.443 [info] > git config --get commit.template [8ms]
2024-05-08 17:32:40.444 [info] > git for-each-ref --format=%(refname)%00%(upstream:short)%00%(objectname)%00%(upstream:track)%00%(upstream:remotename)%00%(upstream:remoteref) refs/heads/main refs/remotes/main [3ms]
2024-05-08 17:32:40.459 [info] > git status -z -uall [6ms]
2024-05-08 17:32:45.490 [info] > git config --get commit.template [8ms]
2024-05-08 17:32:45.491 [info] > git for-each-ref --format=%(refname)%00%(upstream:short)%00%(objectname)%00%(upstream:track)%00%(upstream:remotename)%00%(upstream:remoteref) refs/heads/main refs/remotes/main [1ms]
2024-05-08 17:32:45.500 [info] > git status -z -uall [6ms]
2024-05-08 17:32:50.796 [info] > git config --get commit.template [8ms]
2024-05-08 17:32:50.797 [info] > git for-each-ref --format=%(refname)%00%(upstream:short)%00%(objectname)%00%(upstream:track)%00%(upstream:remotename)%00%(upstream:remoteref) refs/heads/main refs/remotes/main [2ms]
2024-05-08 17:32:50.808 [info] > git status -z -uall [7ms]
2024-05-08 17:32:58.892 [info] > git config --get commit.template [9ms]
2024-05-08 17:32:58.893 [info] > git for-each-ref --format=%(refname)%00%(upstream:short)%00%(objectname)%00%(upstream:track)%00%(upstream:remotename)%00%(upstream:remoteref) refs/heads/main refs/remotes/main [2ms]
2024-05-08 17:32:58.908 [info] > git status -z -uall [7ms]
2024-05-08 17:33:03.935 [info] > git config --get commit.template [8ms]
2024-05-08 17:33:03.937 [info] > git for-each-ref --format=%(refname)%00%(upstream:short)%00%(objectname)%00%(upstream:track)%00%(upstream:remotename)%00%(upstream:remoteref) refs/heads/main refs/remotes/main [2ms]
2024-05-08 17:33:03.946 [info] > git status -z -uall [5ms]
2024-05-08 17:33:31.342 [info] > git show --textconv :app/Http/Controllers/AuthController.php [9ms]
2024-05-08 17:33:31.344 [info] > git ls-files --stage -- /home/kyawkyawlin/Laravel_Projects/personal/api/laravel8-api-auth-jwt/app/Http/Controllers/AuthController.php [3ms]
2024-05-08 17:37:44.111 [info] > git for-each-ref --format=%(refname)%00%(upstream:short)%00%(objectname)%00%(upstream:track)%00%(upstream:remotename)%00%(upstream:remoteref) refs/heads/main refs/remotes/main [22ms]
2024-05-08 17:37:44.113 [info] > git config --get commit.template [41ms]
2024-05-08 17:37:44.140 [info] > git status -z -uall [22ms]
2024-05-08 17:40:38.810 [info] > git config --get commit.template [7ms]
2024-05-08 17:40:38.810 [info] > git for-each-ref --format=%(refname)%00%(upstream:short)%00%(objectname)%00%(upstream:track)%00%(upstream:remotename)%00%(upstream:remoteref) refs/heads/main refs/remotes/main [2ms]
2024-05-08 17:40:38.832 [info] > git status -z -uall [18ms]
2024-05-08 17:40:48.982 [info] > git config --get commit.template [11ms]
2024-05-08 17:40:48.982 [info] > git for-each-ref --format=%(refname)%00%(upstream:short)%00%(objectname)%00%(upstream:track)%00%(upstream:remotename)%00%(upstream:remoteref) refs/heads/main refs/remotes/main [4ms]
2024-05-08 17:40:48.994 [info] > git status -z -uall [5ms]
2024-05-08 17:42:42.601 [info] > git config --get commit.template [11ms]
2024-05-08 17:42:42.601 [info] > git for-each-ref --format=%(refname)%00%(upstream:short)%00%(objectname)%00%(upstream:track)%00%(upstream:remotename)%00%(upstream:remoteref) refs/heads/main refs/remotes/main [4ms]
2024-05-08 17:42:42.619 [info] > git status -z -uall [11ms]
2024-05-08 17:42:48.562 [info] > git config --get commit.template [5ms]
2024-05-08 17:42:48.563 [info] > git for-each-ref --format=%(refname)%00%(upstream:short)%00%(objectname)%00%(upstream:track)%00%(upstream:remotename)%00%(upstream:remoteref) refs/heads/main refs/remotes/main [1ms]
2024-05-08 17:42:48.571 [info] > git status -z -uall [4ms]
2024-05-08 17:42:49.428 [info] > git show --textconv :.env [6ms]
2024-05-08 17:42:49.429 [info] > git ls-files --stage -- /home/kyawkyawlin/Laravel_Projects/personal/api/laravel8-api-auth-jwt/.env [2ms]
2024-05-08 17:42:53.589 [info] > git config --get commit.template [7ms]
2024-05-08 17:42:53.591 [info] > git for-each-ref --format=%(refname)%00%(upstream:short)%00%(objectname)%00%(upstream:track)%00%(upstream:remotename)%00%(upstream:remoteref) refs/heads/main refs/remotes/main [3ms]
2024-05-08 17:42:53.601 [info] > git status -z -uall [5ms]
2024-05-08 17:42:58.628 [info] > git config --get commit.template [8ms]
2024-05-08 17:42:58.629 [info] > git for-each-ref --format=%(refname)%00%(upstream:short)%00%(objectname)%00%(upstream:track)%00%(upstream:remotename)%00%(upstream:remoteref) refs/heads/main refs/remotes/main [2ms]
2024-05-08 17:42:58.645 [info] > git status -z -uall [9ms]
2024-05-08 17:43:04.344 [info] > git config --get commit.template [8ms]
2024-05-08 17:43:04.345 [info] > git for-each-ref --format=%(refname)%00%(upstream:short)%00%(objectname)%00%(upstream:track)%00%(upstream:remotename)%00%(upstream:remoteref) refs/heads/main refs/remotes/main [2ms]
2024-05-08 17:43:04.356 [info] > git status -z -uall [5ms]
2024-05-08 17:43:11.350 [info] > git config --get commit.template [8ms]
2024-05-08 17:43:11.352 [info] > git for-each-ref --format=%(refname)%00%(upstream:short)%00%(objectname)%00%(upstream:track)%00%(upstream:remotename)%00%(upstream:remoteref) refs/heads/main refs/remotes/main [3ms]
2024-05-08 17:43:11.367 [info] > git status -z -uall [9ms]
2024-05-08 17:43:16.392 [info] > git config --get commit.template [6ms]
2024-05-08 17:43:16.394 [info] > git for-each-ref --format=%(refname)%00%(upstream:short)%00%(objectname)%00%(upstream:track)%00%(upstream:remotename)%00%(upstream:remoteref) refs/heads/main refs/remotes/main [1ms]
2024-05-08 17:43:16.405 [info] > git status -z -uall [6ms]
2024-05-08 18:10:50.386 [info] > git config --get commit.template [18ms]
2024-05-08 18:10:50.416 [info] > git for-each-ref --format=%(refname)%00%(upstream:short)%00%(objectname)%00%(upstream:track)%00%(upstream:remotename)%00%(upstream:remoteref) refs/heads/main refs/remotes/main [24ms]
2024-05-08 18:10:50.437 [info] > git status -z -uall [16ms]
2024-05-08 18:26:36.404 [info] > git config --get commit.template [34ms]
2024-05-08 18:26:36.418 [info] > git for-each-ref --format=%(refname)%00%(upstream:short)%00%(objectname)%00%(upstream:track)%00%(upstream:remotename)%00%(upstream:remoteref) refs/heads/main refs/remotes/main [4ms]
2024-05-08 18:26:36.449 [info] > git status -z -uall [27ms]
2024-05-08 18:26:41.491 [info] > git config --get commit.template [9ms]
2024-05-08 18:26:41.493 [info] > git for-each-ref --format=%(refname)%00%(upstream:short)%00%(objectname)%00%(upstream:track)%00%(upstream:remotename)%00%(upstream:remoteref) refs/heads/main refs/remotes/main [3ms]
2024-05-08 18:26:41.508 [info] > git status -z -uall [8ms]
2024-05-08 18:26:43.885 [info] > git check-ignore -v -z --stdin [8ms]
2024-05-08 18:26:44.626 [info] > git check-ignore -v -z --stdin [2ms]
2024-05-08 18:26:46.528 [info] > git config --get commit.template [5ms]
2024-05-08 18:26:46.528 [info] > git for-each-ref --format=%(refname)%00%(upstream:short)%00%(objectname)%00%(upstream:track)%00%(upstream:remotename)%00%(upstream:remoteref) refs/heads/main refs/remotes/main [1ms]
2024-05-08 18:26:46.536 [info] > git status -z -uall [5ms]
2024-05-08 18:26:46.627 [info] > git show --textconv :database/migrations/2014_10_12_000000_create_users_table.php [4ms]
2024-05-08 18:26:46.628 [info] > git ls-files --stage -- /home/kyawkyawlin/Laravel_Projects/personal/api/laravel8-api-auth-jwt/database/migrations/2014_10_12_000000_create_users_table.php [2ms]
2024-05-08 18:26:46.639 [info] > git cat-file -s 621a24eb734b76ca474bb8b5ea4a62b5f27d223c [4ms]
2024-05-08 18:26:51.669 [info] > git config --get commit.template [7ms]
2024-05-08 18:26:51.670 [info] > git for-each-ref --format=%(refname)%00%(upstream:short)%00%(objectname)%00%(upstream:track)%00%(upstream:remotename)%00%(upstream:remoteref) refs/heads/main refs/remotes/main [3ms]
2024-05-08 18:26:51.688 [info] > git status -z -uall [6ms]
2024-05-08 18:27:09.265 [info] > git config --get commit.template [9ms]
2024-05-08 18:27:09.266 [info] > git for-each-ref --format=%(refname)%00%(upstream:short)%00%(objectname)%00%(upstream:track)%00%(upstream:remotename)%00%(upstream:remoteref) refs/heads/main refs/remotes/main [2ms]
2024-05-08 18:27:09.276 [info] > git status -z -uall [5ms]
2024-05-08 18:27:37.139 [info] > git config --get commit.template [8ms]
2024-05-08 18:27:37.140 [info] > git for-each-ref --format=%(refname)%00%(upstream:short)%00%(objectname)%00%(upstream:track)%00%(upstream:remotename)%00%(upstream:remoteref) refs/heads/main refs/remotes/main [2ms]
2024-05-08 18:27:37.151 [info] > git status -z -uall [7ms]
2024-05-08 18:27:43.285 [info] > git config --get commit.template [11ms]
2024-05-08 18:27:43.286 [info] > git for-each-ref --format=%(refname)%00%(upstream:short)%00%(objectname)%00%(upstream:track)%00%(upstream:remotename)%00%(upstream:remoteref) refs/heads/main refs/remotes/main [2ms]
2024-05-08 18:27:43.293 [info] > git status -z -uall [4ms]
2024-05-08 18:27:53.165 [info] > git config --get commit.template [9ms]
2024-05-08 18:27:53.166 [info] > git for-each-ref --format=%(refname)%00%(upstream:short)%00%(objectname)%00%(upstream:track)%00%(upstream:remotename)%00%(upstream:remoteref) refs/heads/main refs/remotes/main [2ms]
2024-05-08 18:27:53.183 [info] > git status -z -uall [10ms]
2024-05-08 18:27:58.214 [info] > git config --get commit.template [9ms]
2024-05-08 18:27:58.216 [info] > git for-each-ref --format=%(refname)%00%(upstream:short)%00%(objectname)%00%(upstream:track)%00%(upstream:remotename)%00%(upstream:remoteref) refs/heads/main refs/remotes/main [3ms]
2024-05-08 18:27:58.231 [info] > git status -z -uall [9ms]
2024-05-08 18:28:03.261 [info] > git config --get commit.template [9ms]
2024-05-08 18:28:03.262 [info] > git for-each-ref --format=%(refname)%00%(upstream:short)%00%(objectname)%00%(upstream:track)%00%(upstream:remotename)%00%(upstream:remoteref) refs/heads/main refs/remotes/main [2ms]
2024-05-08 18:28:03.277 [info] > git status -z -uall [8ms]
2024-05-08 18:28:08.304 [info] > git config --get commit.template [8ms]
2024-05-08 18:28:08.306 [info] > git for-each-ref --format=%(refname)%00%(upstream:short)%00%(objectname)%00%(upstream:track)%00%(upstream:remotename)%00%(upstream:remoteref) refs/heads/main refs/remotes/main [3ms]
2024-05-08 18:28:08.322 [info] > git status -z -uall [9ms]
2024-05-08 18:28:18.102 [info] > git config --get commit.template [7ms]
2024-05-08 18:28:18.103 [info] > git for-each-ref --format=%(refname)%00%(upstream:short)%00%(objectname)%00%(upstream:track)%00%(upstream:remotename)%00%(upstream:remoteref) refs/heads/main refs/remotes/main [2ms]
2024-05-08 18:28:18.119 [info] > git status -z -uall [9ms]
2024-05-08 18:28:23.151 [info] > git config --get commit.template [8ms]
2024-05-08 18:28:23.153 [info] > git for-each-ref --format=%(refname)%00%(upstream:short)%00%(objectname)%00%(upstream:track)%00%(upstream:remotename)%00%(upstream:remoteref) refs/heads/main refs/remotes/main [2ms]
2024-05-08 18:28:23.169 [info] > git status -z -uall [10ms]
2024-05-08 18:28:28.200 [info] > git config --get commit.template [9ms]
2024-05-08 18:28:28.201 [info] > git for-each-ref --format=%(refname)%00%(upstream:short)%00%(objectname)%00%(upstream:track)%00%(upstream:remotename)%00%(upstream:remoteref) refs/heads/main refs/remotes/main [3ms]
2024-05-08 18:28:28.217 [info] > git status -z -uall [11ms]
2024-05-08 18:28:33.245 [info] > git config --get commit.template [8ms]
2024-05-08 18:28:33.247 [info] > git for-each-ref --format=%(refname)%00%(upstream:short)%00%(objectname)%00%(upstream:track)%00%(upstream:remotename)%00%(upstream:remoteref) refs/heads/main refs/remotes/main [2ms]
2024-05-08 18:28:33.262 [info] > git status -z -uall [9ms]
2024-05-08 18:28:38.293 [info] > git config --get commit.template [7ms]
2024-05-08 18:28:38.295 [info] > git for-each-ref --format=%(refname)%00%(upstream:short)%00%(objectname)%00%(upstream:track)%00%(upstream:remotename)%00%(upstream:remoteref) refs/heads/main refs/remotes/main [3ms]
2024-05-08 18:28:38.305 [info] > git status -z -uall [4ms]
2024-05-08 18:28:43.331 [info] > git config --get commit.template [7ms]
2024-05-08 18:28:43.333 [info] > git for-each-ref --format=%(refname)%00%(upstream:short)%00%(objectname)%00%(upstream:track)%00%(upstream:remotename)%00%(upstream:remoteref) refs/heads/main refs/remotes/main [3ms]
2024-05-08 18:28:43.343 [info] > git status -z -uall [5ms]
2024-05-08 18:28:48.368 [info] > git config --get commit.template [9ms]
2024-05-08 18:28:48.370 [info] > git for-each-ref --format=%(refname)%00%(upstream:short)%00%(objectname)%00%(upstream:track)%00%(upstream:remotename)%00%(upstream:remoteref) refs/heads/main refs/remotes/main [2ms]
2024-05-08 18:28:48.386 [info] > git status -z -uall [10ms]
2024-05-08 18:28:53.402 [info] > git config --get commit.template [4ms]
2024-05-08 18:28:53.403 [info] > git for-each-ref --format=%(refname)%00%(upstream:short)%00%(objectname)%00%(upstream:track)%00%(upstream:remotename)%00%(upstream:remoteref) refs/heads/main refs/remotes/main [0ms]
2024-05-08 18:28:53.411 [info] > git status -z -uall [5ms]
2024-05-08 18:28:58.454 [info] > git config --get commit.template [9ms]
2024-05-08 18:28:58.455 [info] > git for-each-ref --format=%(refname)%00%(upstream:short)%00%(objectname)%00%(upstream:track)%00%(upstream:remotename)%00%(upstream:remoteref) refs/heads/main refs/remotes/main [3ms]
2024-05-08 18:28:58.468 [info] > git status -z -uall [8ms]
2024-05-08 18:29:13.044 [info] > git config --get commit.template [16ms]
2024-05-08 18:29:13.044 [info] > git for-each-ref --format=%(refname)%00%(upstream:short)%00%(objectname)%00%(upstream:track)%00%(upstream:remotename)%00%(upstream:remoteref) refs/heads/main refs/remotes/main [4ms]
2024-05-08 18:29:13.070 [info] > git status -z -uall [15ms]
2024-05-08 18:29:18.098 [info] > git config --get commit.template [8ms]
2024-05-08 18:29:18.100 [info] > git for-each-ref --format=%(refname)%00%(upstream:short)%00%(objectname)%00%(upstream:track)%00%(upstream:remotename)%00%(upstream:remoteref) refs/heads/main refs/remotes/main [3ms]
2024-05-08 18:29:18.115 [info] > git status -z -uall [8ms]
2024-05-08 18:29:23.137 [info] > git config --get commit.template [4ms]
2024-05-08 18:29:23.138 [info] > git for-each-ref --format=%(refname)%00%(upstream:short)%00%(objectname)%00%(upstream:track)%00%(upstream:remotename)%00%(upstream:remoteref) refs/heads/main refs/remotes/main [1ms]
2024-05-08 18:29:23.146 [info] > git status -z -uall [4ms]
2024-05-08 18:29:28.169 [info] > git config --get commit.template [5ms]
2024-05-08 18:29:28.169 [info] > git for-each-ref --format=%(refname)%00%(upstream:short)%00%(objectname)%00%(upstream:track)%00%(upstream:remotename)%00%(upstream:remoteref) refs/heads/main refs/remotes/main [1ms]
2024-05-08 18:29:28.177 [info] > git status -z -uall [5ms]
2024-05-08 18:29:33.198 [info] > git config --get commit.template [5ms]
2024-05-08 18:29:33.199 [info] > git for-each-ref --format=%(refname)%00%(upstream:short)%00%(objectname)%00%(upstream:track)%00%(upstream:remotename)%00%(upstream:remoteref) refs/heads/main refs/remotes/main [1ms]
2024-05-08 18:29:33.209 [info] > git status -z -uall [6ms]
2024-05-08 18:29:38.227 [info] > git config --get commit.template [3ms]
2024-05-08 18:29:38.228 [info] > git for-each-ref --format=%(refname)%00%(upstream:short)%00%(objectname)%00%(upstream:track)%00%(upstream:remotename)%00%(upstream:remoteref) refs/heads/main refs/remotes/main [1ms]
2024-05-08 18:29:38.241 [info] > git status -z -uall [9ms]
2024-05-08 18:29:43.262 [info] > git config --get commit.template [6ms]
2024-05-08 18:29:43.264 [info] > git for-each-ref --format=%(refname)%00%(upstream:short)%00%(objectname)%00%(upstream:track)%00%(upstream:remotename)%00%(upstream:remoteref) refs/heads/main refs/remotes/main [3ms]
2024-05-08 18:29:43.280 [info] > git status -z -uall [10ms]
2024-05-08 18:29:48.311 [info] > git config --get commit.template [8ms]
2024-05-08 18:29:48.313 [info] > git for-each-ref --format=%(refname)%00%(upstream:short)%00%(objectname)%00%(upstream:track)%00%(upstream:remotename)%00%(upstream:remoteref) refs/heads/main refs/remotes/main [2ms]
2024-05-08 18:29:48.328 [info] > git status -z -uall [9ms]
2024-05-08 18:29:53.357 [info] > git config --get commit.template [8ms]
2024-05-08 18:29:53.358 [info] > git for-each-ref --format=%(refname)%00%(upstream:short)%00%(objectname)%00%(upstream:track)%00%(upstream:remotename)%00%(upstream:remoteref) refs/heads/main refs/remotes/main [1ms]
2024-05-08 18:29:53.366 [info] > git status -z -uall [4ms]
2024-05-08 18:29:58.397 [info] > git config --get commit.template [8ms]
2024-05-08 18:29:58.398 [info] > git for-each-ref --format=%(refname)%00%(upstream:short)%00%(objectname)%00%(upstream:track)%00%(upstream:remotename)%00%(upstream:remoteref) refs/heads/main refs/remotes/main [2ms]
2024-05-08 18:29:58.415 [info] > git status -z -uall [10ms]
2024-05-08 18:30:03.448 [info] > git config --get commit.template [9ms]
2024-05-08 18:30:03.449 [info] > git for-each-ref --format=%(refname)%00%(upstream:short)%00%(objectname)%00%(upstream:track)%00%(upstream:remotename)%00%(upstream:remoteref) refs/heads/main refs/remotes/main [2ms]
2024-05-08 18:30:03.463 [info] > git status -z -uall [8ms]
2024-05-08 18:30:08.482 [info] > git config --get commit.template [3ms]
2024-05-08 18:30:08.483 [info] > git for-each-ref --format=%(refname)%00%(upstream:short)%00%(objectname)%00%(upstream:track)%00%(upstream:remotename)%00%(upstream:remoteref) refs/heads/main refs/remotes/main [1ms]
2024-05-08 18:30:08.491 [info] > git status -z -uall [5ms]
2024-05-08 18:30:13.510 [info] > git config --get commit.template [3ms]
2024-05-08 18:30:13.511 [info] > git for-each-ref --format=%(refname)%00%(upstream:short)%00%(objectname)%00%(upstream:track)%00%(upstream:remotename)%00%(upstream:remoteref) refs/heads/main refs/remotes/main [1ms]
2024-05-08 18:30:13.518 [info] > git status -z -uall [4ms]
2024-05-08 18:30:18.537 [info] > git config --get commit.template [6ms]
2024-05-08 18:30:18.538 [info] > git for-each-ref --format=%(refname)%00%(upstream:short)%00%(objectname)%00%(upstream:track)%00%(upstream:remotename)%00%(upstream:remoteref) refs/heads/main refs/remotes/main [2ms]
2024-05-08 18:30:18.551 [info] > git status -z -uall [10ms]
2024-05-08 18:30:23.568 [info] > git config --get commit.template [4ms]
2024-05-08 18:30:23.569 [info] > git for-each-ref --format=%(refname)%00%(upstream:short)%00%(objectname)%00%(upstream:track)%00%(upstream:remotename)%00%(upstream:remoteref) refs/heads/main refs/remotes/main [1ms]
2024-05-08 18:30:23.576 [info] > git status -z -uall [4ms]
2024-05-08 18:30:28.599 [info] > git config --get commit.template [6ms]
2024-05-08 18:30:28.600 [info] > git for-each-ref --format=%(refname)%00%(upstream:short)%00%(objectname)%00%(upstream:track)%00%(upstream:remotename)%00%(upstream:remoteref) refs/heads/main refs/remotes/main [1ms]
2024-05-08 18:30:28.611 [info] > git status -z -uall [7ms]
2024-05-08 18:30:33.637 [info] > git config --get commit.template [9ms]
2024-05-08 18:30:33.639 [info] > git for-each-ref --format=%(refname)%00%(upstream:short)%00%(objectname)%00%(upstream:track)%00%(upstream:remotename)%00%(upstream:remoteref) refs/heads/main refs/remotes/main [3ms]
2024-05-08 18:30:33.652 [info] > git status -z -uall [8ms]
2024-05-08 18:30:38.671 [info] > git config --get commit.template [4ms]
2024-05-08 18:30:38.671 [info] > git for-each-ref --format=%(refname)%00%(upstream:short)%00%(objectname)%00%(upstream:track)%00%(upstream:remotename)%00%(upstream:remoteref) refs/heads/main refs/remotes/main [0ms]
2024-05-08 18:30:38.678 [info] > git status -z -uall [4ms]
2024-05-08 18:30:45.849 [info] > git config --get commit.template [4ms]
2024-05-08 18:30:45.849 [info] > git for-each-ref --format=%(refname)%00%(upstream:short)%00%(objectname)%00%(upstream:track)%00%(upstream:remotename)%00%(upstream:remoteref) refs/heads/main refs/remotes/main [1ms]
2024-05-08 18:30:45.858 [info] > git status -z -uall [5ms]
2024-05-08 18:30:50.880 [info] > git config --get commit.template [5ms]
2024-05-08 18:30:50.880 [info] > git for-each-ref --format=%(refname)%00%(upstream:short)%00%(objectname)%00%(upstream:track)%00%(upstream:remotename)%00%(upstream:remoteref) refs/heads/main refs/remotes/main [1ms]
2024-05-08 18:30:50.890 [info] > git status -z -uall [6ms]
2024-05-08 18:30:55.943 [info] > git config --get commit.template [4ms]
2024-05-08 18:30:55.943 [info] > git for-each-ref --format=%(refname)%00%(upstream:short)%00%(objectname)%00%(upstream:track)%00%(upstream:remotename)%00%(upstream:remoteref) refs/heads/main refs/remotes/main [1ms]
2024-05-08 18:30:55.952 [info] > git status -z -uall [6ms]
2024-05-08 18:31:00.980 [info] > git config --get commit.template [9ms]
2024-05-08 18:31:00.982 [info] > git for-each-ref --format=%(refname)%00%(upstream:short)%00%(objectname)%00%(upstream:track)%00%(upstream:remotename)%00%(upstream:remoteref) refs/heads/main refs/remotes/main [3ms]
2024-05-08 18:31:00.996 [info] > git status -z -uall [8ms]
2024-05-08 18:31:06.026 [info] > git config --get commit.template [9ms]
2024-05-08 18:31:06.028 [info] > git for-each-ref --format=%(refname)%00%(upstream:short)%00%(objectname)%00%(upstream:track)%00%(upstream:remotename)%00%(upstream:remoteref) refs/heads/main refs/remotes/main [2ms]
2024-05-08 18:31:06.041 [info] > git status -z -uall [8ms]
2024-05-08 18:31:12.120 [info] > git config --get commit.template [7ms]
2024-05-08 18:31:12.121 [info] > git for-each-ref --format=%(refname)%00%(upstream:short)%00%(objectname)%00%(upstream:track)%00%(upstream:remotename)%00%(upstream:remoteref) refs/heads/main refs/remotes/main [1ms]
2024-05-08 18:31:12.131 [info] > git status -z -uall [4ms]
2024-05-08 18:31:17.158 [info] > git config --get commit.template [9ms]
2024-05-08 18:31:17.159 [info] > git for-each-ref --format=%(refname)%00%(upstream:short)%00%(objectname)%00%(upstream:track)%00%(upstream:remotename)%00%(upstream:remoteref) refs/heads/main refs/remotes/main [2ms]
2024-05-08 18:31:17.175 [info] > git status -z -uall [8ms]
2024-05-08 18:31:22.206 [info] > git config --get commit.template [9ms]
2024-05-08 18:31:22.207 [info] > git for-each-ref --format=%(refname)%00%(upstream:short)%00%(objectname)%00%(upstream:track)%00%(upstream:remotename)%00%(upstream:remoteref) refs/heads/main refs/remotes/main [2ms]
2024-05-08 18:31:22.225 [info] > git status -z -uall [10ms]
2024-05-08 18:31:30.166 [info] > git for-each-ref --format=%(refname)%00%(upstream:short)%00%(objectname)%00%(upstream:track)%00%(upstream:remotename)%00%(upstream:remoteref) refs/heads/main refs/remotes/main [2ms]
2024-05-08 18:31:30.167 [info] > git config --get commit.template [11ms]
2024-05-08 18:31:30.179 [info] > git status -z -uall [5ms]
2024-05-08 18:31:37.957 [info] > git config --get commit.template [4ms]
2024-05-08 18:31:37.958 [info] > git for-each-ref --format=%(refname)%00%(upstream:short)%00%(objectname)%00%(upstream:track)%00%(upstream:remotename)%00%(upstream:remoteref) refs/heads/main refs/remotes/main [1ms]
2024-05-08 18:31:37.968 [info] > git status -z -uall [7ms]
2024-05-08 18:31:42.993 [info] > git config --get commit.template [8ms]
2024-05-08 18:31:42.993 [info] > git for-each-ref --format=%(refname)%00%(upstream:short)%00%(objectname)%00%(upstream:track)%00%(upstream:remotename)%00%(upstream:remoteref) refs/heads/main refs/remotes/main [1ms]
2024-05-08 18:31:43.003 [info] > git status -z -uall [6ms]
