2024-05-08 18:31:55.907 [info] Laravel Extra Intellisense Started...
2024-05-08 18:31:55.907 [info] Laravel Extra Intellisense command started: HTTP Routes
2024-05-08 18:31:55.907 [info] Laravel Extra Intellisense command started: Views paths
2024-05-08 18:31:55.907 [info] Laravel Extra Intellisense command started: Configs
2024-05-08 18:31:55.907 [info] Laravel Extra Intellisense command started: Translation namespaces
2024-05-08 18:31:55.907 [info] Laravel Extra Intellisense command started: Middlewares
2024-05-08 18:31:55.907 [info] Laravel Extra Intellisense command started: Application Models
2024-05-08 18:31:55.907 [info] Laravel Extra Intellisense command started: Auth Data
2024-05-08 18:31:55.907 [info] Laravel Extra Intellisense command started: Eloquent Attributes and Relations
2024-05-08 18:31:55.907 [info] Laravel Extra Intellisense command started: Custom Blade Directives
2024-05-08 18:31:55.907 [info] Laravel Extra Intellisense Resolved: Custom Blade Directives
2024-05-08 18:31:55.907 [info] Laravel Extra Intellisense Resolved: Eloquent Attributes and Relations
2024-05-08 18:31:55.907 [info] Laravel Extra Intellisense Resolved: Auth Data
2024-05-08 18:31:55.907 [info] Laravel Extra Intellisense Resolved: Application Models
2024-05-08 18:31:55.907 [info] Laravel Extra Intellisense Resolved: Middlewares
2024-05-08 18:31:55.907 [info] Laravel Extra Intellisense Resolved: Translation namespaces
2024-05-08 18:31:55.907 [info] Laravel Extra Intellisense command started: Translation Path
2024-05-08 18:31:55.907 [info] Laravel Extra Intellisense Resolved: Configs
2024-05-08 18:31:55.907 [info] Laravel Extra Intellisense Resolved: Views paths
2024-05-08 18:31:55.907 [info] Laravel Extra Intellisense command started: Views
2024-05-08 18:31:55.907 [info] Laravel Extra Intellisense Resolved: HTTP Routes
2024-05-08 18:31:55.907 [info] Laravel Extra Intellisense Resolved: Translation Path
2024-05-08 18:31:55.907 [info] Laravel Extra Intellisense command started: Translations inside namespaces
2024-05-08 18:31:55.907 [info] Laravel Extra Intellisense Resolved: Views
2024-05-08 18:31:56.243 [info] Laravel Extra Intellisense Resolved: Translations inside namespaces
2024-05-08 18:31:56.255 [info] Laravel Extra Intellisense command started: Default path Translations
2024-05-08 18:31:56.619 [info] Laravel Extra Intellisense Resolved: Default path Translations
2024-05-08 18:32:54.197 [info] Laravel Extra Intellisense command started: Application Models
2024-05-08 18:32:54.197 [info] Laravel Extra Intellisense command started: Auth Data
2024-05-08 18:32:54.305 [info] Laravel Extra Intellisense Resolved: Application Models
2024-05-08 18:32:54.309 [info] Laravel Extra Intellisense Resolved: Auth Data
2024-05-08 18:33:54.202 [info] Laravel Extra Intellisense command started: Application Models
2024-05-08 18:33:54.202 [info] Laravel Extra Intellisense command started: Auth Data
2024-05-08 18:33:54.446 [info] Laravel Extra Intellisense Resolved: Application Models
2024-05-08 18:33:54.446 [info] Laravel Extra Intellisense Resolved: Auth Data
2024-05-08 18:34:54.202 [info] Laravel Extra Intellisense command started: Application Models
2024-05-08 18:34:54.203 [info] Laravel Extra Intellisense command started: Auth Data
2024-05-08 18:34:54.362 [info] Laravel Extra Intellisense Resolved: Application Models
2024-05-08 18:34:54.362 [info] Laravel Extra Intellisense Resolved: Auth Data
2024-05-08 18:35:54.197 [info] Laravel Extra Intellisense command started: Application Models
2024-05-08 18:35:54.198 [info] Laravel Extra Intellisense command started: Auth Data
2024-05-08 18:35:54.429 [info] Laravel Extra Intellisense Resolved: Application Models
2024-05-08 18:35:54.431 [info] Laravel Extra Intellisense Resolved: Auth Data
2024-05-08 18:36:28.135 [info] Laravel Extra Intellisense command started: HTTP Routes
2024-05-08 18:36:28.273 [info] Laravel Extra Intellisense Resolved: HTTP Routes
2024-05-08 18:36:54.201 [info] Laravel Extra Intellisense command started: Application Models
2024-05-08 18:36:54.201 [info] Laravel Extra Intellisense command started: Auth Data
2024-05-08 18:36:54.302 [info] Laravel Extra Intellisense Resolved: Auth Data
2024-05-08 18:36:54.302 [info] Laravel Extra Intellisense Resolved: Application Models
2024-05-08 18:37:54.245 [info] Laravel Extra Intellisense command started: Application Models
2024-05-08 18:37:54.251 [info] Laravel Extra Intellisense command started: Auth Data
2024-05-08 18:37:54.672 [info] Laravel Extra Intellisense Resolved: Auth Data
2024-05-08 18:37:54.672 [info] Laravel Extra Intellisense Resolved: Application Models
2024-05-08 18:38:54.199 [info] Laravel Extra Intellisense command started: Application Models
2024-05-08 18:38:54.199 [info] Laravel Extra Intellisense command started: Auth Data
2024-05-08 18:38:54.315 [info] Laravel Extra Intellisense Resolved: Application Models
2024-05-08 18:38:54.336 [info] Laravel Extra Intellisense Resolved: Auth Data
2024-05-08 18:39:54.252 [info] Laravel Extra Intellisense command started: Application Models
2024-05-08 18:39:54.252 [info] Laravel Extra Intellisense command started: Auth Data
2024-05-08 18:39:54.351 [info] Laravel Extra Intellisense Resolved: Auth Data
2024-05-08 18:39:54.352 [info] Laravel Extra Intellisense Resolved: Application Models
2024-05-08 18:40:54.262 [info] Laravel Extra Intellisense command started: Application Models
2024-05-08 18:40:54.262 [info] Laravel Extra Intellisense command started: Auth Data
2024-05-08 18:40:54.393 [info] Laravel Extra Intellisense Resolved: Application Models
2024-05-08 18:40:54.393 [info] Laravel Extra Intellisense Resolved: Auth Data
2024-05-08 18:41:54.250 [info] Laravel Extra Intellisense command started: Custom Blade Directives
2024-05-08 18:41:54.265 [info] Laravel Extra Intellisense command started: Application Models
2024-05-08 18:41:54.265 [info] Laravel Extra Intellisense command started: Auth Data
2024-05-08 18:41:54.471 [info] Laravel Extra Intellisense Resolved: Custom Blade Directives
2024-05-08 18:41:54.471 [info] Laravel Extra Intellisense Resolved: Application Models
2024-05-08 18:41:54.473 [info] Laravel Extra Intellisense Resolved: Auth Data
2024-05-08 18:42:54.284 [info] Laravel Extra Intellisense command started: Application Models
2024-05-08 18:42:54.285 [info] Laravel Extra Intellisense command started: Auth Data
2024-05-08 18:42:54.534 [info] Laravel Extra Intellisense Resolved: Application Models
2024-05-08 18:42:54.534 [info] Laravel Extra Intellisense Resolved: Auth Data
2024-05-08 18:43:54.303 [info] Laravel Extra Intellisense command started: Application Models
2024-05-08 18:43:54.333 [info] Laravel Extra Intellisense command started: Auth Data
2024-05-08 18:43:54.900 [info] Laravel Extra Intellisense Resolved: Auth Data
2024-05-08 18:43:54.900 [info] Laravel Extra Intellisense Resolved: Application Models
2024-05-08 18:44:54.322 [info] Laravel Extra Intellisense command started: Application Models
2024-05-08 18:44:54.322 [info] Laravel Extra Intellisense command started: Auth Data
2024-05-08 18:44:54.460 [info] Laravel Extra Intellisense Resolved: Application Models
2024-05-08 18:44:54.466 [info] Laravel Extra Intellisense Resolved: Auth Data
2024-05-08 18:45:54.356 [info] Laravel Extra Intellisense command started: Application Models
2024-05-08 18:45:54.356 [info] Laravel Extra Intellisense command started: Auth Data
2024-05-08 18:45:54.468 [info] Laravel Extra Intellisense Resolved: Application Models
2024-05-08 18:45:54.471 [info] Laravel Extra Intellisense Resolved: Auth Data
2024-05-08 18:46:54.360 [info] Laravel Extra Intellisense command started: Application Models
2024-05-08 18:46:54.360 [info] Laravel Extra Intellisense command started: Auth Data
2024-05-08 18:46:54.467 [info] Laravel Extra Intellisense Resolved: Application Models
2024-05-08 18:46:54.473 [info] Laravel Extra Intellisense Resolved: Auth Data
2024-05-08 18:47:54.437 [info] Laravel Extra Intellisense command started: Application Models
2024-05-08 18:47:54.447 [info] Laravel Extra Intellisense command started: Auth Data
2024-05-08 18:47:54.700 [info] Laravel Extra Intellisense Resolved: Auth Data
2024-05-08 18:47:54.700 [info] Laravel Extra Intellisense Resolved: Application Models
2024-05-08 18:48:54.405 [info] Laravel Extra Intellisense command started: Application Models
2024-05-08 18:48:54.406 [info] Laravel Extra Intellisense command started: Auth Data
2024-05-08 18:48:54.540 [info] Laravel Extra Intellisense Resolved: Auth Data
2024-05-08 18:48:54.541 [info] Laravel Extra Intellisense Resolved: Application Models
