2024-05-08 17:19:00.227 [info] Started local extension host with pid 72755.
2024-05-08 17:19:00.922 [error] [sidthesloth.html5-boilerplate]: Unknown language in `contributes.html5-boilerplate.language`. Provided value: njk
2024-05-08 17:19:00.922 [error] [sidthesloth.html5-boilerplate]: Unknown language in `contributes.html5-boilerplate.language`. Provided value: django-html
2024-05-08 17:19:02.891 [error] [sidthesloth.html5-boilerplate]: Unknown language in `contributes.html5-boilerplate.language`. Provided value: njk
2024-05-08 17:19:02.891 [error] [sidthesloth.html5-boilerplate]: Unknown language in `contributes.html5-boilerplate.language`. Provided value: django-html
2024-05-08 17:19:03.254 [info] [perf] Render performance baseline is 39ms
2024-05-08 17:24:40.779 [error] 
   ParseError 

  syntax error, unexpected end of file

  at routes/api.php:17
     13▕ | is assigned the "api" middleware group. Enjoy building your API!
     14▕ |
     15▕ */
     16▕ 
  ➜  17▕ Route::get('user', [App])

      [2m+3 vendor frames [22m
  4   app/Providers/RouteServiceProvider.php:44
      Illuminate\Routing\RouteRegistrar::group("/home/kyawkyawlin/Laravel_Projects/personal/api/laravel8-api-auth-jwt/routes/api.php")

      [2m+15 vendor frames [22m
  20  [internal]:0
      Illuminate\Foundation\Application::Illuminate\Foundation\{closure}(Object(App\Providers\RouteServiceProvider))

2024-05-08 17:24:46.701 [error] 
   ParseError 

  syntax error, unexpected end of file

  at routes/api.php:17
     13▕ | is assigned the "api" middleware group. Enjoy building your API!
     14▕ |
     15▕ */
     16▕ 
  ➜  17▕ Route::get('user', [A])

      [2m+3 vendor frames [22m
  4   app/Providers/RouteServiceProvider.php:44
      Illuminate\Routing\RouteRegistrar::group("/home/kyawkyawlin/Laravel_Projects/personal/api/laravel8-api-auth-jwt/routes/api.php")

      [2m+15 vendor frames [22m
  20  [internal]:0
      Illuminate\Foundation\Application::Illuminate\Foundation\{closure}(Object(App\Providers\RouteServiceProvider))

2024-05-08 17:24:53.781 [error] [onecentlin.laravel5-snippets]: Unknown language in `contributes.laravel5-snippets.language`. Provided value: blade
2024-05-08 17:24:53.783 [error] [sidthesloth.html5-boilerplate]: Unknown language in `contributes.html5-boilerplate.language`. Provided value: njk
2024-05-08 17:24:53.783 [error] [sidthesloth.html5-boilerplate]: Unknown language in `contributes.html5-boilerplate.language`. Provided value: django-html
2024-05-08 17:25:01.663 [error] [sidthesloth.html5-boilerplate]: Unknown language in `contributes.html5-boilerplate.language`. Provided value: njk
2024-05-08 17:25:01.664 [error] [sidthesloth.html5-boilerplate]: Unknown language in `contributes.html5-boilerplate.language`. Provided value: django-html
2024-05-08 17:25:18.811 [error] [Extension Host] 
   ParseError 

  syntax error, unexpected end of file

  at routes/api.php:17
     13▕ | is assigned the "api" middleware group. Enjoy building your API!
     14▕ |
     15▕ */
     16▕ 
  ➜  17▕ Route::get('user', [A])

      [2m+3 vendor frames [22m
  4   app/Providers/RouteServiceProvider.php:44
      Illuminate\Routing\RouteRegistrar::group("/home/kyawkyawlin/Laravel_Projects/personal/api/laravel8-api-auth-jwt/routes/api.php")

      [2m+15 vendor frames [22m
  20  [internal]:0
      Illuminate\Foundation\Application::Illuminate\Foundation\{closure}(Object(App\Providers\RouteServiceProvider))

2024-05-08 17:25:19.576 [error] 
   ParseError 

  syntax error, unexpected end of file

  at routes/api.php:17
     13▕ | is assigned the "api" middleware group. Enjoy building your API!
     14▕ |
     15▕ */
     16▕ 
  ➜  17▕ Route::get('user', [A])

      [2m+3 vendor frames [22m
  4   app/Providers/RouteServiceProvider.php:44
      Illuminate\Routing\RouteRegistrar::group("/home/kyawkyawlin/Laravel_Projects/personal/api/laravel8-api-auth-jwt/routes/api.php")

      [2m+15 vendor frames [22m
  20  [internal]:0
      Illuminate\Foundation\Application::Illuminate\Foundation\{closure}(Object(App\Providers\RouteServiceProvider))

2024-05-08 17:26:17.547 [error] [Extension Host] 
   ParseError 

  syntax error, unexpected end of file

  at routes/api.php:17
     13▕ | is assigned the "api" middleware group. Enjoy building your API!
     14▕ |
     15▕ */
     16▕ 
  ➜  17▕ Route::get('user', [A])

      [2m+3 vendor frames [22m
  4   app/Providers/RouteServiceProvider.php:44
      Illuminate\Routing\RouteRegistrar::group("/home/kyawkyawlin/Laravel_Projects/personal/api/laravel8-api-auth-jwt/routes/api.php")

      [2m+15 vendor frames [22m
  20  [internal]:0
      Illuminate\Foundation\Application::Illuminate\Foundation\{closure}(Object(App\Providers\RouteServiceProvider))

2024-05-08 17:26:18.529 [error] 
   ParseError 

  syntax error, unexpected end of file

  at routes/api.php:17
     13▕ | is assigned the "api" middleware group. Enjoy building your API!
     14▕ |
     15▕ */
     16▕ 
  ➜  17▕ Route::get('user', [A])

      [2m+3 vendor frames [22m
  4   app/Providers/RouteServiceProvider.php:44
      Illuminate\Routing\RouteRegistrar::group("/home/kyawkyawlin/Laravel_Projects/personal/api/laravel8-api-auth-jwt/routes/api.php")

      [2m+15 vendor frames [22m
  20  [internal]:0
      Illuminate\Foundation\Application::Illuminate\Foundation\{closure}(Object(App\Providers\RouteServiceProvider))

2024-05-08 17:26:33.412 [error] 
   ParseError 

  syntax error, unexpected end of file

  at routes/api.php:18
     14▕ |
     15▕ */
     16▕ 
     17▕ Route::get('user', [])
  ➜  18▕

      [2m+3 vendor frames [22m
  4   app/Providers/RouteServiceProvider.php:44
      Illuminate\Routing\RouteRegistrar::group("/home/kyawkyawlin/Laravel_Projects/personal/api/laravel8-api-auth-jwt/routes/api.php")

      [2m+15 vendor frames [22m
  20  [internal]:0
      Illuminate\Foundation\Application::Illuminate\Foundation\{closure}(Object(App\Providers\RouteServiceProvider))

2024-05-08 17:27:17.465 [error] [Extension Host] 
   ParseError 

  syntax error, unexpected end of file

  at routes/api.php:18
     14▕ |
     15▕ */
     16▕ 
     17▕ Route::get('user', [AuthController::class, ])
  ➜  18▕

      [2m+3 vendor frames [22m
  4   app/Providers/RouteServiceProvider.php:44
      Illuminate\Routing\RouteRegistrar::group("/home/kyawkyawlin/Laravel_Projects/personal/api/laravel8-api-auth-jwt/routes/api.php")

      [2m+15 vendor frames [22m
  20  [internal]:0
      Illuminate\Foundation\Application::Illuminate\Foundation\{closure}(Object(App\Providers\RouteServiceProvider))

2024-05-08 17:27:18.454 [error] 
   ParseError 

  syntax error, unexpected end of file

  at routes/api.php:18
     14▕ |
     15▕ */
     16▕ 
     17▕ Route::get('user', [AuthController::class, ])
  ➜  18▕

      [2m+3 vendor frames [22m
  4   app/Providers/RouteServiceProvider.php:44
      Illuminate\Routing\RouteRegistrar::group("/home/kyawkyawlin/Laravel_Projects/personal/api/laravel8-api-auth-jwt/routes/api.php")

      [2m+15 vendor frames [22m
  20  [internal]:0
      Illuminate\Foundation\Application::Illuminate\Foundation\{closure}(Object(App\Providers\RouteServiceProvider))

2024-05-08 17:27:21.724 [error] 
   ParseError 

  syntax error, unexpected end of file

  at routes/api.php:18
     14▕ |
     15▕ */
     16▕ 
     17▕ Route::get('user', [AuthController::class, ])
  ➜  18▕

      [2m+3 vendor frames [22m
  4   app/Providers/RouteServiceProvider.php:44
      Illuminate\Routing\RouteRegistrar::group("/home/kyawkyawlin/Laravel_Projects/personal/api/laravel8-api-auth-jwt/routes/api.php")

      [2m+15 vendor frames [22m
  20  [internal]:0
      Illuminate\Foundation\Application::Illuminate\Foundation\{closure}(Object(App\Providers\RouteServiceProvider))

2024-05-08 17:27:33.897 [error] Invalid regular expression: /use (.+)[AuthController;/g: Unterminated character class: SyntaxError: Invalid regular expression: /use (.+)[AuthController;/g: Unterminated character class
    at new RegExp (<anonymous>)
    at e.default.getModelClass (/root/.vscode/extensions/porifa.laravel-intelephense-1.25.0/dist/extension.js:1:139786)
    at e.default.provideCompletionItems (/root/.vscode/extensions/porifa.laravel-intelephense-1.25.0/dist/extension.js:1:138208)
    at ve.provideCompletionItems (/snap/code/158/usr/share/code/resources/app/out/vs/workbench/api/node/extensionHostProcess.js:153:105868)
    at /snap/code/158/usr/share/code/resources/app/out/vs/workbench/api/node/extensionHostProcess.js:153:129046
    at Ae.s (/snap/code/158/usr/share/code/resources/app/out/vs/workbench/api/node/extensionHostProcess.js:153:120151)
    at Ae.$provideCompletionItems (/snap/code/158/usr/share/code/resources/app/out/vs/workbench/api/node/extensionHostProcess.js:153:129032)
    at c.S (/snap/code/158/usr/share/code/resources/app/out/vs/workbench/api/node/extensionHostProcess.js:150:5505)
    at c.Q (/snap/code/158/usr/share/code/resources/app/out/vs/workbench/api/node/extensionHostProcess.js:150:5271)
    at c.M (/snap/code/158/usr/share/code/resources/app/out/vs/workbench/api/node/extensionHostProcess.js:150:4323)
    at c.L (/snap/code/158/usr/share/code/resources/app/out/vs/workbench/api/node/extensionHostProcess.js:150:3440)
    at a.value (/snap/code/158/usr/share/code/resources/app/out/vs/workbench/api/node/extensionHostProcess.js:150:2227)
    at o.y (/snap/code/158/usr/share/code/resources/app/out/vs/workbench/api/node/extensionHostProcess.js:82:660)
    at o.fire (/snap/code/158/usr/share/code/resources/app/out/vs/workbench/api/node/extensionHostProcess.js:82:877)
    at u.fire (/snap/code/158/usr/share/code/resources/app/out/vs/workbench/api/node/extensionHostProcess.js:107:14175)
    at a.value (/snap/code/158/usr/share/code/resources/app/out/vs/workbench/api/node/extensionHostProcess.js:176:8023)
    at o.y (/snap/code/158/usr/share/code/resources/app/out/vs/workbench/api/node/extensionHostProcess.js:82:660)
    at o.fire (/snap/code/158/usr/share/code/resources/app/out/vs/workbench/api/node/extensionHostProcess.js:82:877)
    at u.fire (/snap/code/158/usr/share/code/resources/app/out/vs/workbench/api/node/extensionHostProcess.js:107:14175)
    at MessagePortMain.<anonymous> (/snap/code/158/usr/share/code/resources/app/out/vs/workbench/api/node/extensionHostProcess.js:176:6303)
    at MessagePortMain.emit (node:events:517:28)
    at Object.MessagePortMain._internalPort.emit (node:electron/js2c/utility_init:2:2285)
2024-05-08 17:27:33.902 [error] Invalid regular expression: /use (.+)[AuthController;/g: Unterminated character class: SyntaxError: Invalid regular expression: /use (.+)[AuthController;/g: Unterminated character class
    at new RegExp (<anonymous>)
    at k.getModelClass (/root/.vscode/extensions/amiralizadeh9480.laravel-extra-intellisense-0.6.5/dist/extension.js:1:155571)
    at k.provideCompletionItems (/root/.vscode/extensions/amiralizadeh9480.laravel-extra-intellisense-0.6.5/dist/extension.js:1:153985)
    at ve.provideCompletionItems (/snap/code/158/usr/share/code/resources/app/out/vs/workbench/api/node/extensionHostProcess.js:153:105868)
    at /snap/code/158/usr/share/code/resources/app/out/vs/workbench/api/node/extensionHostProcess.js:153:129046
    at Ae.s (/snap/code/158/usr/share/code/resources/app/out/vs/workbench/api/node/extensionHostProcess.js:153:120151)
    at Ae.$provideCompletionItems (/snap/code/158/usr/share/code/resources/app/out/vs/workbench/api/node/extensionHostProcess.js:153:129032)
    at c.S (/snap/code/158/usr/share/code/resources/app/out/vs/workbench/api/node/extensionHostProcess.js:150:5505)
    at c.Q (/snap/code/158/usr/share/code/resources/app/out/vs/workbench/api/node/extensionHostProcess.js:150:5271)
    at c.M (/snap/code/158/usr/share/code/resources/app/out/vs/workbench/api/node/extensionHostProcess.js:150:4323)
    at c.L (/snap/code/158/usr/share/code/resources/app/out/vs/workbench/api/node/extensionHostProcess.js:150:3440)
    at a.value (/snap/code/158/usr/share/code/resources/app/out/vs/workbench/api/node/extensionHostProcess.js:150:2227)
    at o.y (/snap/code/158/usr/share/code/resources/app/out/vs/workbench/api/node/extensionHostProcess.js:82:660)
    at o.fire (/snap/code/158/usr/share/code/resources/app/out/vs/workbench/api/node/extensionHostProcess.js:82:877)
    at u.fire (/snap/code/158/usr/share/code/resources/app/out/vs/workbench/api/node/extensionHostProcess.js:107:14175)
    at a.value (/snap/code/158/usr/share/code/resources/app/out/vs/workbench/api/node/extensionHostProcess.js:176:8023)
    at o.y (/snap/code/158/usr/share/code/resources/app/out/vs/workbench/api/node/extensionHostProcess.js:82:660)
    at o.fire (/snap/code/158/usr/share/code/resources/app/out/vs/workbench/api/node/extensionHostProcess.js:82:877)
    at u.fire (/snap/code/158/usr/share/code/resources/app/out/vs/workbench/api/node/extensionHostProcess.js:107:14175)
    at MessagePortMain.<anonymous> (/snap/code/158/usr/share/code/resources/app/out/vs/workbench/api/node/extensionHostProcess.js:176:6303)
    at MessagePortMain.emit (node:events:517:28)
    at Object.MessagePortMain._internalPort.emit (node:electron/js2c/utility_init:2:2285)
2024-05-08 18:27:55.683 [error] Cancelled: Canceled
    at ee.B (vscode-file://vscode-app/snap/code/158/usr/share/code/resources/app/out/vs/workbench/workbench.desktop.main.js:792:24018)
    at async ee.z (vscode-file://vscode-app/snap/code/158/usr/share/code/resources/app/out/vs/workbench/workbench.desktop.main.js:792:20814)
    at async _ (vscode-file://vscode-app/snap/code/158/usr/share/code/resources/app/out/vs/workbench/workbench.desktop.main.js:792:19741)
    at async ee.query (vscode-file://vscode-app/snap/code/158/usr/share/code/resources/app/out/vs/workbench/workbench.desktop.main.js:792:20039)
    at async X.queryGallery (vscode-file://vscode-app/snap/code/158/usr/share/code/resources/app/out/vs/workbench/workbench.desktop.main.js:2477:13663)
    at async Me.Kc (vscode-file://vscode-app/snap/code/158/usr/share/code/resources/app/out/vs/workbench/workbench.desktop.main.js:2413:23125)
    at async Me.uc (vscode-file://vscode-app/snap/code/158/usr/share/code/resources/app/out/vs/workbench/workbench.desktop.main.js:2413:14733)
    at async vscode-file://vscode-app/snap/code/158/usr/share/code/resources/app/out/vs/workbench/workbench.desktop.main.js:2413:13032
2024-05-08 18:30:22.459 [error] [sidthesloth.html5-boilerplate]: Unknown language in `contributes.html5-boilerplate.language`. Provided value: njk
2024-05-08 18:30:22.465 [error] [sidthesloth.html5-boilerplate]: Unknown language in `contributes.html5-boilerplate.language`. Provided value: django-html
