2024-05-08 17:19:00.133 [info] Added views:workbench.panel.markers.view in workbench.panel.markers
2024-05-08 17:19:00.133 [info] Added views:workbench.panel.output in workbench.panel.output
2024-05-08 17:19:00.133 [info] Added views:terminal in terminal
2024-05-08 17:19:00.133 [info] Added views:outline in workbench.view.explorer
2024-05-08 17:19:00.133 [info] Added views:workbench.scm in workbench.view.scm
2024-05-08 17:19:00.133 [info] Added views:workbench.view.search in workbench.view.search
2024-05-08 17:19:00.133 [info] Added views:timeline in workbench.view.explorer
2024-05-08 17:19:00.133 [info] Added views:workbench.explorer.fileView in workbench.view.explorer
2024-05-08 17:19:00.472 [info] Added views:workbench.debug.variablesView,workbench.debug.watchExpressionsView,workbench.debug.callStackView,workbench.debug.breakPointsView in workbench.view.debug
2024-05-08 17:19:00.757 [info] Added views:~remote.forwardedPorts in ~remote.forwardedPortsContainer
2024-05-08 17:19:00.858 [info] Added views:workbench.panel.repl.view in workbench.panel.repl
2024-05-08 17:19:00.860 [info] Removed views:workbench.debug.breakPointsView,workbench.debug.callStackView,workbench.debug.watchExpressionsView,workbench.debug.variablesView from workbench.view.debug
2024-05-08 17:19:00.861 [info] Added views:workbench.debug.welcome in workbench.view.debug
2024-05-08 17:19:10.849 [info] Added views:workbench.views.extensions.installed,workbench.views.extensions.popular,extensions.recommendedList in workbench.view.extensions
2024-05-08 17:19:10.850 [info] Removed views:workbench.views.extensions.popular from workbench.view.extensions
2024-05-08 17:19:13.143 [info] Removed views:extensions.recommendedList,workbench.views.extensions.installed from workbench.view.extensions
2024-05-08 17:19:13.149 [info] Added views:workbench.views.extensions.marketplace in workbench.view.extensions
2024-05-08 17:19:55.246 [info] Removed views:workbench.views.extensions.marketplace from workbench.view.extensions
2024-05-08 17:19:55.257 [info] Added views:workbench.views.extensions.installed,extensions.recommendedList in workbench.view.extensions
2024-05-08 17:24:04.585 [info] Removed views:extensions.recommendedList,workbench.views.extensions.installed from workbench.view.extensions
2024-05-08 17:24:04.594 [info] Added views:workbench.views.extensions.marketplace in workbench.view.extensions
2024-05-08 17:25:44.924 [info] Added views:devdb in workbench.view.extension.devdb-container
2024-05-08 18:27:55.672 [info] Removed views:workbench.views.extensions.marketplace from workbench.view.extensions
2024-05-08 18:27:55.681 [info] Added views:workbench.views.extensions.installed,extensions.recommendedList in workbench.view.extensions
2024-05-08 18:27:57.929 [info] Removed views:extensions.recommendedList,workbench.views.extensions.installed from workbench.view.extensions
2024-05-08 18:27:57.933 [info] Added views:workbench.views.extensions.marketplace in workbench.view.extensions
2024-05-08 18:28:28.340 [info] Removed views:workbench.views.extensions.marketplace from workbench.view.extensions
2024-05-08 18:28:28.347 [info] Added views:workbench.views.extensions.installed,extensions.recommendedList in workbench.view.extensions
2024-05-08 18:28:29.872 [info] Removed views:extensions.recommendedList,workbench.views.extensions.installed from workbench.view.extensions
2024-05-08 18:28:29.876 [info] Added views:workbench.views.extensions.marketplace in workbench.view.extensions
2024-05-08 18:29:16.311 [info] Removed views:workbench.views.extensions.marketplace from workbench.view.extensions
2024-05-08 18:29:16.319 [info] Added views:workbench.views.extensions.installed,extensions.recommendedList in workbench.view.extensions
2024-05-08 18:29:19.158 [info] Removed views:extensions.recommendedList,workbench.views.extensions.installed from workbench.view.extensions
2024-05-08 18:29:19.162 [info] Added views:workbench.views.extensions.marketplace in workbench.view.extensions
