2024-05-08 22:51:37.263 [info] Log level: Info
2024-05-08 22:51:37.263 [info] Validating found git in: "git"
2024-05-08 22:51:37.263 [info] Using git "2.34.1" from "git"
2024-05-08 22:51:37.263 [info] > git rev-parse --show-toplevel [15ms]
2024-05-08 22:51:37.263 [info] > git rev-parse --git-dir --git-common-dir [4ms]
2024-05-08 22:51:37.263 [info] Open repository: /home/kyawkyawlin/Laravel_Projects/personal/api/laravel8-api-auth-jwt
2024-05-08 22:51:37.263 [info] > git config --get commit.template [9ms]
2024-05-08 22:51:37.375 [info] > git rev-parse --show-toplevel [121ms]
2024-05-08 22:51:37.395 [info] > git rev-parse --show-toplevel [13ms]
2024-05-08 22:51:37.395 [info] > git for-each-ref --format=%(refname)%00%(upstream:short)%00%(objectname)%00%(upstream:track)%00%(upstream:remotename)%00%(upstream:remoteref) refs/heads/main refs/remotes/main [15ms]
2024-05-08 22:51:37.417 [info] > git rev-parse --show-toplevel [9ms]
2024-05-08 22:51:37.429 [info] > git rev-parse --show-toplevel [6ms]
2024-05-08 22:51:37.437 [info] > git rev-parse --show-toplevel [4ms]
2024-05-08 22:51:37.444 [info] > git rev-parse --show-toplevel [2ms]
2024-05-08 22:51:37.451 [info] > git status -z -uall [22ms]
2024-05-08 22:51:37.472 [info] > git merge-base refs/heads/main refs/remotes/origin/main [13ms]
2024-05-08 22:51:37.479 [info] > git rev-parse --show-toplevel [29ms]
2024-05-08 22:51:37.487 [info] > git config --get commit.template [17ms]
2024-05-08 22:51:37.488 [info] > git rev-parse --show-toplevel [4ms]
2024-05-08 22:51:37.488 [info] > git rev-list --count --left-right refs/heads/main...refs/remotes/origin/main [9ms]
2024-05-08 22:51:37.508 [info] > git for-each-ref --format=%(refname)%00%(upstream:short)%00%(objectname)%00%(upstream:track)%00%(upstream:remotename)%00%(upstream:remoteref) refs/heads/main refs/remotes/main [9ms]
2024-05-08 22:51:37.508 [info] > git diff --name-status -z --diff-filter=ADMR b99eb2e458d642b75894a6ea23bcebba9a25c91d...refs/remotes/origin/main [16ms]
2024-05-08 22:51:37.512 [info] > git rev-parse --show-toplevel [6ms]
2024-05-08 22:51:37.528 [info] > git rev-parse --show-toplevel [8ms]
2024-05-08 22:51:37.536 [info] > git rev-parse --show-toplevel [2ms]
2024-05-08 22:51:37.544 [info] > git status -z -uall [17ms]
2024-05-08 22:51:37.546 [info] > git rev-parse --show-toplevel [4ms]
2024-05-08 22:51:37.900 [info] > git check-ignore -v -z --stdin [2ms]
2024-05-08 22:51:37.932 [info] > git show --textconv :app/Http/Controllers/AuthController.php [3ms]
2024-05-08 22:51:37.933 [info] > git ls-files --stage -- /home/kyawkyawlin/Laravel_Projects/personal/api/laravel8-api-auth-jwt/app/Http/Controllers/AuthController.php [1ms]
2024-05-08 22:51:37.937 [info] > git cat-file -s fa404c29c7bd4ff32e05281b67c09a061b2c8eb4 [1ms]
2024-05-08 22:54:36.193 [info] > git config --get commit.template [5ms]
2024-05-08 22:54:36.194 [info] > git for-each-ref --format=%(refname)%00%(upstream:short)%00%(objectname)%00%(upstream:track)%00%(upstream:remotename)%00%(upstream:remoteref) refs/heads/main refs/remotes/main [2ms]
2024-05-08 22:54:36.211 [info] > git status -z -uall [12ms]
2024-05-08 22:54:46.011 [info] > git config --get commit.template [11ms]
2024-05-08 22:54:46.013 [info] > git for-each-ref --format=%(refname)%00%(upstream:short)%00%(objectname)%00%(upstream:track)%00%(upstream:remotename)%00%(upstream:remoteref) refs/heads/main refs/remotes/main [2ms]
2024-05-08 22:54:46.031 [info] > git status -z -uall [13ms]
2024-05-08 22:54:48.364 [info] > git check-ignore -v -z --stdin [1ms]
2024-05-08 22:54:49.966 [info] > git check-ignore -v -z --stdin [1ms]
2024-05-08 22:54:51.039 [info] > git config --get commit.template [3ms]
2024-05-08 22:54:51.040 [info] > git for-each-ref --format=%(refname)%00%(upstream:short)%00%(objectname)%00%(upstream:track)%00%(upstream:remotename)%00%(upstream:remoteref) refs/heads/main refs/remotes/main [1ms]
2024-05-08 22:54:51.054 [info] > git status -z -uall [11ms]
2024-05-08 22:54:51.614 [info] > git show --textconv :.env [3ms]
2024-05-08 22:54:51.615 [info] > git ls-files --stage -- /home/kyawkyawlin/Laravel_Projects/personal/api/laravel8-api-auth-jwt/.env [1ms]
2024-05-08 22:54:52.751 [info] > git show --textconv :app/Http/Controllers/AuthController.php [4ms]
2024-05-08 22:54:52.751 [info] > git ls-files --stage -- /home/kyawkyawlin/Laravel_Projects/personal/api/laravel8-api-auth-jwt/app/Http/Controllers/AuthController.php [1ms]
2024-05-08 22:54:52.755 [info] > git cat-file -s fa404c29c7bd4ff32e05281b67c09a061b2c8eb4 [1ms]
2024-05-08 22:54:53.458 [info] > git show --textconv :README.md [4ms]
2024-05-08 22:54:53.459 [info] > git ls-files --stage -- /home/kyawkyawlin/Laravel_Projects/personal/api/laravel8-api-auth-jwt/README.md [1ms]
2024-05-08 22:54:53.464 [info] > git cat-file -s f136abfbfb4ec3ed4ca03d02e37fb23348aff093 [2ms]
2024-05-08 22:54:53.781 [info] > git check-ignore -v -z --stdin [2ms]
2024-05-08 22:54:56.224 [info] > git config --get commit.template [3ms]
2024-05-08 22:54:56.225 [info] > git for-each-ref --format=%(refname)%00%(upstream:short)%00%(objectname)%00%(upstream:track)%00%(upstream:remotename)%00%(upstream:remoteref) refs/heads/main refs/remotes/main [1ms]
2024-05-08 22:54:56.238 [info] > git status -z -uall [10ms]
2024-05-08 22:55:01.247 [info] > git config --get commit.template [3ms]
2024-05-08 22:55:01.248 [info] > git for-each-ref --format=%(refname)%00%(upstream:short)%00%(objectname)%00%(upstream:track)%00%(upstream:remotename)%00%(upstream:remoteref) refs/heads/main refs/remotes/main [1ms]
2024-05-08 22:55:01.261 [info] > git status -z -uall [10ms]
2024-05-08 22:55:06.270 [info] > git config --get commit.template [3ms]
2024-05-08 22:55:06.271 [info] > git for-each-ref --format=%(refname)%00%(upstream:short)%00%(objectname)%00%(upstream:track)%00%(upstream:remotename)%00%(upstream:remoteref) refs/heads/main refs/remotes/main [1ms]
2024-05-08 22:55:06.284 [info] > git status -z -uall [10ms]
2024-05-08 22:55:11.293 [info] > git config --get commit.template [3ms]
2024-05-08 22:55:11.294 [info] > git for-each-ref --format=%(refname)%00%(upstream:short)%00%(objectname)%00%(upstream:track)%00%(upstream:remotename)%00%(upstream:remoteref) refs/heads/main refs/remotes/main [1ms]
2024-05-08 22:55:11.308 [info] > git status -z -uall [11ms]
2024-05-08 22:55:19.921 [info] > git config --get commit.template [4ms]
2024-05-08 22:55:19.921 [info] > git for-each-ref --format=%(refname)%00%(upstream:short)%00%(objectname)%00%(upstream:track)%00%(upstream:remotename)%00%(upstream:remoteref) refs/heads/main refs/remotes/main [1ms]
2024-05-08 22:55:19.934 [info] > git status -z -uall [10ms]
2024-05-08 22:55:25.445 [info] > git config --get commit.template [9ms]
2024-05-08 22:55:25.446 [info] > git for-each-ref --format=%(refname)%00%(upstream:short)%00%(objectname)%00%(upstream:track)%00%(upstream:remotename)%00%(upstream:remoteref) refs/heads/main refs/remotes/main [1ms]
2024-05-08 22:55:25.474 [info] > git status -z -uall [18ms]
2024-05-08 22:55:35.137 [info] > git config --get commit.template [12ms]
2024-05-08 22:55:35.140 [info] > git for-each-ref --format=%(refname)%00%(upstream:short)%00%(objectname)%00%(upstream:track)%00%(upstream:remotename)%00%(upstream:remoteref) refs/heads/main refs/remotes/main [3ms]
2024-05-08 22:55:35.167 [info] > git status -z -uall [16ms]
2024-05-08 22:55:53.145 [info] > git show --textconv :phpunit.xml [5ms]
2024-05-08 22:55:53.146 [info] > git ls-files --stage -- /home/kyawkyawlin/Laravel_Projects/personal/api/laravel8-api-auth-jwt/phpunit.xml [1ms]
2024-05-08 22:55:53.149 [info] > git cat-file -s 4ae4d979d1ecc9bb45aabf0ff7071ce0e63bd4e2 [1ms]
2024-05-08 22:55:53.518 [info] > git show --textconv :package.json [5ms]
2024-05-08 22:55:53.528 [info] > git ls-files --stage -- /home/kyawkyawlin/Laravel_Projects/personal/api/laravel8-api-auth-jwt/package.json [12ms]
2024-05-08 22:55:53.535 [info] > git cat-file -s 00c6506709b51915dea40e1867613d145d52fe7f [4ms]
2024-05-08 22:55:55.225 [info] > git config --get commit.template [5ms]
2024-05-08 22:55:55.226 [info] > git for-each-ref --format=%(refname)%00%(upstream:short)%00%(objectname)%00%(upstream:track)%00%(upstream:remotename)%00%(upstream:remoteref) refs/heads/main refs/remotes/main [2ms]
2024-05-08 22:55:55.244 [info] > git status -z -uall [13ms]
2024-05-08 22:55:57.186 [info] > git show --textconv :composer.json [3ms]
2024-05-08 22:55:57.188 [info] > git ls-files --stage -- /home/kyawkyawlin/Laravel_Projects/personal/api/laravel8-api-auth-jwt/composer.json [2ms]
2024-05-08 22:55:57.192 [info] > git cat-file -s 85e03e756b7dd4eabc71adb1f31f46cc2b9d8ea4 [1ms]
2024-05-08 22:56:00.253 [info] > git config --get commit.template [3ms]
2024-05-08 22:56:00.254 [info] > git for-each-ref --format=%(refname)%00%(upstream:short)%00%(objectname)%00%(upstream:track)%00%(upstream:remotename)%00%(upstream:remoteref) refs/heads/main refs/remotes/main [1ms]
2024-05-08 22:56:00.268 [info] > git status -z -uall [12ms]
2024-05-08 22:56:05.277 [info] > git config --get commit.template [3ms]
2024-05-08 22:56:05.278 [info] > git for-each-ref --format=%(refname)%00%(upstream:short)%00%(objectname)%00%(upstream:track)%00%(upstream:remotename)%00%(upstream:remoteref) refs/heads/main refs/remotes/main [1ms]
2024-05-08 22:56:05.292 [info] > git status -z -uall [12ms]
2024-05-08 22:56:18.727 [info] > git config --get commit.template [8ms]
2024-05-08 22:56:18.728 [info] > git for-each-ref --format=%(refname)%00%(upstream:short)%00%(objectname)%00%(upstream:track)%00%(upstream:remotename)%00%(upstream:remoteref) refs/heads/main refs/remotes/main [2ms]
2024-05-08 22:56:18.745 [info] > git status -z -uall [14ms]
2024-05-08 22:56:23.755 [info] > git config --get commit.template [3ms]
2024-05-08 22:56:23.755 [info] > git for-each-ref --format=%(refname)%00%(upstream:short)%00%(objectname)%00%(upstream:track)%00%(upstream:remotename)%00%(upstream:remoteref) refs/heads/main refs/remotes/main [1ms]
2024-05-08 22:56:23.771 [info] > git status -z -uall [13ms]
2024-05-08 22:56:26.206 [info] > git show --textconv :README.md [4ms]
2024-05-08 22:56:26.207 [info] > git ls-files --stage -- /home/kyawkyawlin/Laravel_Projects/personal/api/laravel8-api-auth-jwt/README.md [1ms]
2024-05-08 22:56:26.210 [info] > git cat-file -s f136abfbfb4ec3ed4ca03d02e37fb23348aff093 [1ms]
2024-05-08 22:56:28.779 [info] > git config --get commit.template [3ms]
2024-05-08 22:56:28.780 [info] > git for-each-ref --format=%(refname)%00%(upstream:short)%00%(objectname)%00%(upstream:track)%00%(upstream:remotename)%00%(upstream:remoteref) refs/heads/main refs/remotes/main [0ms]
2024-05-08 22:56:28.794 [info] > git status -z -uall [12ms]
2024-05-08 22:56:34.806 [info] > git config --get commit.template [1ms]
2024-05-08 22:56:34.810 [info] > git for-each-ref --format=%(refname)%00%(upstream:short)%00%(objectname)%00%(upstream:track)%00%(upstream:remotename)%00%(upstream:remoteref) refs/heads/main refs/remotes/main [1ms]
2024-05-08 22:56:34.826 [info] > git status -z -uall [13ms]
2024-05-08 22:56:35.051 [info] > git check-ignore -v -z --stdin [2ms]
2024-05-08 22:56:35.929 [info] > git check-ignore -v -z --stdin [1ms]
2024-05-08 22:56:36.585 [info] > git check-ignore -v -z --stdin [1ms]
2024-05-08 22:56:44.244 [info] > git check-ignore -v -z --stdin [1ms]
2024-05-08 22:56:44.660 [info] > git config --get commit.template [4ms]
2024-05-08 22:56:44.661 [info] > git for-each-ref --format=%(refname)%00%(upstream:short)%00%(objectname)%00%(upstream:track)%00%(upstream:remotename)%00%(upstream:remoteref) refs/heads/main refs/remotes/main [2ms]
2024-05-08 22:56:44.677 [info] > git status -z -uall [13ms]
2024-05-08 22:56:55.381 [info] > git config --get commit.template [3ms]
2024-05-08 22:56:55.381 [info] > git for-each-ref --format=%(refname)%00%(upstream:short)%00%(objectname)%00%(upstream:track)%00%(upstream:remotename)%00%(upstream:remoteref) refs/heads/main refs/remotes/main [1ms]
2024-05-08 22:56:55.396 [info] > git status -z -uall [12ms]
2024-05-08 22:57:00.403 [info] > git config --get commit.template [3ms]
2024-05-08 22:57:00.404 [info] > git for-each-ref --format=%(refname)%00%(upstream:short)%00%(objectname)%00%(upstream:track)%00%(upstream:remotename)%00%(upstream:remoteref) refs/heads/main refs/remotes/main [1ms]
2024-05-08 22:57:00.419 [info] > git status -z -uall [12ms]
2024-05-08 22:57:03.905 [info] > git show --textconv :database/migrations/2019_12_14_000001_create_personal_access_tokens_table.php [4ms]
2024-05-08 22:57:03.906 [info] > git ls-files --stage -- /home/kyawkyawlin/Laravel_Projects/personal/api/laravel8-api-auth-jwt/database/migrations/2019_12_14_000001_create_personal_access_tokens_table.php [2ms]
2024-05-08 22:57:03.909 [info] > git cat-file -s 4315e16a85a10fd1a6b3bb5521eaec1c0038e1ed [1ms]
2024-05-08 22:57:05.428 [info] > git config --get commit.template [4ms]
2024-05-08 22:57:05.428 [info] > git for-each-ref --format=%(refname)%00%(upstream:short)%00%(objectname)%00%(upstream:track)%00%(upstream:remotename)%00%(upstream:remoteref) refs/heads/main refs/remotes/main [1ms]
2024-05-08 22:57:05.443 [info] > git status -z -uall [12ms]
2024-05-08 22:57:05.898 [info] > git show --textconv :database/migrations/2019_08_19_000000_create_failed_jobs_table.php [4ms]
2024-05-08 22:57:05.899 [info] > git ls-files --stage -- /home/kyawkyawlin/Laravel_Projects/personal/api/laravel8-api-auth-jwt/database/migrations/2019_08_19_000000_create_failed_jobs_table.php [1ms]
2024-05-08 22:57:05.902 [info] > git cat-file -s 6aa6d743e9c62a2eefee37c1913b95a4acf5aa6d [1ms]
2024-05-08 22:57:08.141 [info] > git ls-files --stage -- /home/kyawkyawlin/Laravel_Projects/personal/api/laravel8-api-auth-jwt/database/migrations/2014_10_12_000000_create_users_table.php [1ms]
2024-05-08 22:57:08.144 [info] > git show --textconv :database/migrations/2014_10_12_000000_create_users_table.php [7ms]
2024-05-08 22:57:08.145 [info] > git cat-file -s 6b4b7627cd358725bea8f1d63d7b782b2aedc609 [1ms]
2024-05-08 22:57:12.683 [info] > git config --get commit.template [10ms]
2024-05-08 22:57:12.684 [info] > git for-each-ref --format=%(refname)%00%(upstream:short)%00%(objectname)%00%(upstream:track)%00%(upstream:remotename)%00%(upstream:remoteref) refs/heads/main refs/remotes/main [2ms]
2024-05-08 22:57:12.705 [info] > git status -z -uall [16ms]
2024-05-08 22:57:38.509 [info] > git config --get commit.template [8ms]
2024-05-08 22:57:38.510 [info] > git for-each-ref --format=%(refname)%00%(upstream:short)%00%(objectname)%00%(upstream:track)%00%(upstream:remotename)%00%(upstream:remoteref) refs/heads/main refs/remotes/main [2ms]
2024-05-08 22:57:38.530 [info] > git status -z -uall [13ms]
2024-05-08 22:58:00.642 [info] > git config --get commit.template [1ms]
2024-05-08 22:58:00.650 [info] > git for-each-ref --format=%(refname)%00%(upstream:short)%00%(objectname)%00%(upstream:track)%00%(upstream:remotename)%00%(upstream:remoteref) refs/heads/main refs/remotes/main [1ms]
2024-05-08 22:58:00.668 [info] > git status -z -uall [14ms]
2024-05-08 22:58:13.728 [info] > git show --textconv :config/sanctum.php [3ms]
2024-05-08 22:58:13.729 [info] > git ls-files --stage -- /home/kyawkyawlin/Laravel_Projects/personal/api/laravel8-api-auth-jwt/config/sanctum.php [1ms]
2024-05-08 22:58:13.733 [info] > git cat-file -s 9281c92db06ead0507154cab369fe303358cf0a6 [0ms]
2024-05-08 22:58:42.365 [info] > git config --get commit.template [11ms]
2024-05-08 22:58:42.366 [info] > git for-each-ref --format=%(refname)%00%(upstream:short)%00%(objectname)%00%(upstream:track)%00%(upstream:remotename)%00%(upstream:remoteref) refs/heads/main refs/remotes/main [2ms]
2024-05-08 22:58:42.388 [info] > git status -z -uall [14ms]
2024-05-08 22:58:44.669 [info] > git show --textconv :database/migrations/2019_12_14_000001_create_personal_access_tokens_table.php [4ms]
2024-05-08 22:58:44.669 [info] > git ls-files --stage -- /home/kyawkyawlin/Laravel_Projects/personal/api/laravel8-api-auth-jwt/database/migrations/2019_12_14_000001_create_personal_access_tokens_table.php [1ms]
2024-05-08 22:58:44.673 [info] > git cat-file -s 4315e16a85a10fd1a6b3bb5521eaec1c0038e1ed [1ms]
2024-05-08 22:59:01.178 [info] > git config --get commit.template [8ms]
2024-05-08 22:59:01.180 [info] > git for-each-ref --format=%(refname)%00%(upstream:short)%00%(objectname)%00%(upstream:track)%00%(upstream:remotename)%00%(upstream:remoteref) refs/heads/main refs/remotes/main [3ms]
2024-05-08 22:59:01.204 [info] > git status -z -uall [16ms]
2024-05-08 22:59:06.217 [info] > git config --get commit.template [3ms]
2024-05-08 22:59:06.218 [info] > git for-each-ref --format=%(refname)%00%(upstream:short)%00%(objectname)%00%(upstream:track)%00%(upstream:remotename)%00%(upstream:remoteref) refs/heads/main refs/remotes/main [1ms]
2024-05-08 22:59:06.233 [info] > git status -z -uall [12ms]
2024-05-08 23:00:17.783 [info] > git config --get commit.template [10ms]
2024-05-08 23:00:17.785 [info] > git for-each-ref --format=%(refname)%00%(upstream:short)%00%(objectname)%00%(upstream:track)%00%(upstream:remotename)%00%(upstream:remoteref) refs/heads/main refs/remotes/main [3ms]
2024-05-08 23:00:17.809 [info] > git status -z -uall [15ms]
2024-05-08 23:00:21.679 [info] > git show --textconv :app/Models/User.php [6ms]
2024-05-08 23:00:21.679 [info] > git ls-files --stage -- /home/kyawkyawlin/Laravel_Projects/personal/api/laravel8-api-auth-jwt/app/Models/User.php [1ms]
2024-05-08 23:00:21.683 [info] > git cat-file -s afe213b58f15eaa7a85870410058410662dd3ec1 [1ms]
2024-05-08 23:00:22.820 [info] > git config --get commit.template [4ms]
2024-05-08 23:00:22.820 [info] > git for-each-ref --format=%(refname)%00%(upstream:short)%00%(objectname)%00%(upstream:track)%00%(upstream:remotename)%00%(upstream:remoteref) refs/heads/main refs/remotes/main [1ms]
2024-05-08 23:00:22.836 [info] > git status -z -uall [13ms]
2024-05-08 23:00:28.837 [info] > git config --get commit.template [8ms]
2024-05-08 23:00:28.838 [info] > git for-each-ref --format=%(refname)%00%(upstream:short)%00%(objectname)%00%(upstream:track)%00%(upstream:remotename)%00%(upstream:remoteref) refs/heads/main refs/remotes/main [2ms]
2024-05-08 23:00:28.863 [info] > git status -z -uall [15ms]
2024-05-08 23:00:57.519 [info] > git config --get commit.template [9ms]
2024-05-08 23:00:57.520 [info] > git for-each-ref --format=%(refname)%00%(upstream:short)%00%(objectname)%00%(upstream:track)%00%(upstream:remotename)%00%(upstream:remoteref) refs/heads/main refs/remotes/main [2ms]
2024-05-08 23:00:57.545 [info] > git status -z -uall [17ms]
2024-05-08 23:01:00.914 [info] > git show --textconv :app/Http/Controllers/AuthController.php [4ms]
2024-05-08 23:01:00.915 [info] > git ls-files --stage -- /home/kyawkyawlin/Laravel_Projects/personal/api/laravel8-api-auth-jwt/app/Http/Controllers/AuthController.php [1ms]
2024-05-08 23:01:00.919 [info] > git cat-file -s fa404c29c7bd4ff32e05281b67c09a061b2c8eb4 [1ms]
2024-05-08 23:01:02.555 [info] > git config --get commit.template [3ms]
2024-05-08 23:01:02.556 [info] > git for-each-ref --format=%(refname)%00%(upstream:short)%00%(objectname)%00%(upstream:track)%00%(upstream:remotename)%00%(upstream:remoteref) refs/heads/main refs/remotes/main [1ms]
2024-05-08 23:01:02.571 [info] > git status -z -uall [12ms]
2024-05-08 23:01:07.580 [info] > git config --get commit.template [4ms]
2024-05-08 23:01:07.580 [info] > git for-each-ref --format=%(refname)%00%(upstream:short)%00%(objectname)%00%(upstream:track)%00%(upstream:remotename)%00%(upstream:remoteref) refs/heads/main refs/remotes/main [1ms]
2024-05-08 23:01:07.599 [info] > git status -z -uall [16ms]
2024-05-08 23:01:12.608 [info] > git config --get commit.template [3ms]
2024-05-08 23:01:12.608 [info] > git for-each-ref --format=%(refname)%00%(upstream:short)%00%(objectname)%00%(upstream:track)%00%(upstream:remotename)%00%(upstream:remoteref) refs/heads/main refs/remotes/main [1ms]
2024-05-08 23:01:12.623 [info] > git status -z -uall [12ms]
2024-05-08 23:01:19.931 [info] > git config --get commit.template [12ms]
2024-05-08 23:01:19.933 [info] > git for-each-ref --format=%(refname)%00%(upstream:short)%00%(objectname)%00%(upstream:track)%00%(upstream:remotename)%00%(upstream:remoteref) refs/heads/main refs/remotes/main [3ms]
2024-05-08 23:01:19.959 [info] > git status -z -uall [17ms]
2024-05-08 23:01:30.448 [info] > git config --get commit.template [4ms]
2024-05-08 23:01:30.449 [info] > git for-each-ref --format=%(refname)%00%(upstream:short)%00%(objectname)%00%(upstream:track)%00%(upstream:remotename)%00%(upstream:remoteref) refs/heads/main refs/remotes/main [1ms]
2024-05-08 23:01:30.465 [info] > git status -z -uall [13ms]
2024-05-08 23:01:35.472 [info] > git config --get commit.template [3ms]
2024-05-08 23:01:35.473 [info] > git for-each-ref --format=%(refname)%00%(upstream:short)%00%(objectname)%00%(upstream:track)%00%(upstream:remotename)%00%(upstream:remoteref) refs/heads/main refs/remotes/main [1ms]
2024-05-08 23:01:35.488 [info] > git status -z -uall [12ms]
2024-05-08 23:01:40.496 [info] > git config --get commit.template [3ms]
2024-05-08 23:01:40.497 [info] > git for-each-ref --format=%(refname)%00%(upstream:short)%00%(objectname)%00%(upstream:track)%00%(upstream:remotename)%00%(upstream:remoteref) refs/heads/main refs/remotes/main [1ms]
2024-05-08 23:01:40.511 [info] > git status -z -uall [12ms]
2024-05-08 23:01:45.519 [info] > git config --get commit.template [3ms]
2024-05-08 23:01:45.519 [info] > git for-each-ref --format=%(refname)%00%(upstream:short)%00%(objectname)%00%(upstream:track)%00%(upstream:remotename)%00%(upstream:remoteref) refs/heads/main refs/remotes/main [0ms]
2024-05-08 23:01:45.534 [info] > git status -z -uall [12ms]
2024-05-08 23:01:52.658 [info] > git config --get commit.template [12ms]
2024-05-08 23:01:52.658 [info] > git for-each-ref --format=%(refname)%00%(upstream:short)%00%(objectname)%00%(upstream:track)%00%(upstream:remotename)%00%(upstream:remoteref) refs/heads/main refs/remotes/main [1ms]
2024-05-08 23:01:52.678 [info] > git status -z -uall [14ms]
2024-05-08 23:02:02.100 [info] > git config --get commit.template [2ms]
2024-05-08 23:02:02.111 [info] > git for-each-ref --format=%(refname)%00%(upstream:short)%00%(objectname)%00%(upstream:track)%00%(upstream:remotename)%00%(upstream:remoteref) refs/heads/main refs/remotes/main [3ms]
2024-05-08 23:02:02.130 [info] > git status -z -uall [15ms]
2024-05-08 23:02:13.105 [info] > git config --get commit.template [10ms]
2024-05-08 23:02:13.106 [info] > git for-each-ref --format=%(refname)%00%(upstream:short)%00%(objectname)%00%(upstream:track)%00%(upstream:remotename)%00%(upstream:remoteref) refs/heads/main refs/remotes/main [1ms]
2024-05-08 23:02:13.124 [info] > git status -z -uall [15ms]
2024-05-08 23:02:23.546 [info] > git config --get commit.template [4ms]
2024-05-08 23:02:23.546 [info] > git for-each-ref --format=%(refname)%00%(upstream:short)%00%(objectname)%00%(upstream:track)%00%(upstream:remotename)%00%(upstream:remoteref) refs/heads/main refs/remotes/main [1ms]
2024-05-08 23:02:23.561 [info] > git status -z -uall [12ms]
2024-05-08 23:02:28.571 [info] > git config --get commit.template [3ms]
2024-05-08 23:02:28.572 [info] > git for-each-ref --format=%(refname)%00%(upstream:short)%00%(objectname)%00%(upstream:track)%00%(upstream:remotename)%00%(upstream:remoteref) refs/heads/main refs/remotes/main [1ms]
2024-05-08 23:02:28.587 [info] > git status -z -uall [12ms]
2024-05-08 23:02:33.596 [info] > git config --get commit.template [3ms]
2024-05-08 23:02:33.596 [info] > git for-each-ref --format=%(refname)%00%(upstream:short)%00%(objectname)%00%(upstream:track)%00%(upstream:remotename)%00%(upstream:remoteref) refs/heads/main refs/remotes/main [1ms]
2024-05-08 23:02:33.612 [info] > git status -z -uall [13ms]
2024-05-08 23:02:38.930 [info] > git config --get commit.template [2ms]
2024-05-08 23:02:38.938 [info] > git for-each-ref --format=%(refname)%00%(upstream:short)%00%(objectname)%00%(upstream:track)%00%(upstream:remotename)%00%(upstream:remoteref) refs/heads/main refs/remotes/main [2ms]
2024-05-08 23:02:38.960 [info] > git status -z -uall [14ms]
2024-05-08 23:02:43.969 [info] > git config --get commit.template [3ms]
2024-05-08 23:02:43.969 [info] > git for-each-ref --format=%(refname)%00%(upstream:short)%00%(objectname)%00%(upstream:track)%00%(upstream:remotename)%00%(upstream:remoteref) refs/heads/main refs/remotes/main [0ms]
2024-05-08 23:02:43.985 [info] > git status -z -uall [13ms]
2024-05-08 23:02:48.997 [info] > git config --get commit.template [4ms]
2024-05-08 23:02:48.998 [info] > git for-each-ref --format=%(refname)%00%(upstream:short)%00%(objectname)%00%(upstream:track)%00%(upstream:remotename)%00%(upstream:remoteref) refs/heads/main refs/remotes/main [1ms]
2024-05-08 23:02:49.014 [info] > git status -z -uall [13ms]
2024-05-08 23:02:57.992 [info] > git config --get commit.template [2ms]
2024-05-08 23:02:58.009 [info] > git for-each-ref --format=%(refname)%00%(upstream:short)%00%(objectname)%00%(upstream:track)%00%(upstream:remotename)%00%(upstream:remoteref) refs/heads/main refs/remotes/main [3ms]
2024-05-08 23:02:58.033 [info] > git status -z -uall [16ms]
2024-05-08 23:03:03.042 [info] > git config --get commit.template [3ms]
2024-05-08 23:03:03.042 [info] > git for-each-ref --format=%(refname)%00%(upstream:short)%00%(objectname)%00%(upstream:track)%00%(upstream:remotename)%00%(upstream:remoteref) refs/heads/main refs/remotes/main [1ms]
2024-05-08 23:03:03.057 [info] > git status -z -uall [12ms]
2024-05-08 23:03:08.067 [info] > git config --get commit.template [4ms]
2024-05-08 23:03:08.068 [info] > git for-each-ref --format=%(refname)%00%(upstream:short)%00%(objectname)%00%(upstream:track)%00%(upstream:remotename)%00%(upstream:remoteref) refs/heads/main refs/remotes/main [1ms]
2024-05-08 23:03:08.083 [info] > git status -z -uall [12ms]
2024-05-08 23:03:13.093 [info] > git config --get commit.template [4ms]
2024-05-08 23:03:13.093 [info] > git for-each-ref --format=%(refname)%00%(upstream:short)%00%(objectname)%00%(upstream:track)%00%(upstream:remotename)%00%(upstream:remoteref) refs/heads/main refs/remotes/main [1ms]
2024-05-08 23:03:13.109 [info] > git status -z -uall [12ms]
2024-05-08 23:03:18.162 [info] > git config --get commit.template [11ms]
2024-05-08 23:03:18.167 [info] > git for-each-ref --format=%(refname)%00%(upstream:short)%00%(objectname)%00%(upstream:track)%00%(upstream:remotename)%00%(upstream:remoteref) refs/heads/main refs/remotes/main [6ms]
2024-05-08 23:03:18.215 [info] > git status -z -uall [36ms]
2024-05-08 23:03:23.223 [info] > git config --get commit.template [3ms]
2024-05-08 23:03:23.224 [info] > git for-each-ref --format=%(refname)%00%(upstream:short)%00%(objectname)%00%(upstream:track)%00%(upstream:remotename)%00%(upstream:remoteref) refs/heads/main refs/remotes/main [1ms]
2024-05-08 23:03:23.239 [info] > git status -z -uall [12ms]
2024-05-08 23:03:28.247 [info] > git config --get commit.template [3ms]
2024-05-08 23:03:28.248 [info] > git for-each-ref --format=%(refname)%00%(upstream:short)%00%(objectname)%00%(upstream:track)%00%(upstream:remotename)%00%(upstream:remoteref) refs/heads/main refs/remotes/main [1ms]
2024-05-08 23:03:28.262 [info] > git status -z -uall [12ms]
2024-05-08 23:03:33.271 [info] > git config --get commit.template [3ms]
2024-05-08 23:03:33.271 [info] > git for-each-ref --format=%(refname)%00%(upstream:short)%00%(objectname)%00%(upstream:track)%00%(upstream:remotename)%00%(upstream:remoteref) refs/heads/main refs/remotes/main [1ms]
2024-05-08 23:03:33.286 [info] > git status -z -uall [12ms]
2024-05-08 23:03:38.296 [info] > git config --get commit.template [3ms]
2024-05-08 23:03:38.297 [info] > git for-each-ref --format=%(refname)%00%(upstream:short)%00%(objectname)%00%(upstream:track)%00%(upstream:remotename)%00%(upstream:remoteref) refs/heads/main refs/remotes/main [1ms]
2024-05-08 23:03:38.314 [info] > git status -z -uall [13ms]
2024-05-08 23:03:43.323 [info] > git config --get commit.template [3ms]
2024-05-08 23:03:43.323 [info] > git for-each-ref --format=%(refname)%00%(upstream:short)%00%(objectname)%00%(upstream:track)%00%(upstream:remotename)%00%(upstream:remoteref) refs/heads/main refs/remotes/main [1ms]
2024-05-08 23:03:43.339 [info] > git status -z -uall [12ms]
2024-05-08 23:03:55.255 [info] > git config --get commit.template [10ms]
2024-05-08 23:03:55.257 [info] > git for-each-ref --format=%(refname)%00%(upstream:short)%00%(objectname)%00%(upstream:track)%00%(upstream:remotename)%00%(upstream:remoteref) refs/heads/main refs/remotes/main [2ms]
2024-05-08 23:03:55.277 [info] > git status -z -uall [14ms]
2024-05-08 23:04:00.285 [info] > git config --get commit.template [3ms]
2024-05-08 23:04:00.286 [info] > git for-each-ref --format=%(refname)%00%(upstream:short)%00%(objectname)%00%(upstream:track)%00%(upstream:remotename)%00%(upstream:remoteref) refs/heads/main refs/remotes/main [1ms]
2024-05-08 23:04:00.300 [info] > git status -z -uall [11ms]
2024-05-08 23:04:05.316 [info] > git config --get commit.template [7ms]
2024-05-08 23:04:05.319 [info] > git for-each-ref --format=%(refname)%00%(upstream:short)%00%(objectname)%00%(upstream:track)%00%(upstream:remotename)%00%(upstream:remoteref) refs/heads/main refs/remotes/main [3ms]
2024-05-08 23:04:05.341 [info] > git status -z -uall [14ms]
2024-05-08 23:04:10.349 [info] > git config --get commit.template [3ms]
2024-05-08 23:04:10.349 [info] > git for-each-ref --format=%(refname)%00%(upstream:short)%00%(objectname)%00%(upstream:track)%00%(upstream:remotename)%00%(upstream:remoteref) refs/heads/main refs/remotes/main [0ms]
2024-05-08 23:04:10.365 [info] > git status -z -uall [13ms]
2024-05-08 23:04:15.374 [info] > git config --get commit.template [3ms]
2024-05-08 23:04:15.375 [info] > git for-each-ref --format=%(refname)%00%(upstream:short)%00%(objectname)%00%(upstream:track)%00%(upstream:remotename)%00%(upstream:remoteref) refs/heads/main refs/remotes/main [1ms]
2024-05-08 23:04:15.390 [info] > git status -z -uall [12ms]
2024-05-08 23:04:21.174 [info] > git config --get commit.template [7ms]
2024-05-08 23:04:21.175 [info] > git for-each-ref --format=%(refname)%00%(upstream:short)%00%(objectname)%00%(upstream:track)%00%(upstream:remotename)%00%(upstream:remoteref) refs/heads/main refs/remotes/main [1ms]
2024-05-08 23:04:21.193 [info] > git status -z -uall [14ms]
2024-05-08 23:04:26.202 [info] > git config --get commit.template [4ms]
2024-05-08 23:04:26.202 [info] > git for-each-ref --format=%(refname)%00%(upstream:short)%00%(objectname)%00%(upstream:track)%00%(upstream:remotename)%00%(upstream:remoteref) refs/heads/main refs/remotes/main [1ms]
2024-05-08 23:04:26.220 [info] > git status -z -uall [14ms]
2024-05-08 23:04:31.228 [info] > git config --get commit.template [4ms]
2024-05-08 23:04:31.228 [info] > git for-each-ref --format=%(refname)%00%(upstream:short)%00%(objectname)%00%(upstream:track)%00%(upstream:remotename)%00%(upstream:remoteref) refs/heads/main refs/remotes/main [1ms]
2024-05-08 23:04:31.244 [info] > git status -z -uall [12ms]
2024-05-08 23:04:36.252 [info] > git config --get commit.template [3ms]
2024-05-08 23:04:36.253 [info] > git for-each-ref --format=%(refname)%00%(upstream:short)%00%(objectname)%00%(upstream:track)%00%(upstream:remotename)%00%(upstream:remoteref) refs/heads/main refs/remotes/main [1ms]
2024-05-08 23:04:36.268 [info] > git status -z -uall [13ms]
2024-05-08 23:04:41.276 [info] > git config --get commit.template [3ms]
2024-05-08 23:04:41.276 [info] > git for-each-ref --format=%(refname)%00%(upstream:short)%00%(objectname)%00%(upstream:track)%00%(upstream:remotename)%00%(upstream:remoteref) refs/heads/main refs/remotes/main [1ms]
2024-05-08 23:04:41.292 [info] > git status -z -uall [13ms]
2024-05-08 23:04:47.589 [info] > git config --get commit.template [12ms]
2024-05-08 23:04:47.590 [info] > git for-each-ref --format=%(refname)%00%(upstream:short)%00%(objectname)%00%(upstream:track)%00%(upstream:remotename)%00%(upstream:remoteref) refs/heads/main refs/remotes/main [1ms]
2024-05-08 23:04:47.609 [info] > git status -z -uall [14ms]
2024-05-08 23:04:52.637 [info] > git config --get commit.template [17ms]
2024-05-08 23:04:52.639 [info] > git for-each-ref --format=%(refname)%00%(upstream:short)%00%(objectname)%00%(upstream:track)%00%(upstream:remotename)%00%(upstream:remoteref) refs/heads/main refs/remotes/main [3ms]
2024-05-08 23:04:52.666 [info] > git status -z -uall [23ms]
2024-05-08 23:04:57.690 [info] > git config --get commit.template [11ms]
2024-05-08 23:04:57.692 [info] > git for-each-ref --format=%(refname)%00%(upstream:short)%00%(objectname)%00%(upstream:track)%00%(upstream:remotename)%00%(upstream:remoteref) refs/heads/main refs/remotes/main [3ms]
2024-05-08 23:04:57.725 [info] > git status -z -uall [29ms]
2024-05-08 23:05:02.738 [info] > git config --get commit.template [4ms]
2024-05-08 23:05:02.738 [info] > git for-each-ref --format=%(refname)%00%(upstream:short)%00%(objectname)%00%(upstream:track)%00%(upstream:remotename)%00%(upstream:remoteref) refs/heads/main refs/remotes/main [1ms]
2024-05-08 23:05:02.756 [info] > git status -z -uall [13ms]
2024-05-08 23:05:44.707 [info] > git config --get commit.template [7ms]
2024-05-08 23:05:44.713 [info] > git for-each-ref --format=%(refname)%00%(upstream:short)%00%(objectname)%00%(upstream:track)%00%(upstream:remotename)%00%(upstream:remoteref) refs/heads/main refs/remotes/main [7ms]
2024-05-08 23:05:44.739 [info] > git status -z -uall [20ms]
2024-05-08 23:05:47.728 [info] > git ls-files --stage -- /home/kyawkyawlin/Laravel_Projects/personal/api/laravel8-api-auth-jwt/routes/api.php [1ms]
2024-05-08 23:05:47.731 [info] > git show --textconv :routes/api.php [7ms]
2024-05-08 23:05:47.731 [info] > git cat-file -s 5aaa789fc57e36a1841cccdf1fca590ec0174d9f [1ms]
2024-05-08 23:05:56.636 [info] > git config --get commit.template [8ms]
2024-05-08 23:05:56.637 [info] > git for-each-ref --format=%(refname)%00%(upstream:short)%00%(objectname)%00%(upstream:track)%00%(upstream:remotename)%00%(upstream:remoteref) refs/heads/main refs/remotes/main [2ms]
2024-05-08 23:05:56.658 [info] > git status -z -uall [14ms]
2024-05-08 23:06:05.472 [info] > git config --get commit.template [7ms]
2024-05-08 23:06:05.473 [info] > git for-each-ref --format=%(refname)%00%(upstream:short)%00%(objectname)%00%(upstream:track)%00%(upstream:remotename)%00%(upstream:remoteref) refs/heads/main refs/remotes/main [1ms]
2024-05-08 23:06:05.499 [info] > git status -z -uall [18ms]
2024-05-08 23:06:11.403 [info] > git config --get commit.template [3ms]
2024-05-08 23:06:11.404 [info] > git for-each-ref --format=%(refname)%00%(upstream:short)%00%(objectname)%00%(upstream:track)%00%(upstream:remotename)%00%(upstream:remoteref) refs/heads/main refs/remotes/main [1ms]
2024-05-08 23:06:11.419 [info] > git status -z -uall [12ms]
2024-05-08 23:06:16.803 [info] > git config --get commit.template [3ms]
2024-05-08 23:06:16.804 [info] > git for-each-ref --format=%(refname)%00%(upstream:short)%00%(objectname)%00%(upstream:track)%00%(upstream:remotename)%00%(upstream:remoteref) refs/heads/main refs/remotes/main [1ms]
2024-05-08 23:06:16.819 [info] > git status -z -uall [12ms]
2024-05-08 23:06:21.854 [info] > git config --get commit.template [3ms]
2024-05-08 23:06:21.854 [info] > git for-each-ref --format=%(refname)%00%(upstream:short)%00%(objectname)%00%(upstream:track)%00%(upstream:remotename)%00%(upstream:remoteref) refs/heads/main refs/remotes/main [1ms]
2024-05-08 23:06:21.869 [info] > git status -z -uall [12ms]
2024-05-08 23:06:35.916 [info] > git config --get commit.template [3ms]
2024-05-08 23:06:35.917 [info] > git for-each-ref --format=%(refname)%00%(upstream:short)%00%(objectname)%00%(upstream:track)%00%(upstream:remotename)%00%(upstream:remoteref) refs/heads/main refs/remotes/main [1ms]
2024-05-08 23:06:35.931 [info] > git status -z -uall [11ms]
2024-05-08 23:06:40.940 [info] > git config --get commit.template [3ms]
2024-05-08 23:06:40.941 [info] > git for-each-ref --format=%(refname)%00%(upstream:short)%00%(objectname)%00%(upstream:track)%00%(upstream:remotename)%00%(upstream:remoteref) refs/heads/main refs/remotes/main [1ms]
2024-05-08 23:06:40.955 [info] > git status -z -uall [11ms]
2024-05-08 23:06:50.772 [info] > git config --get commit.template [3ms]
2024-05-08 23:06:50.772 [info] > git for-each-ref --format=%(refname)%00%(upstream:short)%00%(objectname)%00%(upstream:track)%00%(upstream:remotename)%00%(upstream:remoteref) refs/heads/main refs/remotes/main [1ms]
2024-05-08 23:06:50.788 [info] > git status -z -uall [13ms]
2024-05-08 23:06:55.797 [info] > git config --get commit.template [2ms]
2024-05-08 23:06:55.797 [info] > git for-each-ref --format=%(refname)%00%(upstream:short)%00%(objectname)%00%(upstream:track)%00%(upstream:remotename)%00%(upstream:remoteref) refs/heads/main refs/remotes/main [1ms]
2024-05-08 23:06:55.812 [info] > git status -z -uall [12ms]
2024-05-08 23:06:58.191 [info] > git show --textconv :routes/api.php [5ms]
2024-05-08 23:06:58.192 [info] > git ls-files --stage -- /home/kyawkyawlin/Laravel_Projects/personal/api/laravel8-api-auth-jwt/routes/api.php [0ms]
2024-05-08 23:06:58.195 [info] > git cat-file -s 5aaa789fc57e36a1841cccdf1fca590ec0174d9f [1ms]
2024-05-08 23:07:00.919 [info] > git config --get commit.template [11ms]
2024-05-08 23:07:00.921 [info] > git for-each-ref --format=%(refname)%00%(upstream:short)%00%(objectname)%00%(upstream:track)%00%(upstream:remotename)%00%(upstream:remoteref) refs/heads/main refs/remotes/main [3ms]
2024-05-08 23:07:00.943 [info] > git status -z -uall [14ms]
2024-05-08 23:07:40.845 [info] > git config --get commit.template [9ms]
2024-05-08 23:07:40.846 [info] > git for-each-ref --format=%(refname)%00%(upstream:short)%00%(objectname)%00%(upstream:track)%00%(upstream:remotename)%00%(upstream:remoteref) refs/heads/main refs/remotes/main [2ms]
2024-05-08 23:07:40.865 [info] > git status -z -uall [13ms]
2024-05-08 23:07:48.143 [info] > git config --get commit.template [3ms]
2024-05-08 23:07:48.154 [info] > git for-each-ref --format=%(refname)%00%(upstream:short)%00%(objectname)%00%(upstream:track)%00%(upstream:remotename)%00%(upstream:remoteref) refs/heads/main refs/remotes/main [2ms]
2024-05-08 23:07:48.180 [info] > git status -z -uall [19ms]
2024-05-08 23:07:53.190 [info] > git config --get commit.template [3ms]
2024-05-08 23:07:53.191 [info] > git for-each-ref --format=%(refname)%00%(upstream:short)%00%(objectname)%00%(upstream:track)%00%(upstream:remotename)%00%(upstream:remoteref) refs/heads/main refs/remotes/main [1ms]
2024-05-08 23:07:53.206 [info] > git status -z -uall [12ms]
2024-05-08 23:08:26.545 [info] > git config --get commit.template [11ms]
2024-05-08 23:08:26.545 [info] > git for-each-ref --format=%(refname)%00%(upstream:short)%00%(objectname)%00%(upstream:track)%00%(upstream:remotename)%00%(upstream:remoteref) refs/heads/main refs/remotes/main [2ms]
2024-05-08 23:08:26.565 [info] > git status -z -uall [15ms]
2024-05-08 23:08:31.606 [info] > git config --get commit.template [8ms]
2024-05-08 23:08:31.606 [info] > git for-each-ref --format=%(refname)%00%(upstream:short)%00%(objectname)%00%(upstream:track)%00%(upstream:remotename)%00%(upstream:remoteref) refs/heads/main refs/remotes/main [1ms]
2024-05-08 23:08:31.626 [info] > git status -z -uall [16ms]
2024-05-08 23:08:36.636 [info] > git config --get commit.template [3ms]
2024-05-08 23:08:36.637 [info] > git for-each-ref --format=%(refname)%00%(upstream:short)%00%(objectname)%00%(upstream:track)%00%(upstream:remotename)%00%(upstream:remoteref) refs/heads/main refs/remotes/main [1ms]
2024-05-08 23:08:36.652 [info] > git status -z -uall [12ms]
2024-05-08 23:08:41.661 [info] > git config --get commit.template [3ms]
2024-05-08 23:08:41.662 [info] > git for-each-ref --format=%(refname)%00%(upstream:short)%00%(objectname)%00%(upstream:track)%00%(upstream:remotename)%00%(upstream:remoteref) refs/heads/main refs/remotes/main [1ms]
2024-05-08 23:08:41.677 [info] > git status -z -uall [12ms]
2024-05-08 23:09:07.283 [info] > git config --get commit.template [7ms]
2024-05-08 23:09:07.284 [info] > git for-each-ref --format=%(refname)%00%(upstream:short)%00%(objectname)%00%(upstream:track)%00%(upstream:remotename)%00%(upstream:remoteref) refs/heads/main refs/remotes/main [1ms]
2024-05-08 23:09:07.303 [info] > git status -z -uall [15ms]
2024-05-08 23:09:15.411 [info] > git config --get commit.template [6ms]
2024-05-08 23:09:15.412 [info] > git for-each-ref --format=%(refname)%00%(upstream:short)%00%(objectname)%00%(upstream:track)%00%(upstream:remotename)%00%(upstream:remoteref) refs/heads/main refs/remotes/main [2ms]
2024-05-08 23:09:15.432 [info] > git status -z -uall [17ms]
2024-05-08 23:09:20.769 [info] > git config --get commit.template [8ms]
2024-05-08 23:09:20.769 [info] > git for-each-ref --format=%(refname)%00%(upstream:short)%00%(objectname)%00%(upstream:track)%00%(upstream:remotename)%00%(upstream:remoteref) refs/heads/main refs/remotes/main [1ms]
2024-05-08 23:09:20.788 [info] > git status -z -uall [15ms]
2024-05-08 23:09:24.610 [info] > git show --textconv :app/Http/Controllers/AuthController.php [4ms]
2024-05-08 23:09:24.611 [info] > git ls-files --stage -- /home/kyawkyawlin/Laravel_Projects/personal/api/laravel8-api-auth-jwt/app/Http/Controllers/AuthController.php [2ms]
2024-05-08 23:09:24.615 [info] > git cat-file -s fa404c29c7bd4ff32e05281b67c09a061b2c8eb4 [1ms]
2024-05-08 23:09:25.797 [info] > git config --get commit.template [3ms]
2024-05-08 23:09:25.797 [info] > git for-each-ref --format=%(refname)%00%(upstream:short)%00%(objectname)%00%(upstream:track)%00%(upstream:remotename)%00%(upstream:remoteref) refs/heads/main refs/remotes/main [1ms]
2024-05-08 23:09:25.812 [info] > git status -z -uall [12ms]
2024-05-08 23:09:34.044 [info] > git show --textconv :routes/api.php [3ms]
2024-05-08 23:09:34.045 [info] > git ls-files --stage -- /home/kyawkyawlin/Laravel_Projects/personal/api/laravel8-api-auth-jwt/routes/api.php [1ms]
2024-05-08 23:09:34.049 [info] > git cat-file -s 5aaa789fc57e36a1841cccdf1fca590ec0174d9f [1ms]
2024-05-08 23:09:35.862 [info] > git config --get commit.template [4ms]
2024-05-08 23:09:35.863 [info] > git for-each-ref --format=%(refname)%00%(upstream:short)%00%(objectname)%00%(upstream:track)%00%(upstream:remotename)%00%(upstream:remoteref) refs/heads/main refs/remotes/main [1ms]
2024-05-08 23:09:35.879 [info] > git status -z -uall [13ms]
2024-05-08 23:09:40.888 [info] > git config --get commit.template [4ms]
2024-05-08 23:09:40.888 [info] > git for-each-ref --format=%(refname)%00%(upstream:short)%00%(objectname)%00%(upstream:track)%00%(upstream:remotename)%00%(upstream:remoteref) refs/heads/main refs/remotes/main [1ms]
2024-05-08 23:09:40.904 [info] > git status -z -uall [13ms]
2024-05-08 23:09:46.073 [info] > git config --get commit.template [5ms]
2024-05-08 23:09:46.074 [info] > git for-each-ref --format=%(refname)%00%(upstream:short)%00%(objectname)%00%(upstream:track)%00%(upstream:remotename)%00%(upstream:remoteref) refs/heads/main refs/remotes/main [2ms]
2024-05-08 23:09:46.095 [info] > git status -z -uall [14ms]
2024-05-08 23:09:51.104 [info] > git config --get commit.template [3ms]
2024-05-08 23:09:51.104 [info] > git for-each-ref --format=%(refname)%00%(upstream:short)%00%(objectname)%00%(upstream:track)%00%(upstream:remotename)%00%(upstream:remoteref) refs/heads/main refs/remotes/main [0ms]
2024-05-08 23:09:51.119 [info] > git status -z -uall [12ms]
2024-05-08 23:10:22.816 [info] > git config --get commit.template [5ms]
2024-05-08 23:10:22.816 [info] > git for-each-ref --format=%(refname)%00%(upstream:short)%00%(objectname)%00%(upstream:track)%00%(upstream:remotename)%00%(upstream:remoteref) refs/heads/main refs/remotes/main [1ms]
2024-05-08 23:10:22.834 [info] > git status -z -uall [14ms]
2024-05-08 23:10:26.103 [info] > git show --textconv :app/Http/Controllers/AuthController.php [4ms]
2024-05-08 23:10:26.104 [info] > git ls-files --stage -- /home/kyawkyawlin/Laravel_Projects/personal/api/laravel8-api-auth-jwt/app/Http/Controllers/AuthController.php [2ms]
2024-05-08 23:10:26.110 [info] > git cat-file -s fa404c29c7bd4ff32e05281b67c09a061b2c8eb4 [1ms]
2024-05-08 23:10:27.843 [info] > git config --get commit.template [3ms]
2024-05-08 23:10:27.843 [info] > git for-each-ref --format=%(refname)%00%(upstream:short)%00%(objectname)%00%(upstream:track)%00%(upstream:remotename)%00%(upstream:remoteref) refs/heads/main refs/remotes/main [0ms]
2024-05-08 23:10:27.858 [info] > git status -z -uall [12ms]
2024-05-08 23:10:33.884 [info] > git config --get commit.template [9ms]
2024-05-08 23:10:33.885 [info] > git for-each-ref --format=%(refname)%00%(upstream:short)%00%(objectname)%00%(upstream:track)%00%(upstream:remotename)%00%(upstream:remoteref) refs/heads/main refs/remotes/main [2ms]
2024-05-08 23:10:33.907 [info] > git status -z -uall [15ms]
2024-05-08 23:10:38.916 [info] > git config --get commit.template [4ms]
2024-05-08 23:10:38.916 [info] > git for-each-ref --format=%(refname)%00%(upstream:short)%00%(objectname)%00%(upstream:track)%00%(upstream:remotename)%00%(upstream:remoteref) refs/heads/main refs/remotes/main [1ms]
2024-05-08 23:10:38.932 [info] > git status -z -uall [13ms]
2024-05-08 23:10:50.028 [info] > git config --get commit.template [11ms]
2024-05-08 23:10:50.029 [info] > git for-each-ref --format=%(refname)%00%(upstream:short)%00%(objectname)%00%(upstream:track)%00%(upstream:remotename)%00%(upstream:remoteref) refs/heads/main refs/remotes/main [2ms]
2024-05-08 23:10:50.047 [info] > git status -z -uall [14ms]
2024-05-08 23:11:17.971 [info] > git config --get commit.template [8ms]
2024-05-08 23:11:17.972 [info] > git for-each-ref --format=%(refname)%00%(upstream:short)%00%(objectname)%00%(upstream:track)%00%(upstream:remotename)%00%(upstream:remoteref) refs/heads/main refs/remotes/main [2ms]
2024-05-08 23:11:17.999 [info] > git status -z -uall [16ms]
2024-05-08 23:11:23.012 [info] > git config --get commit.template [6ms]
2024-05-08 23:11:23.012 [info] > git for-each-ref --format=%(refname)%00%(upstream:short)%00%(objectname)%00%(upstream:track)%00%(upstream:remotename)%00%(upstream:remoteref) refs/heads/main refs/remotes/main [1ms]
2024-05-08 23:11:23.028 [info] > git status -z -uall [12ms]
2024-05-08 23:11:28.036 [info] > git config --get commit.template [3ms]
2024-05-08 23:11:28.037 [info] > git for-each-ref --format=%(refname)%00%(upstream:short)%00%(objectname)%00%(upstream:track)%00%(upstream:remotename)%00%(upstream:remoteref) refs/heads/main refs/remotes/main [1ms]
2024-05-08 23:11:28.053 [info] > git status -z -uall [13ms]
2024-05-08 23:11:33.067 [info] > git config --get commit.template [6ms]
2024-05-08 23:11:33.068 [info] > git for-each-ref --format=%(refname)%00%(upstream:short)%00%(objectname)%00%(upstream:track)%00%(upstream:remotename)%00%(upstream:remoteref) refs/heads/main refs/remotes/main [1ms]
2024-05-08 23:11:33.086 [info] > git status -z -uall [14ms]
2024-05-08 23:11:41.676 [info] > git config --get commit.template [5ms]
2024-05-08 23:11:41.676 [info] > git for-each-ref --format=%(refname)%00%(upstream:short)%00%(objectname)%00%(upstream:track)%00%(upstream:remotename)%00%(upstream:remoteref) refs/heads/main refs/remotes/main [1ms]
2024-05-08 23:11:41.705 [info] > git status -z -uall [21ms]
2024-05-08 23:11:46.713 [info] > git config --get commit.template [3ms]
2024-05-08 23:11:46.714 [info] > git for-each-ref --format=%(refname)%00%(upstream:short)%00%(objectname)%00%(upstream:track)%00%(upstream:remotename)%00%(upstream:remoteref) refs/heads/main refs/remotes/main [1ms]
2024-05-08 23:11:46.730 [info] > git status -z -uall [13ms]
2024-05-08 23:11:57.157 [info] > git config --get commit.template [13ms]
2024-05-08 23:11:57.159 [info] > git for-each-ref --format=%(refname)%00%(upstream:short)%00%(objectname)%00%(upstream:track)%00%(upstream:remotename)%00%(upstream:remoteref) refs/heads/main refs/remotes/main [3ms]
2024-05-08 23:11:57.178 [info] > git status -z -uall [14ms]
2024-05-08 23:12:02.188 [info] > git config --get commit.template [3ms]
2024-05-08 23:12:02.188 [info] > git for-each-ref --format=%(refname)%00%(upstream:short)%00%(objectname)%00%(upstream:track)%00%(upstream:remotename)%00%(upstream:remoteref) refs/heads/main refs/remotes/main [1ms]
2024-05-08 23:12:02.203 [info] > git status -z -uall [12ms]
2024-05-08 23:12:18.633 [info] > git config --get commit.template [3ms]
2024-05-08 23:12:18.634 [info] > git for-each-ref --format=%(refname)%00%(upstream:short)%00%(objectname)%00%(upstream:track)%00%(upstream:remotename)%00%(upstream:remoteref) refs/heads/main refs/remotes/main [1ms]
2024-05-08 23:12:18.651 [info] > git status -z -uall [14ms]
2024-05-08 23:12:23.661 [info] > git config --get commit.template [3ms]
2024-05-08 23:12:23.661 [info] > git for-each-ref --format=%(refname)%00%(upstream:short)%00%(objectname)%00%(upstream:track)%00%(upstream:remotename)%00%(upstream:remoteref) refs/heads/main refs/remotes/main [1ms]
2024-05-08 23:12:23.676 [info] > git status -z -uall [12ms]
2024-05-08 23:12:28.689 [info] > git config --get commit.template [3ms]
2024-05-08 23:12:28.689 [info] > git for-each-ref --format=%(refname)%00%(upstream:short)%00%(objectname)%00%(upstream:track)%00%(upstream:remotename)%00%(upstream:remoteref) refs/heads/main refs/remotes/main [1ms]
2024-05-08 23:12:28.707 [info] > git status -z -uall [14ms]
2024-05-08 23:12:33.716 [info] > git config --get commit.template [3ms]
2024-05-08 23:12:33.716 [info] > git for-each-ref --format=%(refname)%00%(upstream:short)%00%(objectname)%00%(upstream:track)%00%(upstream:remotename)%00%(upstream:remoteref) refs/heads/main refs/remotes/main [1ms]
2024-05-08 23:12:33.731 [info] > git status -z -uall [12ms]
2024-05-08 23:12:40.794 [info] > git config --get commit.template [14ms]
2024-05-08 23:12:40.796 [info] > git for-each-ref --format=%(refname)%00%(upstream:short)%00%(objectname)%00%(upstream:track)%00%(upstream:remotename)%00%(upstream:remoteref) refs/heads/main refs/remotes/main [4ms]
2024-05-08 23:12:40.816 [info] > git status -z -uall [16ms]
2024-05-08 23:12:45.827 [info] > git config --get commit.template [3ms]
2024-05-08 23:12:45.828 [info] > git for-each-ref --format=%(refname)%00%(upstream:short)%00%(objectname)%00%(upstream:track)%00%(upstream:remotename)%00%(upstream:remoteref) refs/heads/main refs/remotes/main [1ms]
2024-05-08 23:12:45.843 [info] > git status -z -uall [12ms]
2024-05-08 23:12:50.851 [info] > git config --get commit.template [3ms]
2024-05-08 23:12:50.852 [info] > git for-each-ref --format=%(refname)%00%(upstream:short)%00%(objectname)%00%(upstream:track)%00%(upstream:remotename)%00%(upstream:remoteref) refs/heads/main refs/remotes/main [1ms]
2024-05-08 23:12:50.867 [info] > git status -z -uall [12ms]
2024-05-08 23:12:55.878 [info] > git config --get commit.template [4ms]
2024-05-08 23:12:55.878 [info] > git for-each-ref --format=%(refname)%00%(upstream:short)%00%(objectname)%00%(upstream:track)%00%(upstream:remotename)%00%(upstream:remoteref) refs/heads/main refs/remotes/main [1ms]
2024-05-08 23:12:55.895 [info] > git status -z -uall [13ms]
2024-05-08 23:13:00.903 [info] > git config --get commit.template [3ms]
2024-05-08 23:13:00.904 [info] > git for-each-ref --format=%(refname)%00%(upstream:short)%00%(objectname)%00%(upstream:track)%00%(upstream:remotename)%00%(upstream:remoteref) refs/heads/main refs/remotes/main [1ms]
2024-05-08 23:13:00.921 [info] > git status -z -uall [14ms]
2024-05-08 23:13:05.931 [info] > git config --get commit.template [3ms]
2024-05-08 23:13:05.932 [info] > git for-each-ref --format=%(refname)%00%(upstream:short)%00%(objectname)%00%(upstream:track)%00%(upstream:remotename)%00%(upstream:remoteref) refs/heads/main refs/remotes/main [1ms]
2024-05-08 23:13:05.948 [info] > git status -z -uall [13ms]
2024-05-08 23:13:10.957 [info] > git config --get commit.template [3ms]
2024-05-08 23:13:10.958 [info] > git for-each-ref --format=%(refname)%00%(upstream:short)%00%(objectname)%00%(upstream:track)%00%(upstream:remotename)%00%(upstream:remoteref) refs/heads/main refs/remotes/main [1ms]
2024-05-08 23:13:10.974 [info] > git status -z -uall [12ms]
2024-05-08 23:14:01.306 [info] > git config --get commit.template [12ms]
2024-05-08 23:14:01.307 [info] > git for-each-ref --format=%(refname)%00%(upstream:short)%00%(objectname)%00%(upstream:track)%00%(upstream:remotename)%00%(upstream:remoteref) refs/heads/main refs/remotes/main [2ms]
2024-05-08 23:14:01.330 [info] > git status -z -uall [16ms]
2024-05-08 23:14:22.015 [info] > git config --get commit.template [13ms]
2024-05-08 23:14:22.017 [info] > git for-each-ref --format=%(refname)%00%(upstream:short)%00%(objectname)%00%(upstream:track)%00%(upstream:remotename)%00%(upstream:remoteref) refs/heads/main refs/remotes/main [3ms]
2024-05-08 23:14:22.038 [info] > git status -z -uall [14ms]
2024-05-08 23:14:46.095 [info] > git config --get commit.template [17ms]
2024-05-08 23:14:46.096 [info] > git for-each-ref --format=%(refname)%00%(upstream:short)%00%(objectname)%00%(upstream:track)%00%(upstream:remotename)%00%(upstream:remoteref) refs/heads/main refs/remotes/main [1ms]
2024-05-08 23:14:46.117 [info] > git status -z -uall [15ms]
2024-05-08 23:14:51.128 [info] > git config --get commit.template [4ms]
2024-05-08 23:14:51.128 [info] > git for-each-ref --format=%(refname)%00%(upstream:short)%00%(objectname)%00%(upstream:track)%00%(upstream:remotename)%00%(upstream:remoteref) refs/heads/main refs/remotes/main [1ms]
2024-05-08 23:14:51.143 [info] > git status -z -uall [12ms]
2024-05-08 23:14:59.819 [info] > git config --get commit.template [9ms]
2024-05-08 23:14:59.819 [info] > git for-each-ref --format=%(refname)%00%(upstream:short)%00%(objectname)%00%(upstream:track)%00%(upstream:remotename)%00%(upstream:remoteref) refs/heads/main refs/remotes/main [1ms]
2024-05-08 23:14:59.838 [info] > git status -z -uall [15ms]
2024-05-08 23:15:04.849 [info] > git config --get commit.template [3ms]
2024-05-08 23:15:04.850 [info] > git for-each-ref --format=%(refname)%00%(upstream:short)%00%(objectname)%00%(upstream:track)%00%(upstream:remotename)%00%(upstream:remoteref) refs/heads/main refs/remotes/main [1ms]
2024-05-08 23:15:04.865 [info] > git status -z -uall [11ms]
2024-05-08 23:15:10.659 [info] > git config --get commit.template [12ms]
2024-05-08 23:15:10.663 [info] > git for-each-ref --format=%(refname)%00%(upstream:short)%00%(objectname)%00%(upstream:track)%00%(upstream:remotename)%00%(upstream:remoteref) refs/heads/main refs/remotes/main [5ms]
2024-05-08 23:15:10.700 [info] > git status -z -uall [26ms]
2024-05-08 23:15:20.516 [info] > git config --get commit.template [3ms]
2024-05-08 23:15:20.517 [info] > git for-each-ref --format=%(refname)%00%(upstream:short)%00%(objectname)%00%(upstream:track)%00%(upstream:remotename)%00%(upstream:remoteref) refs/heads/main refs/remotes/main [1ms]
2024-05-08 23:15:20.533 [info] > git status -z -uall [13ms]
2024-05-08 23:15:32.785 [info] > git config --get commit.template [13ms]
2024-05-08 23:15:32.786 [info] > git for-each-ref --format=%(refname)%00%(upstream:short)%00%(objectname)%00%(upstream:track)%00%(upstream:remotename)%00%(upstream:remoteref) refs/heads/main refs/remotes/main [1ms]
2024-05-08 23:15:32.804 [info] > git status -z -uall [14ms]
2024-05-08 23:15:37.814 [info] > git config --get commit.template [4ms]
2024-05-08 23:15:37.815 [info] > git for-each-ref --format=%(refname)%00%(upstream:short)%00%(objectname)%00%(upstream:track)%00%(upstream:remotename)%00%(upstream:remoteref) refs/heads/main refs/remotes/main [2ms]
2024-05-08 23:15:37.831 [info] > git status -z -uall [13ms]
2024-05-08 23:15:49.721 [info] > git config --get commit.template [14ms]
2024-05-08 23:15:49.723 [info] > git for-each-ref --format=%(refname)%00%(upstream:short)%00%(objectname)%00%(upstream:track)%00%(upstream:remotename)%00%(upstream:remoteref) refs/heads/main refs/remotes/main [3ms]
2024-05-08 23:15:49.746 [info] > git status -z -uall [15ms]
2024-05-08 23:16:19.892 [info] > git config --get commit.template [14ms]
2024-05-08 23:16:19.895 [info] > git for-each-ref --format=%(refname)%00%(upstream:short)%00%(objectname)%00%(upstream:track)%00%(upstream:remotename)%00%(upstream:remoteref) refs/heads/main refs/remotes/main [4ms]
2024-05-08 23:16:19.915 [info] > git status -z -uall [14ms]
2024-05-08 23:16:24.926 [info] > git config --get commit.template [3ms]
2024-05-08 23:16:24.926 [info] > git for-each-ref --format=%(refname)%00%(upstream:short)%00%(objectname)%00%(upstream:track)%00%(upstream:remotename)%00%(upstream:remoteref) refs/heads/main refs/remotes/main [1ms]
2024-05-08 23:16:24.942 [info] > git status -z -uall [13ms]
2024-05-08 23:16:30.250 [info] > git config --get commit.template [10ms]
2024-05-08 23:16:30.250 [info] > git for-each-ref --format=%(refname)%00%(upstream:short)%00%(objectname)%00%(upstream:track)%00%(upstream:remotename)%00%(upstream:remoteref) refs/heads/main refs/remotes/main [2ms]
2024-05-08 23:16:30.276 [info] > git status -z -uall [17ms]
2024-05-08 23:16:35.906 [info] > git config --get commit.template [4ms]
2024-05-08 23:16:35.907 [info] > git for-each-ref --format=%(refname)%00%(upstream:short)%00%(objectname)%00%(upstream:track)%00%(upstream:remotename)%00%(upstream:remoteref) refs/heads/main refs/remotes/main [2ms]
2024-05-08 23:16:35.928 [info] > git status -z -uall [16ms]
2024-05-08 23:16:40.937 [info] > git config --get commit.template [3ms]
2024-05-08 23:16:40.937 [info] > git for-each-ref --format=%(refname)%00%(upstream:short)%00%(objectname)%00%(upstream:track)%00%(upstream:remotename)%00%(upstream:remoteref) refs/heads/main refs/remotes/main [1ms]
2024-05-08 23:16:40.955 [info] > git status -z -uall [15ms]
2024-05-08 23:16:45.962 [info] > git config --get commit.template [1ms]
2024-05-08 23:16:45.968 [info] > git for-each-ref --format=%(refname)%00%(upstream:short)%00%(objectname)%00%(upstream:track)%00%(upstream:remotename)%00%(upstream:remoteref) refs/heads/main refs/remotes/main [3ms]
2024-05-08 23:16:45.988 [info] > git status -z -uall [13ms]
2024-05-08 23:16:50.996 [info] > git config --get commit.template [3ms]
2024-05-08 23:16:50.997 [info] > git for-each-ref --format=%(refname)%00%(upstream:short)%00%(objectname)%00%(upstream:track)%00%(upstream:remotename)%00%(upstream:remoteref) refs/heads/main refs/remotes/main [1ms]
2024-05-08 23:16:51.012 [info] > git status -z -uall [12ms]
2024-05-08 23:16:56.023 [info] > git config --get commit.template [4ms]
2024-05-08 23:16:56.023 [info] > git for-each-ref --format=%(refname)%00%(upstream:short)%00%(objectname)%00%(upstream:track)%00%(upstream:remotename)%00%(upstream:remoteref) refs/heads/main refs/remotes/main [1ms]
2024-05-08 23:16:56.039 [info] > git status -z -uall [12ms]
2024-05-08 23:17:01.047 [info] > git config --get commit.template [3ms]
2024-05-08 23:17:01.048 [info] > git for-each-ref --format=%(refname)%00%(upstream:short)%00%(objectname)%00%(upstream:track)%00%(upstream:remotename)%00%(upstream:remoteref) refs/heads/main refs/remotes/main [1ms]
2024-05-08 23:17:01.063 [info] > git status -z -uall [12ms]
2024-05-08 23:17:32.802 [info] > git config --get commit.template [14ms]
2024-05-08 23:17:32.805 [info] > git for-each-ref --format=%(refname)%00%(upstream:short)%00%(objectname)%00%(upstream:track)%00%(upstream:remotename)%00%(upstream:remoteref) refs/heads/main refs/remotes/main [4ms]
2024-05-08 23:17:32.826 [info] > git status -z -uall [14ms]
2024-05-08 23:17:37.836 [info] > git config --get commit.template [4ms]
2024-05-08 23:17:37.837 [info] > git for-each-ref --format=%(refname)%00%(upstream:short)%00%(objectname)%00%(upstream:track)%00%(upstream:remotename)%00%(upstream:remoteref) refs/heads/main refs/remotes/main [1ms]
2024-05-08 23:17:37.853 [info] > git status -z -uall [13ms]
2024-05-08 23:17:43.259 [info] > git config --get commit.template [4ms]
2024-05-08 23:17:43.259 [info] > git for-each-ref --format=%(refname)%00%(upstream:short)%00%(objectname)%00%(upstream:track)%00%(upstream:remotename)%00%(upstream:remoteref) refs/heads/main refs/remotes/main [1ms]
2024-05-08 23:17:43.275 [info] > git status -z -uall [13ms]
2024-05-08 23:17:48.805 [info] > git config --get commit.template [12ms]
2024-05-08 23:17:48.807 [info] > git for-each-ref --format=%(refname)%00%(upstream:short)%00%(objectname)%00%(upstream:track)%00%(upstream:remotename)%00%(upstream:remoteref) refs/heads/main refs/remotes/main [2ms]
2024-05-08 23:17:48.828 [info] > git status -z -uall [15ms]
2024-05-08 23:17:53.837 [info] > git config --get commit.template [3ms]
2024-05-08 23:17:53.837 [info] > git for-each-ref --format=%(refname)%00%(upstream:short)%00%(objectname)%00%(upstream:track)%00%(upstream:remotename)%00%(upstream:remoteref) refs/heads/main refs/remotes/main [1ms]
2024-05-08 23:17:53.852 [info] > git status -z -uall [12ms]
2024-05-08 23:18:04.872 [info] > git config --get commit.template [16ms]
2024-05-08 23:18:04.874 [info] > git for-each-ref --format=%(refname)%00%(upstream:short)%00%(objectname)%00%(upstream:track)%00%(upstream:remotename)%00%(upstream:remoteref) refs/heads/main refs/remotes/main [2ms]
2024-05-08 23:18:04.896 [info] > git status -z -uall [15ms]
2024-05-08 23:18:09.906 [info] > git config --get commit.template [3ms]
2024-05-08 23:18:09.907 [info] > git for-each-ref --format=%(refname)%00%(upstream:short)%00%(objectname)%00%(upstream:track)%00%(upstream:remotename)%00%(upstream:remoteref) refs/heads/main refs/remotes/main [1ms]
2024-05-08 23:18:09.925 [info] > git status -z -uall [13ms]
2024-05-08 23:18:14.933 [info] > git config --get commit.template [3ms]
2024-05-08 23:18:14.934 [info] > git for-each-ref --format=%(refname)%00%(upstream:short)%00%(objectname)%00%(upstream:track)%00%(upstream:remotename)%00%(upstream:remoteref) refs/heads/main refs/remotes/main [1ms]
2024-05-08 23:18:14.949 [info] > git status -z -uall [13ms]
2024-05-08 23:18:19.960 [info] > git config --get commit.template [4ms]
2024-05-08 23:18:19.960 [info] > git for-each-ref --format=%(refname)%00%(upstream:short)%00%(objectname)%00%(upstream:track)%00%(upstream:remotename)%00%(upstream:remoteref) refs/heads/main refs/remotes/main [1ms]
2024-05-08 23:18:19.976 [info] > git status -z -uall [13ms]
2024-05-08 23:18:24.985 [info] > git config --get commit.template [4ms]
2024-05-08 23:18:24.985 [info] > git for-each-ref --format=%(refname)%00%(upstream:short)%00%(objectname)%00%(upstream:track)%00%(upstream:remotename)%00%(upstream:remoteref) refs/heads/main refs/remotes/main [1ms]
2024-05-08 23:18:25.000 [info] > git status -z -uall [12ms]
2024-05-08 23:18:30.012 [info] > git config --get commit.template [4ms]
2024-05-08 23:18:30.012 [info] > git for-each-ref --format=%(refname)%00%(upstream:short)%00%(objectname)%00%(upstream:track)%00%(upstream:remotename)%00%(upstream:remoteref) refs/heads/main refs/remotes/main [1ms]
2024-05-08 23:18:30.031 [info] > git status -z -uall [15ms]
2024-05-08 23:18:35.039 [info] > git config --get commit.template [3ms]
2024-05-08 23:18:35.040 [info] > git for-each-ref --format=%(refname)%00%(upstream:short)%00%(objectname)%00%(upstream:track)%00%(upstream:remotename)%00%(upstream:remoteref) refs/heads/main refs/remotes/main [1ms]
2024-05-08 23:18:35.055 [info] > git status -z -uall [12ms]
2024-05-08 23:18:40.064 [info] > git config --get commit.template [3ms]
2024-05-08 23:18:40.065 [info] > git for-each-ref --format=%(refname)%00%(upstream:short)%00%(objectname)%00%(upstream:track)%00%(upstream:remotename)%00%(upstream:remoteref) refs/heads/main refs/remotes/main [1ms]
2024-05-08 23:18:40.080 [info] > git status -z -uall [12ms]
2024-05-08 23:18:45.089 [info] > git config --get commit.template [3ms]
2024-05-08 23:18:45.090 [info] > git for-each-ref --format=%(refname)%00%(upstream:short)%00%(objectname)%00%(upstream:track)%00%(upstream:remotename)%00%(upstream:remoteref) refs/heads/main refs/remotes/main [1ms]
2024-05-08 23:18:45.106 [info] > git status -z -uall [13ms]
2024-05-08 23:18:55.045 [info] > git config --get commit.template [16ms]
2024-05-08 23:18:55.045 [info] > git for-each-ref --format=%(refname)%00%(upstream:short)%00%(objectname)%00%(upstream:track)%00%(upstream:remotename)%00%(upstream:remoteref) refs/heads/main refs/remotes/main [3ms]
2024-05-08 23:18:55.067 [info] > git status -z -uall [17ms]
2024-05-08 23:19:05.111 [info] > git config --get commit.template [3ms]
2024-05-08 23:19:05.124 [info] > git for-each-ref --format=%(refname)%00%(upstream:short)%00%(objectname)%00%(upstream:track)%00%(upstream:remotename)%00%(upstream:remoteref) refs/heads/main refs/remotes/main [1ms]
2024-05-08 23:19:05.143 [info] > git status -z -uall [14ms]
2024-05-08 23:19:10.153 [info] > git config --get commit.template [3ms]
2024-05-08 23:19:10.154 [info] > git for-each-ref --format=%(refname)%00%(upstream:short)%00%(objectname)%00%(upstream:track)%00%(upstream:remotename)%00%(upstream:remoteref) refs/heads/main refs/remotes/main [1ms]
2024-05-08 23:19:10.170 [info] > git status -z -uall [13ms]
2024-05-08 23:19:16.659 [info] > git config --get commit.template [4ms]
2024-05-08 23:19:16.659 [info] > git for-each-ref --format=%(refname)%00%(upstream:short)%00%(objectname)%00%(upstream:track)%00%(upstream:remotename)%00%(upstream:remoteref) refs/heads/main refs/remotes/main [1ms]
2024-05-08 23:19:16.675 [info] > git status -z -uall [12ms]
2024-05-08 23:19:31.007 [info] > git config --get commit.template [1ms]
2024-05-08 23:19:31.013 [info] > git for-each-ref --format=%(refname)%00%(upstream:short)%00%(objectname)%00%(upstream:track)%00%(upstream:remotename)%00%(upstream:remoteref) refs/heads/main refs/remotes/main [1ms]
2024-05-08 23:19:31.036 [info] > git status -z -uall [17ms]
2024-05-08 23:19:36.045 [info] > git config --get commit.template [4ms]
2024-05-08 23:19:36.046 [info] > git for-each-ref --format=%(refname)%00%(upstream:short)%00%(objectname)%00%(upstream:track)%00%(upstream:remotename)%00%(upstream:remoteref) refs/heads/main refs/remotes/main [2ms]
2024-05-08 23:19:36.063 [info] > git status -z -uall [14ms]
2024-05-08 23:19:41.075 [info] > git config --get commit.template [3ms]
2024-05-08 23:19:41.076 [info] > git for-each-ref --format=%(refname)%00%(upstream:short)%00%(objectname)%00%(upstream:track)%00%(upstream:remotename)%00%(upstream:remoteref) refs/heads/main refs/remotes/main [1ms]
2024-05-08 23:19:41.092 [info] > git status -z -uall [13ms]
2024-05-08 23:19:46.101 [info] > git config --get commit.template [3ms]
2024-05-08 23:19:46.101 [info] > git for-each-ref --format=%(refname)%00%(upstream:short)%00%(objectname)%00%(upstream:track)%00%(upstream:remotename)%00%(upstream:remoteref) refs/heads/main refs/remotes/main [1ms]
2024-05-08 23:19:46.117 [info] > git status -z -uall [13ms]
2024-05-08 23:20:25.648 [info] > git config --get commit.template [9ms]
2024-05-08 23:20:25.649 [info] > git for-each-ref --format=%(refname)%00%(upstream:short)%00%(objectname)%00%(upstream:track)%00%(upstream:remotename)%00%(upstream:remoteref) refs/heads/main refs/remotes/main [2ms]
2024-05-08 23:20:25.670 [info] > git status -z -uall [17ms]
2024-05-08 23:20:42.057 [info] > git show --textconv :config/sanctum.php [3ms]
2024-05-08 23:20:42.058 [info] > git ls-files --stage -- /home/kyawkyawlin/Laravel_Projects/personal/api/laravel8-api-auth-jwt/config/sanctum.php [1ms]
2024-05-08 23:20:42.063 [info] > git cat-file -s 9281c92db06ead0507154cab369fe303358cf0a6 [2ms]
2024-05-08 23:20:43.309 [info] > git config --get commit.template [3ms]
2024-05-08 23:20:43.309 [info] > git for-each-ref --format=%(refname)%00%(upstream:short)%00%(objectname)%00%(upstream:track)%00%(upstream:remotename)%00%(upstream:remoteref) refs/heads/main refs/remotes/main [1ms]
2024-05-08 23:20:43.324 [info] > git status -z -uall [11ms]
2024-05-08 23:20:48.332 [info] > git config --get commit.template [1ms]
2024-05-08 23:20:48.336 [info] > git for-each-ref --format=%(refname)%00%(upstream:short)%00%(objectname)%00%(upstream:track)%00%(upstream:remotename)%00%(upstream:remoteref) refs/heads/main refs/remotes/main [1ms]
2024-05-08 23:20:48.351 [info] > git status -z -uall [12ms]
2024-05-08 23:20:53.362 [info] > git config --get commit.template [5ms]
2024-05-08 23:20:53.362 [info] > git for-each-ref --format=%(refname)%00%(upstream:short)%00%(objectname)%00%(upstream:track)%00%(upstream:remotename)%00%(upstream:remoteref) refs/heads/main refs/remotes/main [1ms]
2024-05-08 23:20:53.379 [info] > git status -z -uall [14ms]
2024-05-08 23:20:58.396 [info] > git for-each-ref --format=%(refname)%00%(upstream:short)%00%(objectname)%00%(upstream:track)%00%(upstream:remotename)%00%(upstream:remoteref) refs/heads/main refs/remotes/main [4ms]
2024-05-08 23:20:58.396 [info] > git config --get commit.template [8ms]
2024-05-08 23:20:58.416 [info] > git status -z -uall [14ms]
2024-05-08 23:20:58.731 [info] > git ls-files --stage -- /home/kyawkyawlin/Laravel_Projects/personal/api/laravel8-api-auth-jwt/database/migrations/2014_10_12_100000_create_password_resets_table.php [1ms]
2024-05-08 23:20:58.734 [info] > git show --textconv :database/migrations/2014_10_12_100000_create_password_resets_table.php [7ms]
2024-05-08 23:20:58.736 [info] > git cat-file -s 0ee0a36a4f87c2f914288abfc133573d6a6324b7 [2ms]
2024-05-08 23:20:59.475 [info] > git show --textconv :database/migrations/2019_12_14_000001_create_personal_access_tokens_table.php [3ms]
2024-05-08 23:20:59.476 [info] > git ls-files --stage -- /home/kyawkyawlin/Laravel_Projects/personal/api/laravel8-api-auth-jwt/database/migrations/2019_12_14_000001_create_personal_access_tokens_table.php [1ms]
2024-05-08 23:20:59.480 [info] > git cat-file -s 4315e16a85a10fd1a6b3bb5521eaec1c0038e1ed [1ms]
2024-05-08 23:21:03.426 [info] > git config --get commit.template [4ms]
2024-05-08 23:21:03.427 [info] > git for-each-ref --format=%(refname)%00%(upstream:short)%00%(objectname)%00%(upstream:track)%00%(upstream:remotename)%00%(upstream:remoteref) refs/heads/main refs/remotes/main [2ms]
2024-05-08 23:21:03.444 [info] > git status -z -uall [13ms]
2024-05-08 23:30:27.647 [info] > git config --get commit.template [6ms]
2024-05-08 23:30:27.649 [info] > git for-each-ref --format=%(refname)%00%(upstream:short)%00%(objectname)%00%(upstream:track)%00%(upstream:remotename)%00%(upstream:remoteref) refs/heads/main refs/remotes/main [3ms]
2024-05-08 23:30:27.685 [info] > git status -z -uall [32ms]
2024-05-08 23:35:59.477 [info] > git config --get commit.template [3ms]
2024-05-08 23:35:59.484 [info] > git for-each-ref --format=%(refname)%00%(upstream:short)%00%(objectname)%00%(upstream:track)%00%(upstream:remotename)%00%(upstream:remoteref) refs/heads/main refs/remotes/main [2ms]
2024-05-08 23:35:59.502 [info] > git status -z -uall [15ms]
2024-05-08 23:36:04.511 [info] > git config --get commit.template [3ms]
2024-05-08 23:36:04.511 [info] > git for-each-ref --format=%(refname)%00%(upstream:short)%00%(objectname)%00%(upstream:track)%00%(upstream:remotename)%00%(upstream:remoteref) refs/heads/main refs/remotes/main [0ms]
2024-05-08 23:36:04.529 [info] > git status -z -uall [14ms]
2024-05-08 23:36:07.608 [info] > git ls-files --stage -- /home/kyawkyawlin/Laravel_Projects/personal/api/laravel8-api-auth-jwt/app/Http/Controllers/AuthController.php [2ms]
2024-05-08 23:36:07.612 [info] > git show --textconv :app/Http/Controllers/AuthController.php [11ms]
2024-05-08 23:36:07.612 [info] > git cat-file -s fa404c29c7bd4ff32e05281b67c09a061b2c8eb4 [1ms]
2024-05-08 23:36:09.539 [info] > git config --get commit.template [4ms]
2024-05-08 23:36:09.539 [info] > git for-each-ref --format=%(refname)%00%(upstream:short)%00%(objectname)%00%(upstream:track)%00%(upstream:remotename)%00%(upstream:remoteref) refs/heads/main refs/remotes/main [1ms]
2024-05-08 23:36:09.555 [info] > git status -z -uall [12ms]
2024-05-08 23:36:14.566 [info] > git config --get commit.template [3ms]
2024-05-08 23:36:14.567 [info] > git for-each-ref --format=%(refname)%00%(upstream:short)%00%(objectname)%00%(upstream:track)%00%(upstream:remotename)%00%(upstream:remoteref) refs/heads/main refs/remotes/main [1ms]
2024-05-08 23:36:14.582 [info] > git status -z -uall [12ms]
2024-05-08 23:37:41.261 [info] > git config --get commit.template [8ms]
2024-05-08 23:37:41.262 [info] > git for-each-ref --format=%(refname)%00%(upstream:short)%00%(objectname)%00%(upstream:track)%00%(upstream:remotename)%00%(upstream:remoteref) refs/heads/main refs/remotes/main [2ms]
2024-05-08 23:37:41.281 [info] > git status -z -uall [15ms]
2024-05-08 23:37:46.291 [info] > git config --get commit.template [3ms]
2024-05-08 23:37:46.292 [info] > git for-each-ref --format=%(refname)%00%(upstream:short)%00%(objectname)%00%(upstream:track)%00%(upstream:remotename)%00%(upstream:remoteref) refs/heads/main refs/remotes/main [1ms]
2024-05-08 23:37:46.307 [info] > git status -z -uall [12ms]
2024-05-08 23:37:51.316 [info] > git config --get commit.template [3ms]
2024-05-08 23:37:51.317 [info] > git for-each-ref --format=%(refname)%00%(upstream:short)%00%(objectname)%00%(upstream:track)%00%(upstream:remotename)%00%(upstream:remoteref) refs/heads/main refs/remotes/main [1ms]
2024-05-08 23:37:51.333 [info] > git status -z -uall [13ms]
2024-05-08 23:37:56.343 [info] > git config --get commit.template [3ms]
2024-05-08 23:37:56.344 [info] > git for-each-ref --format=%(refname)%00%(upstream:short)%00%(objectname)%00%(upstream:track)%00%(upstream:remotename)%00%(upstream:remoteref) refs/heads/main refs/remotes/main [1ms]
2024-05-08 23:37:56.359 [info] > git status -z -uall [12ms]
2024-05-08 23:38:01.421 [info] > git config --get commit.template [3ms]
2024-05-08 23:38:01.422 [info] > git for-each-ref --format=%(refname)%00%(upstream:short)%00%(objectname)%00%(upstream:track)%00%(upstream:remotename)%00%(upstream:remoteref) refs/heads/main refs/remotes/main [1ms]
2024-05-08 23:38:01.438 [info] > git status -z -uall [13ms]
2024-05-08 23:38:48.091 [info] > git config --get commit.template [8ms]
2024-05-08 23:38:48.093 [info] > git for-each-ref --format=%(refname)%00%(upstream:short)%00%(objectname)%00%(upstream:track)%00%(upstream:remotename)%00%(upstream:remoteref) refs/heads/main refs/remotes/main [4ms]
2024-05-08 23:38:48.113 [info] > git status -z -uall [15ms]
2024-05-08 23:40:00.645 [info] > git config --get commit.template [9ms]
2024-05-08 23:40:00.646 [info] > git for-each-ref --format=%(refname)%00%(upstream:short)%00%(objectname)%00%(upstream:track)%00%(upstream:remotename)%00%(upstream:remoteref) refs/heads/main refs/remotes/main [2ms]
2024-05-08 23:40:00.667 [info] > git status -z -uall [16ms]
2024-05-08 23:40:05.676 [info] > git config --get commit.template [3ms]
2024-05-08 23:40:05.677 [info] > git for-each-ref --format=%(refname)%00%(upstream:short)%00%(objectname)%00%(upstream:track)%00%(upstream:remotename)%00%(upstream:remoteref) refs/heads/main refs/remotes/main [1ms]
2024-05-08 23:40:05.697 [info] > git status -z -uall [17ms]
2024-05-08 23:40:10.706 [info] > git config --get commit.template [3ms]
2024-05-08 23:40:10.707 [info] > git for-each-ref --format=%(refname)%00%(upstream:short)%00%(objectname)%00%(upstream:track)%00%(upstream:remotename)%00%(upstream:remoteref) refs/heads/main refs/remotes/main [1ms]
2024-05-08 23:40:10.724 [info] > git status -z -uall [14ms]
2024-05-08 23:43:48.963 [info] > git config --get commit.template [8ms]
2024-05-08 23:43:48.963 [info] > git for-each-ref --format=%(refname)%00%(upstream:short)%00%(objectname)%00%(upstream:track)%00%(upstream:remotename)%00%(upstream:remoteref) refs/heads/main refs/remotes/main [1ms]
2024-05-08 23:43:48.983 [info] > git status -z -uall [14ms]
2024-05-08 23:43:53.994 [info] > git config --get commit.template [3ms]
2024-05-08 23:43:53.995 [info] > git for-each-ref --format=%(refname)%00%(upstream:short)%00%(objectname)%00%(upstream:track)%00%(upstream:remotename)%00%(upstream:remoteref) refs/heads/main refs/remotes/main [1ms]
2024-05-08 23:43:54.016 [info] > git status -z -uall [17ms]
2024-05-08 23:43:54.332 [info] > git ls-files --stage -- /home/kyawkyawlin/Laravel_Projects/personal/api/laravel8-api-auth-jwt/config/cors.php [1ms]
2024-05-08 23:43:54.335 [info] > git show --textconv :config/cors.php [8ms]
2024-05-08 23:43:54.335 [info] > git cat-file -s 8a39e6daa63dd3a4c07693f728ff136c05a3ed6e [1ms]
2024-05-08 23:43:58.371 [info] > git show --textconv :routes/api.php [6ms]
2024-05-08 23:43:58.371 [info] > git ls-files --stage -- /home/kyawkyawlin/Laravel_Projects/personal/api/laravel8-api-auth-jwt/routes/api.php [1ms]
2024-05-08 23:43:58.375 [info] > git cat-file -s 5aaa789fc57e36a1841cccdf1fca590ec0174d9f [1ms]
2024-05-08 23:43:59.990 [info] > git config --get commit.template [3ms]
2024-05-08 23:43:59.991 [info] > git for-each-ref --format=%(refname)%00%(upstream:short)%00%(objectname)%00%(upstream:track)%00%(upstream:remotename)%00%(upstream:remoteref) refs/heads/main refs/remotes/main [1ms]
2024-05-08 23:44:00.007 [info] > git status -z -uall [13ms]
2024-05-08 23:44:05.339 [info] > git config --get commit.template [3ms]
2024-05-08 23:44:05.340 [info] > git for-each-ref --format=%(refname)%00%(upstream:short)%00%(objectname)%00%(upstream:track)%00%(upstream:remotename)%00%(upstream:remoteref) refs/heads/main refs/remotes/main [1ms]
2024-05-08 23:44:05.356 [info] > git status -z -uall [13ms]
2024-05-08 23:44:10.365 [info] > git config --get commit.template [4ms]
2024-05-08 23:44:10.365 [info] > git for-each-ref --format=%(refname)%00%(upstream:short)%00%(objectname)%00%(upstream:track)%00%(upstream:remotename)%00%(upstream:remoteref) refs/heads/main refs/remotes/main [1ms]
2024-05-08 23:44:10.384 [info] > git status -z -uall [16ms]
2024-05-08 23:44:15.479 [info] > git config --get commit.template [3ms]
2024-05-08 23:44:15.480 [info] > git for-each-ref --format=%(refname)%00%(upstream:short)%00%(objectname)%00%(upstream:track)%00%(upstream:remotename)%00%(upstream:remoteref) refs/heads/main refs/remotes/main [1ms]
2024-05-08 23:44:15.497 [info] > git status -z -uall [14ms]
2024-05-08 23:44:20.507 [info] > git config --get commit.template [3ms]
2024-05-08 23:44:20.507 [info] > git for-each-ref --format=%(refname)%00%(upstream:short)%00%(objectname)%00%(upstream:track)%00%(upstream:remotename)%00%(upstream:remoteref) refs/heads/main refs/remotes/main [1ms]
2024-05-08 23:44:20.524 [info] > git status -z -uall [13ms]
2024-05-08 23:44:25.532 [info] > git config --get commit.template [4ms]
2024-05-08 23:44:25.532 [info] > git for-each-ref --format=%(refname)%00%(upstream:short)%00%(objectname)%00%(upstream:track)%00%(upstream:remotename)%00%(upstream:remoteref) refs/heads/main refs/remotes/main [1ms]
2024-05-08 23:44:25.548 [info] > git status -z -uall [12ms]
2024-05-08 23:44:31.133 [info] > git config --get commit.template [9ms]
2024-05-08 23:44:31.133 [info] > git for-each-ref --format=%(refname)%00%(upstream:short)%00%(objectname)%00%(upstream:track)%00%(upstream:remotename)%00%(upstream:remoteref) refs/heads/main refs/remotes/main [3ms]
2024-05-08 23:44:31.161 [info] > git status -z -uall [21ms]
2024-05-08 23:44:36.171 [info] > git config --get commit.template [3ms]
2024-05-08 23:44:36.172 [info] > git for-each-ref --format=%(refname)%00%(upstream:short)%00%(objectname)%00%(upstream:track)%00%(upstream:remotename)%00%(upstream:remoteref) refs/heads/main refs/remotes/main [1ms]
2024-05-08 23:44:36.187 [info] > git status -z -uall [12ms]
2024-05-08 23:44:50.011 [info] > git config --get commit.template [7ms]
2024-05-08 23:44:50.012 [info] > git for-each-ref --format=%(refname)%00%(upstream:short)%00%(objectname)%00%(upstream:track)%00%(upstream:remotename)%00%(upstream:remoteref) refs/heads/main refs/remotes/main [2ms]
2024-05-08 23:44:50.032 [info] > git status -z -uall [15ms]
2024-05-08 23:45:22.076 [info] > git config --get commit.template [12ms]
2024-05-08 23:45:22.079 [info] > git for-each-ref --format=%(refname)%00%(upstream:short)%00%(objectname)%00%(upstream:track)%00%(upstream:remotename)%00%(upstream:remoteref) refs/heads/main refs/remotes/main [3ms]
2024-05-08 23:45:22.097 [info] > git status -z -uall [14ms]
2024-05-08 23:45:27.108 [info] > git config --get commit.template [4ms]
2024-05-08 23:45:27.108 [info] > git for-each-ref --format=%(refname)%00%(upstream:short)%00%(objectname)%00%(upstream:track)%00%(upstream:remotename)%00%(upstream:remoteref) refs/heads/main refs/remotes/main [1ms]
2024-05-08 23:45:27.124 [info] > git status -z -uall [13ms]
2024-05-08 23:45:32.930 [info] > git show --textconv :app/Http/Controllers/AuthController.php [5ms]
2024-05-08 23:45:32.931 [info] > git ls-files --stage -- /home/kyawkyawlin/Laravel_Projects/personal/api/laravel8-api-auth-jwt/app/Http/Controllers/AuthController.php [2ms]
2024-05-08 23:45:32.939 [info] > git cat-file -s fa404c29c7bd4ff32e05281b67c09a061b2c8eb4 [1ms]
2024-05-08 23:45:35.119 [info] > git show --textconv :routes/api.php [5ms]
2024-05-08 23:45:35.120 [info] > git ls-files --stage -- /home/kyawkyawlin/Laravel_Projects/personal/api/laravel8-api-auth-jwt/routes/api.php [1ms]
2024-05-08 23:45:35.124 [info] > git cat-file -s 5aaa789fc57e36a1841cccdf1fca590ec0174d9f [1ms]
2024-05-08 23:45:35.966 [info] > git config --get commit.template [1ms]
2024-05-08 23:45:35.970 [info] > git for-each-ref --format=%(refname)%00%(upstream:short)%00%(objectname)%00%(upstream:track)%00%(upstream:remotename)%00%(upstream:remoteref) refs/heads/main refs/remotes/main [1ms]
2024-05-08 23:45:35.987 [info] > git status -z -uall [13ms]
2024-05-08 23:46:06.357 [info] > git config --get commit.template [10ms]
2024-05-08 23:46:06.358 [info] > git for-each-ref --format=%(refname)%00%(upstream:short)%00%(objectname)%00%(upstream:track)%00%(upstream:remotename)%00%(upstream:remoteref) refs/heads/main refs/remotes/main [2ms]
2024-05-08 23:46:06.376 [info] > git status -z -uall [14ms]
2024-05-08 23:46:11.746 [info] > git config --get commit.template [7ms]
2024-05-08 23:46:11.747 [info] > git for-each-ref --format=%(refname)%00%(upstream:short)%00%(objectname)%00%(upstream:track)%00%(upstream:remotename)%00%(upstream:remoteref) refs/heads/main refs/remotes/main [2ms]
2024-05-08 23:46:11.768 [info] > git status -z -uall [16ms]
2024-05-08 23:47:16.911 [info] > git config --get commit.template [11ms]
2024-05-08 23:47:16.912 [info] > git for-each-ref --format=%(refname)%00%(upstream:short)%00%(objectname)%00%(upstream:track)%00%(upstream:remotename)%00%(upstream:remoteref) refs/heads/main refs/remotes/main [2ms]
2024-05-08 23:47:16.948 [info] > git status -z -uall [28ms]
2024-05-08 23:47:17.985 [info] > git show --textconv :config/cors.php [4ms]
2024-05-08 23:47:17.986 [info] > git ls-files --stage -- /home/kyawkyawlin/Laravel_Projects/personal/api/laravel8-api-auth-jwt/config/cors.php [2ms]
2024-05-08 23:47:17.991 [info] > git cat-file -s 8a39e6daa63dd3a4c07693f728ff136c05a3ed6e [1ms]
2024-05-08 23:47:27.553 [info] > git config --get commit.template [14ms]
2024-05-08 23:47:27.555 [info] > git for-each-ref --format=%(refname)%00%(upstream:short)%00%(objectname)%00%(upstream:track)%00%(upstream:remotename)%00%(upstream:remoteref) refs/heads/main refs/remotes/main [2ms]
2024-05-08 23:47:27.576 [info] > git status -z -uall [15ms]
2024-05-08 23:47:32.588 [info] > git config --get commit.template [5ms]
2024-05-08 23:47:32.589 [info] > git for-each-ref --format=%(refname)%00%(upstream:short)%00%(objectname)%00%(upstream:track)%00%(upstream:remotename)%00%(upstream:remoteref) refs/heads/main refs/remotes/main [2ms]
2024-05-08 23:47:32.606 [info] > git status -z -uall [14ms]
2024-05-08 23:47:37.616 [info] > git config --get commit.template [3ms]
2024-05-08 23:47:37.617 [info] > git for-each-ref --format=%(refname)%00%(upstream:short)%00%(objectname)%00%(upstream:track)%00%(upstream:remotename)%00%(upstream:remoteref) refs/heads/main refs/remotes/main [1ms]
2024-05-08 23:47:37.633 [info] > git status -z -uall [13ms]
2024-05-08 23:47:44.401 [info] > git config --get commit.template [4ms]
2024-05-08 23:47:44.401 [info] > git for-each-ref --format=%(refname)%00%(upstream:short)%00%(objectname)%00%(upstream:track)%00%(upstream:remotename)%00%(upstream:remoteref) refs/heads/main refs/remotes/main [1ms]
2024-05-08 23:47:44.420 [info] > git status -z -uall [14ms]
2024-05-08 23:48:43.110 [info] > git config --get commit.template [8ms]
2024-05-08 23:48:43.110 [info] > git for-each-ref --format=%(refname)%00%(upstream:short)%00%(objectname)%00%(upstream:track)%00%(upstream:remotename)%00%(upstream:remoteref) refs/heads/main refs/remotes/main [1ms]
2024-05-08 23:48:43.138 [info] > git status -z -uall [21ms]
2024-05-08 23:49:05.411 [info] > git config --get commit.template [9ms]
2024-05-08 23:49:05.413 [info] > git for-each-ref --format=%(refname)%00%(upstream:short)%00%(objectname)%00%(upstream:track)%00%(upstream:remotename)%00%(upstream:remoteref) refs/heads/main refs/remotes/main [4ms]
2024-05-08 23:49:05.439 [info] > git status -z -uall [16ms]
2024-05-08 23:51:25.907 [info] > git config --get commit.template [2ms]
2024-05-08 23:51:25.916 [info] > git for-each-ref --format=%(refname)%00%(upstream:short)%00%(objectname)%00%(upstream:track)%00%(upstream:remotename)%00%(upstream:remoteref) refs/heads/main refs/remotes/main [4ms]
2024-05-08 23:51:25.953 [info] > git status -z -uall [23ms]
2024-05-08 23:51:27.789 [info] > git show --textconv :app/Http/Controllers/AuthController.php [4ms]
2024-05-08 23:51:27.789 [info] > git ls-files --stage -- /home/kyawkyawlin/Laravel_Projects/personal/api/laravel8-api-auth-jwt/app/Http/Controllers/AuthController.php [1ms]
2024-05-08 23:51:27.793 [info] > git cat-file -s fa404c29c7bd4ff32e05281b67c09a061b2c8eb4 [1ms]
2024-05-08 23:51:35.067 [info] > git config --get commit.template [10ms]
2024-05-08 23:51:35.067 [info] > git for-each-ref --format=%(refname)%00%(upstream:short)%00%(objectname)%00%(upstream:track)%00%(upstream:remotename)%00%(upstream:remoteref) refs/heads/main refs/remotes/main [1ms]
2024-05-08 23:51:35.088 [info] > git status -z -uall [16ms]
2024-05-08 23:51:42.166 [info] > git config --get commit.template [4ms]
2024-05-08 23:51:42.166 [info] > git for-each-ref --format=%(refname)%00%(upstream:short)%00%(objectname)%00%(upstream:track)%00%(upstream:remotename)%00%(upstream:remoteref) refs/heads/main refs/remotes/main [1ms]
2024-05-08 23:51:42.182 [info] > git status -z -uall [12ms]
2024-05-08 23:52:45.231 [info] > git config --get commit.template [13ms]
2024-05-08 23:52:45.231 [info] > git for-each-ref --format=%(refname)%00%(upstream:short)%00%(objectname)%00%(upstream:track)%00%(upstream:remotename)%00%(upstream:remoteref) refs/heads/main refs/remotes/main [1ms]
2024-05-08 23:52:45.254 [info] > git status -z -uall [15ms]
2024-05-08 23:52:46.895 [info] > git show --textconv :routes/api.php [4ms]
2024-05-08 23:52:46.896 [info] > git ls-files --stage -- /home/kyawkyawlin/Laravel_Projects/personal/api/laravel8-api-auth-jwt/routes/api.php [1ms]
2024-05-08 23:52:46.900 [info] > git cat-file -s 5aaa789fc57e36a1841cccdf1fca590ec0174d9f [1ms]
2024-05-08 23:52:47.424 [info] > git show --textconv :config/cors.php [8ms]
2024-05-08 23:52:47.425 [info] > git ls-files --stage -- /home/kyawkyawlin/Laravel_Projects/personal/api/laravel8-api-auth-jwt/config/cors.php [2ms]
2024-05-08 23:52:47.429 [info] > git cat-file -s 8a39e6daa63dd3a4c07693f728ff136c05a3ed6e [0ms]
2024-05-08 23:53:11.606 [info] > git config --get commit.template [8ms]
2024-05-08 23:53:11.607 [info] > git for-each-ref --format=%(refname)%00%(upstream:short)%00%(objectname)%00%(upstream:track)%00%(upstream:remotename)%00%(upstream:remoteref) refs/heads/main refs/remotes/main [2ms]
2024-05-08 23:53:11.628 [info] > git status -z -uall [16ms]
2024-05-08 23:53:16.637 [info] > git config --get commit.template [3ms]
2024-05-08 23:53:16.637 [info] > git for-each-ref --format=%(refname)%00%(upstream:short)%00%(objectname)%00%(upstream:track)%00%(upstream:remotename)%00%(upstream:remoteref) refs/heads/main refs/remotes/main [0ms]
2024-05-08 23:53:16.654 [info] > git status -z -uall [13ms]
2024-05-08 23:54:42.487 [info] > git config --get commit.template [9ms]
2024-05-08 23:54:42.488 [info] > git for-each-ref --format=%(refname)%00%(upstream:short)%00%(objectname)%00%(upstream:track)%00%(upstream:remotename)%00%(upstream:remoteref) refs/heads/main refs/remotes/main [2ms]
2024-05-08 23:54:42.506 [info] > git status -z -uall [13ms]
